[04-26 14:57:20,252, 2270] main.Main Starting at port: 8080
[04-26 14:57:21,243, 3261] org.hibernate.Version HHH000412: Hibernate Core {5.0.3.Final}
[04-26 14:57:21,245, 3263] org.hibernate.cfg.Environment HHH000206: hibernate.properties not found
[04-26 14:57:21,247, 3265] org.hibernate.cfg.Environment HHH000021: Bytecode provider name : javassist
[04-26 14:57:21,413, 3431] org.hibernate.annotations.common.Version HCANN000001: Hibernate Commons Annotations {5.0.0.Final}
[04-26 14:57:21,711, 3729] org.hibernate.engine.jdbc.connections.internal.DriverManagerConnectionProviderImpl HHH000402: Using Hibernate built-in connection pool (not for production use!)
[04-26 14:57:21,740, 3758] org.hibernate.engine.jdbc.connections.internal.DriverManagerConnectionProviderImpl HHH000401: using driver [com.mysql.jdbc.Driver] at URL [jdbc:mysql://localhost:3306/db_Poliglot]
[04-26 14:57:21,741, 3759] org.hibernate.engine.jdbc.connections.internal.DriverManagerConnectionProviderImpl HHH000046: Connection properties: {user=poliglot_game, password=****}
[04-26 14:57:21,743, 3761] org.hibernate.engine.jdbc.connections.internal.DriverManagerConnectionProviderImpl HHH000006: Autocommit mode: false
[04-26 14:57:21,746, 3764] org.hibernate.engine.jdbc.connections.internal.DriverManagerConnectionProviderImpl HHH000115: Hibernate connection pool size: 20 (min=1)
[04-26 14:57:22,465, 4483] org.hibernate.dialect.Dialect HHH000400: Using dialect: org.hibernate.dialect.MySQLDialect
[04-26 14:57:24,028, 6046] org.hibernate.tool.hbm2ddl.SchemaUpdate HHH000228: Running hbm2ddl schema update
[04-26 14:57:44,913, 26931] account.AccountServiceImpl Пользователь НЕ добавлен
[04-26 14:58:27,848, 69866] account.AccountServiceImpl Пользователь НЕ добавлен
[04-26 14:58:59,448, 101466] account.AccountServiceImpl Пользователь НЕ добавлен
[04-26 14:59:14,407, 116425] account.AccountServiceImpl Сессия добавлена: {2, snach, pass1, gjghk}
[04-26 14:59:27,180, 129198] account.AccountServiceImpl Сессия добавлена: {1, test1, testpass1, filloh}
[04-26 15:00:11,783, 173801] frontend.GameWebSocket Socket created for snach
[04-26 15:00:21,207, 183225] frontend.GameWebSocket Socket created for test1
[04-26 15:01:21,321, 243339] game.GameMechanicsImpl игра завершена для : test1 и snach
[04-26 15:03:11,913, 353931] frontend.GameWebSocket Socket created for snach
[04-26 15:03:21,736, 363754] frontend.GameWebSocket Socket created for test1
[04-26 15:03:42,227, 384245] frontend.GameWebSocket Closing socket status: 1001 reason: null
[04-26 15:04:21,765, 423783] game.GameMechanicsImpl игра завершена для : test1 и snach
[04-26 15:07:21,420, 603438] frontend.GameWebSocket Closing socket status: 1001 reason: Idle Timeout
[04-26 15:09:42,228, 744246] frontend.GameWebSocket Closing socket status: 1001 reason: Idle Timeout
