[04-24 14:22:20,668, 2619] main.Main Starting at port: 8080
[04-24 14:22:21,228, 3179] org.hibernate.Version HHH000412: Hibernate Core {5.0.3.Final}
[04-24 14:22:21,230, 3181] org.hibernate.cfg.Environment HHH000206: hibernate.properties not found
[04-24 14:22:21,232, 3183] org.hibernate.cfg.Environment HHH000021: Bytecode provider name : javassist
[04-24 14:22:21,287, 3238] org.hibernate.annotations.common.Version HCANN000001: Hibernate Commons Annotations {5.0.0.Final}
[04-24 14:22:21,391, 3342] org.hibernate.engine.jdbc.connections.internal.DriverManagerConnectionProviderImpl HHH000402: Using Hibernate built-in connection pool (not for production use!)
[04-24 14:22:21,400, 3351] org.hibernate.engine.jdbc.connections.internal.DriverManagerConnectionProviderImpl HHH000401: using driver [com.mysql.jdbc.Driver] at URL [jdbc:mysql://localhost:3306/db_Poliglot]
[04-24 14:22:21,400, 3351] org.hibernate.engine.jdbc.connections.internal.DriverManagerConnectionProviderImpl HHH000046: Connection properties: {user=poliglot_game, password=****}
[04-24 14:22:21,400, 3351] org.hibernate.engine.jdbc.connections.internal.DriverManagerConnectionProviderImpl HHH000006: Autocommit mode: false
[04-24 14:22:21,405, 3356] org.hibernate.engine.jdbc.connections.internal.DriverManagerConnectionProviderImpl HHH000115: Hibernate connection pool size: 20 (min=1)
[04-24 14:22:21,716, 3667] org.hibernate.dialect.Dialect HHH000400: Using dialect: org.hibernate.dialect.MySQLDialect
[04-24 14:22:22,266, 4217] org.hibernate.tool.hbm2ddl.SchemaUpdate HHH000228: Running hbm2ddl schema update
[04-24 14:23:15,224, 57175] account.AccountServiceImpl Сессия добавлена: {1, test1, testpass1, 1@mail.com}
[04-24 14:23:20,506, 62457] account.AccountServiceImpl Сессия добавлена: {2, snach, tac, snach123}
[04-24 14:23:26,447, 68398] frontend.GameWebSocket Socket created for snach
[04-24 14:23:32,382, 74333] frontend.GameWebSocket Socket created for test1
[04-24 14:23:32,560, 74511] game.GameMechanicsImpl 69
[04-24 14:23:32,663, 74614] game.GameMechanicsImpl 175
[04-24 14:23:32,764, 74715] game.GameMechanicsImpl 277
[04-24 14:23:32,870, 74821] game.GameMechanicsImpl 383
[04-24 14:23:32,974, 74925] game.GameMechanicsImpl 487
[04-24 14:23:33,078, 75029] game.GameMechanicsImpl 591
[04-24 14:23:33,179, 75130] game.GameMechanicsImpl 692
[04-24 14:23:33,280, 75231] game.GameMechanicsImpl 793
[04-24 14:23:33,380, 75331] game.GameMechanicsImpl 893
[04-24 14:23:33,483, 75434] game.GameMechanicsImpl 996
[04-24 14:23:33,585, 75536] game.GameMechanicsImpl 1098
[04-24 14:23:33,685, 75636] game.GameMechanicsImpl 1198
[04-24 14:23:33,788, 75739] game.GameMechanicsImpl 1301
[04-24 14:23:33,893, 75844] game.GameMechanicsImpl 1406
[04-24 14:23:33,996, 75947] game.GameMechanicsImpl 1509
[04-24 14:23:34,097, 76048] game.GameMechanicsImpl 1610
[04-24 14:23:34,202, 76153] game.GameMechanicsImpl 1715
[04-24 14:23:34,306, 76257] game.GameMechanicsImpl 1819
[04-24 14:23:34,410, 76361] game.GameMechanicsImpl 1923
[04-24 14:23:34,514, 76465] game.GameMechanicsImpl 2027
[04-24 14:23:34,619, 76570] game.GameMechanicsImpl 2132
[04-24 14:23:34,722, 76673] game.GameMechanicsImpl 2235
[04-24 14:23:34,827, 76778] game.GameMechanicsImpl 2340
[04-24 14:23:34,929, 76880] game.GameMechanicsImpl 2442
[04-24 14:23:35,029, 76980] game.GameMechanicsImpl 2542
[04-24 14:23:35,130, 77081] game.GameMechanicsImpl 2643
[04-24 14:23:35,230, 77181] game.GameMechanicsImpl 2743
[04-24 14:23:35,336, 77287] game.GameMechanicsImpl 2849
[04-24 14:23:35,441, 77392] game.GameMechanicsImpl 2954
[04-24 14:23:35,546, 77497] game.GameMechanicsImpl 3059
[04-24 14:23:35,647, 77598] game.GameMechanicsImpl 3160
[04-24 14:23:35,752, 77703] game.GameMechanicsImpl 3265
[04-24 14:23:35,853, 77804] game.GameMechanicsImpl 3366
[04-24 14:23:35,957, 77908] game.GameMechanicsImpl 3470
[04-24 14:23:36,057, 78008] game.GameMechanicsImpl 3570
[04-24 14:23:36,158, 78109] game.GameMechanicsImpl 3671
[04-24 14:23:36,262, 78213] game.GameMechanicsImpl 3775
[04-24 14:23:36,363, 78314] game.GameMechanicsImpl 3876
[04-24 14:23:36,468, 78419] game.GameMechanicsImpl 3981
[04-24 14:23:36,574, 78525] game.GameMechanicsImpl 4087
[04-24 14:23:36,678, 78629] game.GameMechanicsImpl 4191
[04-24 14:23:36,780, 78731] game.GameMechanicsImpl 4293
[04-24 14:23:36,885, 78836] game.GameMechanicsImpl 4398
[04-24 14:23:36,990, 78941] game.GameMechanicsImpl 4503
[04-24 14:23:37,095, 79046] game.GameMechanicsImpl 4608
[04-24 14:23:37,196, 79147] game.GameMechanicsImpl 4709
[04-24 14:23:37,301, 79252] game.GameMechanicsImpl 4814
[04-24 14:23:37,406, 79357] game.GameMechanicsImpl 4919
[04-24 14:23:37,508, 79459] game.GameMechanicsImpl 5021
[04-24 14:23:37,612, 79563] game.GameMechanicsImpl 5125
[04-24 14:23:37,716, 79667] game.GameMechanicsImpl 5229
[04-24 14:23:37,821, 79772] game.GameMechanicsImpl 5334
[04-24 14:23:37,922, 79873] game.GameMechanicsImpl 5435
[04-24 14:23:38,026, 79977] game.GameMechanicsImpl 5539
[04-24 14:23:38,129, 80080] game.GameMechanicsImpl 5642
[04-24 14:23:38,231, 80182] game.GameMechanicsImpl 5744
[04-24 14:23:38,332, 80283] game.GameMechanicsImpl 5845
[04-24 14:23:38,433, 80384] game.GameMechanicsImpl 5946
[04-24 14:23:38,533, 80484] game.GameMechanicsImpl 6046
[04-24 14:23:38,635, 80586] game.GameMechanicsImpl 6148
[04-24 14:23:38,737, 80688] game.GameMechanicsImpl 6250
[04-24 14:23:38,841, 80792] game.GameMechanicsImpl 6354
[04-24 14:23:38,944, 80895] game.GameMechanicsImpl 6457
[04-24 14:23:39,046, 80997] game.GameMechanicsImpl 6559
[04-24 14:23:39,149, 81100] game.GameMechanicsImpl 6662
[04-24 14:23:39,250, 81201] game.GameMechanicsImpl 6763
[04-24 14:23:39,351, 81302] game.GameMechanicsImpl 6864
[04-24 14:23:39,454, 81405] game.GameMechanicsImpl 6967
[04-24 14:23:39,558, 81509] game.GameMechanicsImpl 7071
[04-24 14:23:39,662, 81613] game.GameMechanicsImpl 7175
[04-24 14:23:39,763, 81714] game.GameMechanicsImpl 7276
[04-24 14:23:39,863, 81814] game.GameMechanicsImpl 7376
[04-24 14:23:39,965, 81916] game.GameMechanicsImpl 7478
[04-24 14:23:40,069, 82020] game.GameMechanicsImpl 7582
[04-24 14:23:40,174, 82125] game.GameMechanicsImpl 7687
[04-24 14:23:40,279, 82230] game.GameMechanicsImpl 7792
[04-24 14:23:40,380, 82331] game.GameMechanicsImpl 7893
[04-24 14:23:40,483, 82434] game.GameMechanicsImpl 7996
[04-24 14:23:40,585, 82536] game.GameMechanicsImpl 8098
[04-24 14:23:40,685, 82636] game.GameMechanicsImpl 8198
[04-24 14:23:40,787, 82738] game.GameMechanicsImpl 8300
[04-24 14:23:40,889, 82840] game.GameMechanicsImpl 8402
[04-24 14:23:40,993, 82944] game.GameMechanicsImpl 8506
[04-24 14:23:41,097, 83048] game.GameMechanicsImpl 8609
[04-24 14:23:41,201, 83152] game.GameMechanicsImpl 8714
[04-24 14:23:41,303, 83254] game.GameMechanicsImpl 8816
[04-24 14:23:41,407, 83358] game.GameMechanicsImpl 8920
[04-24 14:23:41,508, 83459] game.GameMechanicsImpl 9021
[04-24 14:23:41,614, 83565] game.GameMechanicsImpl 9127
[04-24 14:23:41,716, 83667] game.GameMechanicsImpl 9229
[04-24 14:23:41,821, 83772] game.GameMechanicsImpl 9334
[04-24 14:23:41,923, 83874] game.GameMechanicsImpl 9436
[04-24 14:23:42,028, 83979] game.GameMechanicsImpl 9541
[04-24 14:23:42,132, 84083] game.GameMechanicsImpl 9645
[04-24 14:23:42,236, 84187] game.GameMechanicsImpl 9749
[04-24 14:23:42,336, 84287] game.GameMechanicsImpl 9849
[04-24 14:23:42,438, 84389] game.GameMechanicsImpl 9951
[04-24 14:23:42,538, 84489] game.GameMechanicsImpl 10051
[04-24 14:23:42,642, 84593] game.GameMechanicsImpl 10155
[04-24 14:23:42,745, 84696] game.GameMechanicsImpl 10258
[04-24 14:23:42,848, 84799] game.GameMechanicsImpl 10361
[04-24 14:23:42,951, 84902] game.GameMechanicsImpl 10464
[04-24 14:23:43,052, 85003] game.GameMechanicsImpl 10565
[04-24 14:23:43,154, 85105] game.GameMechanicsImpl 10667
[04-24 14:23:43,254, 85205] game.GameMechanicsImpl 10767
[04-24 14:23:43,356, 85307] game.GameMechanicsImpl 10869
[04-24 14:23:43,460, 85411] game.GameMechanicsImpl 10973
[04-24 14:23:43,564, 85515] game.GameMechanicsImpl 11077
[04-24 14:23:43,668, 85619] game.GameMechanicsImpl 11181
[04-24 14:23:43,770, 85721] game.GameMechanicsImpl 11283
[04-24 14:23:43,873, 85824] game.GameMechanicsImpl 11386
[04-24 14:23:43,977, 85928] game.GameMechanicsImpl 11490
[04-24 14:23:44,081, 86032] game.GameMechanicsImpl 11594
[04-24 14:23:44,186, 86137] game.GameMechanicsImpl 11699
[04-24 14:23:44,287, 86238] game.GameMechanicsImpl 11800
[04-24 14:23:44,392, 86343] game.GameMechanicsImpl 11905
[04-24 14:23:44,492, 86443] game.GameMechanicsImpl 12005
[04-24 14:23:44,596, 86547] game.GameMechanicsImpl 12109
[04-24 14:23:44,698, 86649] game.GameMechanicsImpl 12211
[04-24 14:23:44,802, 86753] game.GameMechanicsImpl 12315
[04-24 14:23:44,902, 86853] game.GameMechanicsImpl 12415
[04-24 14:23:45,007, 86958] game.GameMechanicsImpl 12520
[04-24 14:23:45,111, 87062] game.GameMechanicsImpl 12624
[04-24 14:23:45,214, 87165] game.GameMechanicsImpl 12727
[04-24 14:23:45,318, 87269] game.GameMechanicsImpl 12831
[04-24 14:23:45,422, 87373] game.GameMechanicsImpl 12935
[04-24 14:23:45,527, 87478] game.GameMechanicsImpl 13040
[04-24 14:23:45,631, 87582] game.GameMechanicsImpl 13143
[04-24 14:23:45,733, 87684] game.GameMechanicsImpl 13246
[04-24 14:23:45,836, 87787] game.GameMechanicsImpl 13349
[04-24 14:23:45,942, 87893] game.GameMechanicsImpl 13455
[04-24 14:23:46,042, 87993] game.GameMechanicsImpl 13555
[04-24 14:23:46,147, 88098] game.GameMechanicsImpl 13660
[04-24 14:23:46,250, 88201] game.GameMechanicsImpl 13763
[04-24 14:23:46,353, 88304] game.GameMechanicsImpl 13866
[04-24 14:23:46,454, 88405] game.GameMechanicsImpl 13967
[04-24 14:23:46,558, 88509] game.GameMechanicsImpl 14070
[04-24 14:23:46,659, 88610] game.GameMechanicsImpl 14172
[04-24 14:23:46,762, 88713] game.GameMechanicsImpl 14275
[04-24 14:23:46,864, 88815] game.GameMechanicsImpl 14377
[04-24 14:23:46,967, 88918] game.GameMechanicsImpl 14480
[04-24 14:23:47,071, 89022] game.GameMechanicsImpl 14584
[04-24 14:23:47,173, 89124] game.GameMechanicsImpl 14686
[04-24 14:23:47,277, 89228] game.GameMechanicsImpl 14790
[04-24 14:23:47,381, 89332] game.GameMechanicsImpl 14894
[04-24 14:23:47,483, 89434] game.GameMechanicsImpl 14996
[04-24 14:23:47,585, 89536] game.GameMechanicsImpl 15098
[04-24 14:23:47,689, 89640] game.GameMechanicsImpl 15202
[04-24 14:23:47,793, 89744] game.GameMechanicsImpl 15306
[04-24 14:23:47,897, 89848] game.GameMechanicsImpl 15410
[04-24 14:23:48,002, 89953] game.GameMechanicsImpl 15515
[04-24 14:23:48,107, 90058] game.GameMechanicsImpl 15619
[04-24 14:23:48,210, 90161] game.GameMechanicsImpl 15723
[04-24 14:23:48,315, 90266] game.GameMechanicsImpl 15828
[04-24 14:23:48,417, 90368] game.GameMechanicsImpl 15930
[04-24 14:23:48,520, 90471] game.GameMechanicsImpl 16033
[04-24 14:23:48,623, 90574] game.GameMechanicsImpl 16136
[04-24 14:23:48,727, 90678] game.GameMechanicsImpl 16240
[04-24 14:23:48,830, 90781] game.GameMechanicsImpl 16343
[04-24 14:23:48,934, 90885] game.GameMechanicsImpl 16447
[04-24 14:23:49,036, 90987] game.GameMechanicsImpl 16549
[04-24 14:23:49,140, 91091] game.GameMechanicsImpl 16653
[04-24 14:23:49,244, 91195] game.GameMechanicsImpl 16757
[04-24 14:23:49,347, 91298] game.GameMechanicsImpl 16860
[04-24 14:23:49,448, 91399] game.GameMechanicsImpl 16961
[04-24 14:23:49,551, 91502] game.GameMechanicsImpl 17064
[04-24 14:23:49,652, 91603] game.GameMechanicsImpl 17165
[04-24 14:23:49,755, 91706] game.GameMechanicsImpl 17268
[04-24 14:23:49,860, 91811] game.GameMechanicsImpl 17373
[04-24 14:23:49,964, 91915] game.GameMechanicsImpl 17477
[04-24 14:23:50,064, 92015] game.GameMechanicsImpl 17577
[04-24 14:23:50,165, 92116] game.GameMechanicsImpl 17678
[04-24 14:23:50,265, 92216] game.GameMechanicsImpl 17778
[04-24 14:23:50,366, 92317] game.GameMechanicsImpl 17879
[04-24 14:23:50,471, 92422] game.GameMechanicsImpl 17984
[04-24 14:23:50,576, 92527] game.GameMechanicsImpl 18089
[04-24 14:23:50,680, 92631] game.GameMechanicsImpl 18193
[04-24 14:23:50,783, 92734] game.GameMechanicsImpl 18296
[04-24 14:23:50,888, 92839] game.GameMechanicsImpl 18401
[04-24 14:23:50,991, 92942] game.GameMechanicsImpl 18504
[04-24 14:23:51,091, 93042] game.GameMechanicsImpl 18604
[04-24 14:23:51,191, 93142] game.GameMechanicsImpl 18704
[04-24 14:23:51,292, 93243] game.GameMechanicsImpl 18805
[04-24 14:23:51,397, 93348] game.GameMechanicsImpl 18910
[04-24 14:23:51,502, 93453] game.GameMechanicsImpl 19015
[04-24 14:23:51,604, 93555] game.GameMechanicsImpl 19117
[04-24 14:23:51,708, 93659] game.GameMechanicsImpl 19221
[04-24 14:23:51,813, 93764] game.GameMechanicsImpl 19326
[04-24 14:23:51,916, 93867] game.GameMechanicsImpl 19429
[04-24 14:23:52,017, 93968] game.GameMechanicsImpl 19530
[04-24 14:23:52,121, 94072] game.GameMechanicsImpl 19633
[04-24 14:23:52,225, 94176] game.GameMechanicsImpl 19738
[04-24 14:23:52,329, 94280] game.GameMechanicsImpl 19842
[04-24 14:23:52,431, 94382] game.GameMechanicsImpl 19944
[04-24 14:23:52,534, 94485] game.GameMechanicsImpl 20047
[04-24 14:23:52,637, 94588] game.GameMechanicsImpl 20150
[04-24 14:23:52,743, 94694] game.GameMechanicsImpl 20256
[04-24 14:23:52,848, 94799] game.GameMechanicsImpl 20361
[04-24 14:23:52,953, 94904] game.GameMechanicsImpl 20466
[04-24 14:23:53,054, 95005] game.GameMechanicsImpl 20567
[04-24 14:23:53,156, 95107] game.GameMechanicsImpl 20669
[04-24 14:23:53,256, 95207] game.GameMechanicsImpl 20769
[04-24 14:23:53,361, 95312] game.GameMechanicsImpl 20874
[04-24 14:23:53,464, 95415] game.GameMechanicsImpl 20977
[04-24 14:23:53,567, 95518] game.GameMechanicsImpl 21080
[04-24 14:23:53,668, 95619] game.GameMechanicsImpl 21181
[04-24 14:23:53,773, 95724] game.GameMechanicsImpl 21286
[04-24 14:23:53,877, 95828] game.GameMechanicsImpl 21390
[04-24 14:23:53,981, 95932] game.GameMechanicsImpl 21494
[04-24 14:23:54,086, 96037] game.GameMechanicsImpl 21599
[04-24 14:23:54,189, 96140] game.GameMechanicsImpl 21702
[04-24 14:23:54,291, 96242] game.GameMechanicsImpl 21804
[04-24 14:23:54,392, 96343] game.GameMechanicsImpl 21905
[04-24 14:23:54,494, 96445] game.GameMechanicsImpl 22007
[04-24 14:23:54,598, 96549] game.GameMechanicsImpl 22111
[04-24 14:23:54,699, 96650] game.GameMechanicsImpl 22212
[04-24 14:23:54,802, 96753] game.GameMechanicsImpl 22315
[04-24 14:23:54,907, 96858] game.GameMechanicsImpl 22420
[04-24 14:23:55,008, 96959] game.GameMechanicsImpl 22521
[04-24 14:23:55,111, 97062] game.GameMechanicsImpl 22624
[04-24 14:23:55,214, 97165] game.GameMechanicsImpl 22727
[04-24 14:23:55,318, 97269] game.GameMechanicsImpl 22831
[04-24 14:23:55,422, 97373] game.GameMechanicsImpl 22935
[04-24 14:23:55,523, 97474] game.GameMechanicsImpl 23036
[04-24 14:23:55,628, 97579] game.GameMechanicsImpl 23141
[04-24 14:23:55,732, 97683] game.GameMechanicsImpl 23245
[04-24 14:23:55,835, 97786] game.GameMechanicsImpl 23348
[04-24 14:23:55,939, 97890] game.GameMechanicsImpl 23452
[04-24 14:23:56,042, 97993] game.GameMechanicsImpl 23555
[04-24 14:23:56,145, 98096] game.GameMechanicsImpl 23658
[04-24 14:23:56,248, 98199] game.GameMechanicsImpl 23761
[04-24 14:23:56,348, 98299] game.GameMechanicsImpl 23861
[04-24 14:23:56,453, 98404] game.GameMechanicsImpl 23966
[04-24 14:23:56,554, 98505] game.GameMechanicsImpl 24067
[04-24 14:23:56,659, 98610] game.GameMechanicsImpl 24172
[04-24 14:23:56,764, 98715] game.GameMechanicsImpl 24277
[04-24 14:23:56,868, 98819] game.GameMechanicsImpl 24381
[04-24 14:23:56,971, 98922] game.GameMechanicsImpl 24484
[04-24 14:23:57,075, 99026] game.GameMechanicsImpl 24588
[04-24 14:23:57,179, 99130] game.GameMechanicsImpl 24692
[04-24 14:23:57,283, 99234] game.GameMechanicsImpl 24796
[04-24 14:23:57,388, 99339] game.GameMechanicsImpl 24901
[04-24 14:23:57,491, 99442] game.GameMechanicsImpl 25004
[04-24 14:23:57,593, 99544] game.GameMechanicsImpl 25106
[04-24 14:23:57,698, 99649] game.GameMechanicsImpl 25211
[04-24 14:23:57,802, 99753] game.GameMechanicsImpl 25315
[04-24 14:23:57,904, 99855] game.GameMechanicsImpl 25417
[04-24 14:23:58,007, 99958] game.GameMechanicsImpl 25520
[04-24 14:23:58,112, 100063] game.GameMechanicsImpl 25625
[04-24 14:23:58,214, 100165] game.GameMechanicsImpl 25727
[04-24 14:23:58,314, 100265] game.GameMechanicsImpl 25827
[04-24 14:23:58,420, 100371] game.GameMechanicsImpl 25933
[04-24 14:23:58,523, 100474] game.GameMechanicsImpl 26036
[04-24 14:23:58,626, 100577] game.GameMechanicsImpl 26139
[04-24 14:23:58,730, 100681] game.GameMechanicsImpl 26243
[04-24 14:23:58,834, 100785] game.GameMechanicsImpl 26347
[04-24 14:23:58,939, 100890] game.GameMechanicsImpl 26452
[04-24 14:23:59,042, 100993] game.GameMechanicsImpl 26555
[04-24 14:23:59,147, 101098] game.GameMechanicsImpl 26660
[04-24 14:23:59,251, 101202] game.GameMechanicsImpl 26764
[04-24 14:23:59,353, 101304] game.GameMechanicsImpl 26865
[04-24 14:23:59,457, 101408] game.GameMechanicsImpl 26970
[04-24 14:23:59,558, 101509] game.GameMechanicsImpl 27071
[04-24 14:23:59,661, 101612] game.GameMechanicsImpl 27174
[04-24 14:23:59,765, 101716] game.GameMechanicsImpl 27278
[04-24 14:23:59,869, 101820] game.GameMechanicsImpl 27382
[04-24 14:23:59,970, 101921] game.GameMechanicsImpl 27483
[04-24 14:24:00,071, 102022] game.GameMechanicsImpl 27584
[04-24 14:24:00,175, 102126] game.GameMechanicsImpl 27688
[04-24 14:24:00,276, 102227] game.GameMechanicsImpl 27789
[04-24 14:24:00,378, 102329] game.GameMechanicsImpl 27891
[04-24 14:24:00,481, 102432] game.GameMechanicsImpl 27994
[04-24 14:24:00,583, 102534] game.GameMechanicsImpl 28096
[04-24 14:24:00,685, 102636] game.GameMechanicsImpl 28198
[04-24 14:24:00,789, 102740] game.GameMechanicsImpl 28302
[04-24 14:24:00,893, 102844] game.GameMechanicsImpl 28406
[04-24 14:24:00,997, 102948] game.GameMechanicsImpl 28510
[04-24 14:24:01,100, 103051] game.GameMechanicsImpl 28613
[04-24 14:24:01,205, 103156] game.GameMechanicsImpl 28718
[04-24 14:24:01,307, 103258] game.GameMechanicsImpl 28820
[04-24 14:24:01,411, 103362] game.GameMechanicsImpl 28924
[04-24 14:24:01,514, 103465] game.GameMechanicsImpl 29027
[04-24 14:24:01,620, 103571] game.GameMechanicsImpl 29133
[04-24 14:24:01,725, 103676] game.GameMechanicsImpl 29238
[04-24 14:24:01,827, 103778] game.GameMechanicsImpl 29340
[04-24 14:24:01,932, 103883] game.GameMechanicsImpl 29445
[04-24 14:24:02,035, 103986] game.GameMechanicsImpl 29548
[04-24 14:24:02,138, 104089] game.GameMechanicsImpl 29651
[04-24 14:24:02,239, 104190] game.GameMechanicsImpl 29752
[04-24 14:24:02,341, 104292] game.GameMechanicsImpl 29854
[04-24 14:24:02,444, 104395] game.GameMechanicsImpl 29957
[04-24 14:24:02,548, 104499] game.GameMechanicsImpl 30061
[04-24 14:24:02,649, 104600] game.GameMechanicsImpl 30162
[04-24 14:24:02,754, 104705] game.GameMechanicsImpl 30267
[04-24 14:24:02,858, 104809] game.GameMechanicsImpl 30371
[04-24 14:24:02,961, 104912] game.GameMechanicsImpl 30474
[04-24 14:24:03,065, 105016] game.GameMechanicsImpl 30578
[04-24 14:24:03,170, 105121] game.GameMechanicsImpl 30683
[04-24 14:24:03,275, 105226] game.GameMechanicsImpl 30788
[04-24 14:24:03,379, 105330] game.GameMechanicsImpl 30892
[04-24 14:24:03,482, 105433] game.GameMechanicsImpl 30995
[04-24 14:24:03,585, 105536] game.GameMechanicsImpl 31098
[04-24 14:24:03,689, 105640] game.GameMechanicsImpl 31202
[04-24 14:24:03,791, 105742] game.GameMechanicsImpl 31304
[04-24 14:24:03,895, 105846] game.GameMechanicsImpl 31408
[04-24 14:24:03,998, 105949] game.GameMechanicsImpl 31511
[04-24 14:24:04,100, 106051] game.GameMechanicsImpl 31612
[04-24 14:24:04,205, 106156] game.GameMechanicsImpl 31718
[04-24 14:24:04,308, 106259] game.GameMechanicsImpl 31821
[04-24 14:24:04,413, 106364] game.GameMechanicsImpl 31926
[04-24 14:24:04,517, 106468] game.GameMechanicsImpl 32030
[04-24 14:24:04,620, 106571] game.GameMechanicsImpl 32133
[04-24 14:24:04,723, 106674] game.GameMechanicsImpl 32236
[04-24 14:24:04,825, 106776] game.GameMechanicsImpl 32338
[04-24 14:24:04,928, 106879] game.GameMechanicsImpl 32441
[04-24 14:24:05,032, 106983] game.GameMechanicsImpl 32545
[04-24 14:24:05,133, 107084] game.GameMechanicsImpl 32646
[04-24 14:24:05,237, 107188] game.GameMechanicsImpl 32750
[04-24 14:24:05,337, 107288] game.GameMechanicsImpl 32850
[04-24 14:24:05,440, 107391] game.GameMechanicsImpl 32953
[04-24 14:24:05,544, 107495] game.GameMechanicsImpl 33057
[04-24 14:24:05,649, 107600] game.GameMechanicsImpl 33162
[04-24 14:24:05,750, 107701] game.GameMechanicsImpl 33263
[04-24 14:24:05,855, 107806] game.GameMechanicsImpl 33368
[04-24 14:24:05,957, 107908] game.GameMechanicsImpl 33470
[04-24 14:24:06,059, 108010] game.GameMechanicsImpl 33572
[04-24 14:24:06,161, 108112] game.GameMechanicsImpl 33674
[04-24 14:24:06,266, 108217] game.GameMechanicsImpl 33779
[04-24 14:24:06,370, 108321] game.GameMechanicsImpl 33883
[04-24 14:24:06,472, 108423] game.GameMechanicsImpl 33985
[04-24 14:24:06,573, 108524] game.GameMechanicsImpl 34085
[04-24 14:24:06,677, 108628] game.GameMechanicsImpl 34189
[04-24 14:24:06,782, 108733] game.GameMechanicsImpl 34295
[04-24 14:24:06,885, 108836] game.GameMechanicsImpl 34398
[04-24 14:24:06,989, 108940] game.GameMechanicsImpl 34502
[04-24 14:24:07,094, 109045] game.GameMechanicsImpl 34607
[04-24 14:24:07,199, 109150] game.GameMechanicsImpl 34712
[04-24 14:24:07,303, 109254] game.GameMechanicsImpl 34816
[04-24 14:24:07,406, 109357] game.GameMechanicsImpl 34919
[04-24 14:24:07,510, 109461] game.GameMechanicsImpl 35023
[04-24 14:24:07,612, 109563] game.GameMechanicsImpl 35125
[04-24 14:24:07,716, 109667] game.GameMechanicsImpl 35229
[04-24 14:24:07,821, 109772] game.GameMechanicsImpl 35334
[04-24 14:24:07,923, 109874] game.GameMechanicsImpl 35435
[04-24 14:24:08,026, 109977] game.GameMechanicsImpl 35539
[04-24 14:24:08,132, 110083] game.GameMechanicsImpl 35644
[04-24 14:24:08,237, 110188] game.GameMechanicsImpl 35750
[04-24 14:24:08,341, 110292] game.GameMechanicsImpl 35854
[04-24 14:24:08,444, 110395] game.GameMechanicsImpl 35957
[04-24 14:24:08,546, 110497] game.GameMechanicsImpl 36059
[04-24 14:24:08,650, 110601] game.GameMechanicsImpl 36163
[04-24 14:24:08,751, 110702] game.GameMechanicsImpl 36264
[04-24 14:24:08,856, 110807] game.GameMechanicsImpl 36369
[04-24 14:24:08,961, 110912] game.GameMechanicsImpl 36474
[04-24 14:24:09,065, 111016] game.GameMechanicsImpl 36578
[04-24 14:24:09,166, 111117] game.GameMechanicsImpl 36679
[04-24 14:24:09,267, 111218] game.GameMechanicsImpl 36780
[04-24 14:24:09,372, 111323] game.GameMechanicsImpl 36885
[04-24 14:24:09,474, 111425] game.GameMechanicsImpl 36987
[04-24 14:24:09,580, 111531] game.GameMechanicsImpl 37092
[04-24 14:24:09,682, 111633] game.GameMechanicsImpl 37195
[04-24 14:24:09,783, 111734] game.GameMechanicsImpl 37296
[04-24 14:24:09,887, 111838] game.GameMechanicsImpl 37400
[04-24 14:24:09,990, 111941] game.GameMechanicsImpl 37503
[04-24 14:24:10,092, 112043] game.GameMechanicsImpl 37605
[04-24 14:24:10,194, 112145] game.GameMechanicsImpl 37707
[04-24 14:24:10,299, 112250] game.GameMechanicsImpl 37812
[04-24 14:24:10,404, 112355] game.GameMechanicsImpl 37917
[04-24 14:24:10,508, 112459] game.GameMechanicsImpl 38021
[04-24 14:24:10,609, 112560] game.GameMechanicsImpl 38122
[04-24 14:24:10,713, 112664] game.GameMechanicsImpl 38226
[04-24 14:24:10,817, 112768] game.GameMechanicsImpl 38330
[04-24 14:24:10,917, 112868] game.GameMechanicsImpl 38430
[04-24 14:24:11,022, 112973] game.GameMechanicsImpl 38535
[04-24 14:24:11,127, 113078] game.GameMechanicsImpl 38640
[04-24 14:24:11,229, 113180] game.GameMechanicsImpl 38742
[04-24 14:24:11,333, 113284] game.GameMechanicsImpl 38846
[04-24 14:24:11,438, 113389] game.GameMechanicsImpl 38951
[04-24 14:24:11,544, 113495] game.GameMechanicsImpl 39057
[04-24 14:24:11,645, 113596] game.GameMechanicsImpl 39158
[04-24 14:24:11,750, 113701] game.GameMechanicsImpl 39263
[04-24 14:24:11,854, 113805] game.GameMechanicsImpl 39367
[04-24 14:24:11,955, 113906] game.GameMechanicsImpl 39468
[04-24 14:24:12,058, 114009] game.GameMechanicsImpl 39571
[04-24 14:24:12,159, 114110] game.GameMechanicsImpl 39672
[04-24 14:24:12,261, 114212] game.GameMechanicsImpl 39774
[04-24 14:24:12,366, 114317] game.GameMechanicsImpl 39879
[04-24 14:24:12,468, 114419] game.GameMechanicsImpl 39981
[04-24 14:24:12,572, 114523] game.GameMechanicsImpl 40085
[04-24 14:24:12,672, 114623] game.GameMechanicsImpl 40185
[04-24 14:24:12,773, 114724] game.GameMechanicsImpl 40286
[04-24 14:24:12,874, 114825] game.GameMechanicsImpl 40387
[04-24 14:24:12,977, 114928] game.GameMechanicsImpl 40490
[04-24 14:24:13,077, 115028] game.GameMechanicsImpl 40590
[04-24 14:24:13,178, 115129] game.GameMechanicsImpl 40691
[04-24 14:24:13,283, 115234] game.GameMechanicsImpl 40796
[04-24 14:24:13,384, 115335] game.GameMechanicsImpl 40897
[04-24 14:24:13,489, 115440] game.GameMechanicsImpl 41002
[04-24 14:24:13,592, 115543] game.GameMechanicsImpl 41105
[04-24 14:24:13,697, 115648] game.GameMechanicsImpl 41210
[04-24 14:24:13,802, 115753] game.GameMechanicsImpl 41315
[04-24 14:24:13,905, 115856] game.GameMechanicsImpl 41418
[04-24 14:24:14,007, 115958] game.GameMechanicsImpl 41520
[04-24 14:24:14,110, 116061] game.GameMechanicsImpl 41623
[04-24 14:24:14,212, 116163] game.GameMechanicsImpl 41725
[04-24 14:24:14,316, 116267] game.GameMechanicsImpl 41829
[04-24 14:24:14,421, 116372] game.GameMechanicsImpl 41934
[04-24 14:24:14,523, 116474] game.GameMechanicsImpl 42036
[04-24 14:24:14,628, 116579] game.GameMechanicsImpl 42141
[04-24 14:24:14,729, 116680] game.GameMechanicsImpl 42242
[04-24 14:24:14,833, 116784] game.GameMechanicsImpl 42346
[04-24 14:24:14,933, 116884] game.GameMechanicsImpl 42446
[04-24 14:24:15,034, 116985] game.GameMechanicsImpl 42547
[04-24 14:24:15,138, 117089] game.GameMechanicsImpl 42651
[04-24 14:24:15,243, 117194] game.GameMechanicsImpl 42756
[04-24 14:24:15,345, 117296] game.GameMechanicsImpl 42858
[04-24 14:24:15,450, 117401] game.GameMechanicsImpl 42963
[04-24 14:24:15,555, 117506] game.GameMechanicsImpl 43068
[04-24 14:24:15,657, 117608] game.GameMechanicsImpl 43170
[04-24 14:24:15,762, 117713] game.GameMechanicsImpl 43275
[04-24 14:24:15,867, 117818] game.GameMechanicsImpl 43380
[04-24 14:24:15,967, 117918] game.GameMechanicsImpl 43480
[04-24 14:24:16,071, 118022] game.GameMechanicsImpl 43584
[04-24 14:24:16,171, 118122] game.GameMechanicsImpl 43684
[04-24 14:24:16,273, 118224] game.GameMechanicsImpl 43785
[04-24 14:24:16,374, 118325] game.GameMechanicsImpl 43887
[04-24 14:24:16,474, 118425] game.GameMechanicsImpl 43987
[04-24 14:24:16,579, 118530] game.GameMechanicsImpl 44092
[04-24 14:24:16,683, 118634] game.GameMechanicsImpl 44196
[04-24 14:24:16,784, 118735] game.GameMechanicsImpl 44297
[04-24 14:24:16,885, 118836] game.GameMechanicsImpl 44398
[04-24 14:24:16,988, 118939] game.GameMechanicsImpl 44501
[04-24 14:24:17,089, 119040] game.GameMechanicsImpl 44602
[04-24 14:24:17,193, 119144] game.GameMechanicsImpl 44706
[04-24 14:24:17,296, 119247] game.GameMechanicsImpl 44809
[04-24 14:24:17,401, 119352] game.GameMechanicsImpl 44914
[04-24 14:24:17,502, 119453] game.GameMechanicsImpl 45015
[04-24 14:24:17,603, 119554] game.GameMechanicsImpl 45116
[04-24 14:24:17,705, 119656] game.GameMechanicsImpl 45218
[04-24 14:24:17,806, 119757] game.GameMechanicsImpl 45319
[04-24 14:24:17,906, 119857] game.GameMechanicsImpl 45419
[04-24 14:24:18,010, 119961] game.GameMechanicsImpl 45523
[04-24 14:24:18,115, 120066] game.GameMechanicsImpl 45628
[04-24 14:24:18,218, 120169] game.GameMechanicsImpl 45731
[04-24 14:24:18,319, 120270] game.GameMechanicsImpl 45832
[04-24 14:24:18,420, 120371] game.GameMechanicsImpl 45933
[04-24 14:24:18,522, 120473] game.GameMechanicsImpl 46035
[04-24 14:24:18,625, 120576] game.GameMechanicsImpl 46138
[04-24 14:24:18,725, 120676] game.GameMechanicsImpl 46238
[04-24 14:24:18,829, 120780] game.GameMechanicsImpl 46342
[04-24 14:24:18,930, 120881] game.GameMechanicsImpl 46443
[04-24 14:24:19,034, 120985] game.GameMechanicsImpl 46547
[04-24 14:24:19,137, 121088] game.GameMechanicsImpl 46650
[04-24 14:24:19,241, 121192] game.GameMechanicsImpl 46754
[04-24 14:24:19,344, 121295] game.GameMechanicsImpl 46857
[04-24 14:24:19,449, 121400] game.GameMechanicsImpl 46962
[04-24 14:24:19,552, 121503] game.GameMechanicsImpl 47065
[04-24 14:24:19,653, 121604] game.GameMechanicsImpl 47166
[04-24 14:24:19,756, 121707] game.GameMechanicsImpl 47269
[04-24 14:24:19,862, 121813] game.GameMechanicsImpl 47375
[04-24 14:24:19,963, 121914] game.GameMechanicsImpl 47476
[04-24 14:24:20,068, 122019] game.GameMechanicsImpl 47581
[04-24 14:24:20,172, 122123] game.GameMechanicsImpl 47685
[04-24 14:24:20,273, 122224] game.GameMechanicsImpl 47786
[04-24 14:24:20,378, 122329] game.GameMechanicsImpl 47891
[04-24 14:24:20,483, 122434] game.GameMechanicsImpl 47996
[04-24 14:24:20,587, 122538] game.GameMechanicsImpl 48100
[04-24 14:24:20,691, 122642] game.GameMechanicsImpl 48204
[04-24 14:24:20,794, 122745] game.GameMechanicsImpl 48307
[04-24 14:24:20,896, 122847] game.GameMechanicsImpl 48409
[04-24 14:24:21,000, 122951] game.GameMechanicsImpl 48513
[04-24 14:24:21,101, 123052] game.GameMechanicsImpl 48614
[04-24 14:24:21,204, 123155] game.GameMechanicsImpl 48717
[04-24 14:24:21,305, 123256] game.GameMechanicsImpl 48818
[04-24 14:24:21,407, 123358] game.GameMechanicsImpl 48920
[04-24 14:24:21,511, 123462] game.GameMechanicsImpl 49024
[04-24 14:24:21,616, 123567] game.GameMechanicsImpl 49129
[04-24 14:24:21,717, 123668] game.GameMechanicsImpl 49230
[04-24 14:24:21,820, 123771] game.GameMechanicsImpl 49333
[04-24 14:24:21,924, 123875] game.GameMechanicsImpl 49437
[04-24 14:24:22,027, 123978] game.GameMechanicsImpl 49540
[04-24 14:24:22,130, 124081] game.GameMechanicsImpl 49643
[04-24 14:24:22,233, 124184] game.GameMechanicsImpl 49746
[04-24 14:24:22,338, 124289] game.GameMechanicsImpl 49851
[04-24 14:24:22,439, 124390] game.GameMechanicsImpl 49952
[04-24 14:24:22,544, 124495] game.GameMechanicsImpl 50057
[04-24 14:24:22,646, 124597] game.GameMechanicsImpl 50159
[04-24 14:24:22,751, 124702] game.GameMechanicsImpl 50264
[04-24 14:24:22,853, 124804] game.GameMechanicsImpl 50365
[04-24 14:24:22,954, 124905] game.GameMechanicsImpl 50467
[04-24 14:24:23,057, 125008] game.GameMechanicsImpl 50570
[04-24 14:24:23,160, 125111] game.GameMechanicsImpl 50673
[04-24 14:24:23,262, 125213] game.GameMechanicsImpl 50775
[04-24 14:24:23,365, 125316] game.GameMechanicsImpl 50878
[04-24 14:24:23,470, 125421] game.GameMechanicsImpl 50983
[04-24 14:24:23,574, 125525] game.GameMechanicsImpl 51087
[04-24 14:24:23,676, 125627] game.GameMechanicsImpl 51189
[04-24 14:24:23,777, 125728] game.GameMechanicsImpl 51290
[04-24 14:24:23,879, 125830] game.GameMechanicsImpl 51392
[04-24 14:24:23,982, 125933] game.GameMechanicsImpl 51495
[04-24 14:24:24,086, 126037] game.GameMechanicsImpl 51599
[04-24 14:24:24,187, 126138] game.GameMechanicsImpl 51700
[04-24 14:24:24,292, 126243] game.GameMechanicsImpl 51805
[04-24 14:24:24,397, 126348] game.GameMechanicsImpl 51910
[04-24 14:24:24,501, 126452] game.GameMechanicsImpl 52014
[04-24 14:24:24,603, 126554] game.GameMechanicsImpl 52116
[04-24 14:24:24,707, 126658] game.GameMechanicsImpl 52220
[04-24 14:24:24,809, 126760] game.GameMechanicsImpl 52322
[04-24 14:24:24,909, 126860] game.GameMechanicsImpl 52422
[04-24 14:24:25,014, 126965] game.GameMechanicsImpl 52527
[04-24 14:24:25,118, 127069] game.GameMechanicsImpl 52631
[04-24 14:24:25,223, 127174] game.GameMechanicsImpl 52736
[04-24 14:24:25,325, 127276] game.GameMechanicsImpl 52838
[04-24 14:24:25,430, 127381] game.GameMechanicsImpl 52943
[04-24 14:24:25,534, 127485] game.GameMechanicsImpl 53047
[04-24 14:24:25,638, 127589] game.GameMechanicsImpl 53151
[04-24 14:24:25,742, 127693] game.GameMechanicsImpl 53255
[04-24 14:24:25,844, 127795] game.GameMechanicsImpl 53357
[04-24 14:24:25,945, 127896] game.GameMechanicsImpl 53458
[04-24 14:24:26,048, 127999] game.GameMechanicsImpl 53561
[04-24 14:24:26,151, 128102] game.GameMechanicsImpl 53664
[04-24 14:24:26,257, 128208] game.GameMechanicsImpl 53770
[04-24 14:24:26,360, 128311] game.GameMechanicsImpl 53873
[04-24 14:24:26,465, 128416] game.GameMechanicsImpl 53978
[04-24 14:24:26,567, 128518] game.GameMechanicsImpl 54080
[04-24 14:24:26,670, 128621] game.GameMechanicsImpl 54183
[04-24 14:24:26,774, 128725] game.GameMechanicsImpl 54287
[04-24 14:24:26,875, 128826] game.GameMechanicsImpl 54388
[04-24 14:24:26,977, 128928] game.GameMechanicsImpl 54490
[04-24 14:24:27,078, 129029] game.GameMechanicsImpl 54591
[04-24 14:24:27,179, 129130] game.GameMechanicsImpl 54692
[04-24 14:24:27,280, 129231] game.GameMechanicsImpl 54793
[04-24 14:24:27,384, 129335] game.GameMechanicsImpl 54897
[04-24 14:24:27,489, 129440] game.GameMechanicsImpl 55002
[04-24 14:24:27,590, 129541] game.GameMechanicsImpl 55103
[04-24 14:24:27,692, 129643] game.GameMechanicsImpl 55205
[04-24 14:24:27,794, 129745] game.GameMechanicsImpl 55307
[04-24 14:24:27,897, 129848] game.GameMechanicsImpl 55409
[04-24 14:24:28,002, 129953] game.GameMechanicsImpl 55515
[04-24 14:24:28,107, 130058] game.GameMechanicsImpl 55620
[04-24 14:24:28,211, 130162] game.GameMechanicsImpl 55724
[04-24 14:24:28,315, 130266] game.GameMechanicsImpl 55828
[04-24 14:24:28,418, 130369] game.GameMechanicsImpl 55931
[04-24 14:24:28,521, 130472] game.GameMechanicsImpl 56034
[04-24 14:24:28,623, 130574] game.GameMechanicsImpl 56136
[04-24 14:24:28,728, 130679] game.GameMechanicsImpl 56241
[04-24 14:24:28,831, 130782] game.GameMechanicsImpl 56344
[04-24 14:24:28,935, 130886] game.GameMechanicsImpl 56448
[04-24 14:24:29,037, 130988] game.GameMechanicsImpl 56550
[04-24 14:24:29,142, 131093] game.GameMechanicsImpl 56655
[04-24 14:24:29,245, 131196] game.GameMechanicsImpl 56758
[04-24 14:24:29,350, 131301] game.GameMechanicsImpl 56863
[04-24 14:24:29,455, 131406] game.GameMechanicsImpl 56968
[04-24 14:24:29,557, 131508] game.GameMechanicsImpl 57070
[04-24 14:24:29,659, 131610] game.GameMechanicsImpl 57172
[04-24 14:24:29,762, 131713] game.GameMechanicsImpl 57275
[04-24 14:24:29,866, 131817] game.GameMechanicsImpl 57379
[04-24 14:24:29,968, 131919] game.GameMechanicsImpl 57481
[04-24 14:24:30,069, 132020] game.GameMechanicsImpl 57582
[04-24 14:24:30,170, 132121] game.GameMechanicsImpl 57683
[04-24 14:24:30,272, 132223] game.GameMechanicsImpl 57785
[04-24 14:24:30,373, 132324] game.GameMechanicsImpl 57886
[04-24 14:24:30,475, 132426] game.GameMechanicsImpl 57988
[04-24 14:24:30,579, 132530] game.GameMechanicsImpl 58092
[04-24 14:24:30,683, 132634] game.GameMechanicsImpl 58196
[04-24 14:24:30,785, 132736] game.GameMechanicsImpl 58298
[04-24 14:24:30,889, 132840] game.GameMechanicsImpl 58402
[04-24 14:24:30,993, 132944] game.GameMechanicsImpl 58506
[04-24 14:24:31,099, 133050] game.GameMechanicsImpl 58612
[04-24 14:24:31,202, 133153] game.GameMechanicsImpl 58715
[04-24 14:24:31,304, 133255] game.GameMechanicsImpl 58817
[04-24 14:24:31,408, 133359] game.GameMechanicsImpl 58921
[04-24 14:24:31,512, 133463] game.GameMechanicsImpl 59025
[04-24 14:24:31,615, 133566] game.GameMechanicsImpl 59128
[04-24 14:24:31,718, 133669] game.GameMechanicsImpl 59231
[04-24 14:24:31,819, 133770] game.GameMechanicsImpl 59332
[04-24 14:24:31,921, 133872] game.GameMechanicsImpl 59434
[04-24 14:24:32,027, 133978] game.GameMechanicsImpl 59540
[04-24 14:24:32,132, 134083] game.GameMechanicsImpl 59645
[04-24 14:24:32,235, 134186] game.GameMechanicsImpl 59748
[04-24 14:24:32,339, 134290] game.GameMechanicsImpl 59852
[04-24 14:24:32,443, 134394] game.GameMechanicsImpl 59956
[04-24 14:24:32,543, 134494] game.GameMechanicsImpl 60056
[04-24 14:24:32,543, 134494] game.GameMechanicsImpl БОЛЬШЕ60056
