[04-25 00:05:35,983, 2909] org.hibernate.Version HHH000412: Hibernate Core {5.0.3.Final}
[04-25 00:05:35,992, 2918] org.hibernate.cfg.Environment HHH000206: hibernate.properties not found
[04-25 00:05:35,997, 2923] org.hibernate.cfg.Environment HHH000021: Bytecode provider name : javassist
[04-25 00:05:36,203, 3129] org.hibernate.annotations.common.Version HCANN000001: Hibernate Commons Annotations {5.0.0.Final}
[04-25 00:05:36,585, 3511] org.hibernate.engine.jdbc.connections.internal.DriverManagerConnectionProviderImpl HHH000402: Using Hibernate built-in connection pool (not for production use!)
[04-25 00:05:36,618, 3544] org.hibernate.engine.jdbc.connections.internal.DriverManagerConnectionProviderImpl HHH000401: using driver [com.mysql.jdbc.Driver] at URL [jdbc:mysql://localhost:3306/db_Poliglot]
[04-25 00:05:36,619, 3545] org.hibernate.engine.jdbc.connections.internal.DriverManagerConnectionProviderImpl HHH000046: Connection properties: {user=poliglot_game, password=****}
[04-25 00:05:36,619, 3545] org.hibernate.engine.jdbc.connections.internal.DriverManagerConnectionProviderImpl HHH000006: Autocommit mode: false
[04-25 00:05:36,623, 3549] org.hibernate.engine.jdbc.connections.internal.DriverManagerConnectionProviderImpl HHH000115: Hibernate connection pool size: 20 (min=1)
[04-25 00:05:37,416, 4342] org.hibernate.dialect.Dialect HHH000400: Using dialect: org.hibernate.dialect.MySQLDialect
[04-25 00:05:39,112, 6038] org.hibernate.tool.hbm2ddl.SchemaExport HHH000227: Running hbm2ddl schema export
[04-25 00:05:39,204, 6130] org.hibernate.tool.hbm2ddl.SchemaExport HHH000230: Schema export complete
[04-25 00:05:39,474, 6400] account.AccountServiceImpl Пользователь добавлен: {1, test1, testpass1, 1@mail.com}
[04-25 00:05:39,516, 6442] org.hibernate.engine.jdbc.connections.internal.DriverManagerConnectionProviderImpl HHH000402: Using Hibernate built-in connection pool (not for production use!)
[04-25 00:05:39,516, 6442] org.hibernate.engine.jdbc.connections.internal.DriverManagerConnectionProviderImpl HHH000401: using driver [com.mysql.jdbc.Driver] at URL [jdbc:mysql://localhost:3306/db_Poliglot]
[04-25 00:05:39,518, 6444] org.hibernate.engine.jdbc.connections.internal.DriverManagerConnectionProviderImpl HHH000046: Connection properties: {user=poliglot_game, password=****}
[04-25 00:05:39,518, 6444] org.hibernate.engine.jdbc.connections.internal.DriverManagerConnectionProviderImpl HHH000006: Autocommit mode: false
[04-25 00:05:39,519, 6445] org.hibernate.engine.jdbc.connections.internal.DriverManagerConnectionProviderImpl HHH000115: Hibernate connection pool size: 20 (min=1)
[04-25 00:05:39,530, 6456] org.hibernate.dialect.Dialect HHH000400: Using dialect: org.hibernate.dialect.MySQLDialect
[04-25 00:05:39,575, 6501] org.hibernate.tool.hbm2ddl.SchemaExport HHH000227: Running hbm2ddl schema export
[04-25 00:05:39,614, 6540] org.hibernate.tool.hbm2ddl.SchemaExport HHH000230: Schema export complete
[04-25 00:05:39,623, 6549] account.AccountServiceImpl Пользователь добавлен: {1, test1, testpass1, 1@mail.com}
[04-25 00:05:39,640, 6566] org.hibernate.engine.jdbc.connections.internal.DriverManagerConnectionProviderImpl HHH000402: Using Hibernate built-in connection pool (not for production use!)
[04-25 00:05:39,640, 6566] org.hibernate.engine.jdbc.connections.internal.DriverManagerConnectionProviderImpl HHH000401: using driver [com.mysql.jdbc.Driver] at URL [jdbc:mysql://localhost:3306/db_Poliglot]
[04-25 00:05:39,641, 6567] org.hibernate.engine.jdbc.connections.internal.DriverManagerConnectionProviderImpl HHH000046: Connection properties: {user=poliglot_game, password=****}
[04-25 00:05:39,641, 6567] org.hibernate.engine.jdbc.connections.internal.DriverManagerConnectionProviderImpl HHH000006: Autocommit mode: false
[04-25 00:05:39,641, 6567] org.hibernate.engine.jdbc.connections.internal.DriverManagerConnectionProviderImpl HHH000115: Hibernate connection pool size: 20 (min=1)
[04-25 00:05:39,657, 6583] org.hibernate.dialect.Dialect HHH000400: Using dialect: org.hibernate.dialect.MySQLDialect
[04-25 00:05:39,688, 6614] org.hibernate.tool.hbm2ddl.SchemaExport HHH000227: Running hbm2ddl schema export
[04-25 00:05:39,726, 6652] org.hibernate.tool.hbm2ddl.SchemaExport HHH000230: Schema export complete
[04-25 00:05:39,741, 6667] account.AccountServiceImpl Пользователь добавлен: {1, test, testpass, test@mail.com}
[04-25 00:05:39,757, 6683] org.hibernate.engine.jdbc.connections.internal.DriverManagerConnectionProviderImpl HHH000402: Using Hibernate built-in connection pool (not for production use!)
[04-25 00:05:39,758, 6684] org.hibernate.engine.jdbc.connections.internal.DriverManagerConnectionProviderImpl HHH000401: using driver [com.mysql.jdbc.Driver] at URL [jdbc:mysql://localhost:3306/db_Poliglot]
[04-25 00:05:39,758, 6684] org.hibernate.engine.jdbc.connections.internal.DriverManagerConnectionProviderImpl HHH000046: Connection properties: {user=poliglot_game, password=****}
[04-25 00:05:39,759, 6685] org.hibernate.engine.jdbc.connections.internal.DriverManagerConnectionProviderImpl HHH000006: Autocommit mode: false
[04-25 00:05:39,759, 6685] org.hibernate.engine.jdbc.connections.internal.DriverManagerConnectionProviderImpl HHH000115: Hibernate connection pool size: 20 (min=1)
[04-25 00:05:39,772, 6698] org.hibernate.dialect.Dialect HHH000400: Using dialect: org.hibernate.dialect.MySQLDialect
[04-25 00:05:39,801, 6727] org.hibernate.tool.hbm2ddl.SchemaExport HHH000227: Running hbm2ddl schema export
[04-25 00:05:39,841, 6767] org.hibernate.tool.hbm2ddl.SchemaExport HHH000230: Schema export complete
[04-25 00:05:39,850, 6776] account.AccountServiceImpl Пользователь добавлен: {1, test, testpass1, 1@mail.com}
[04-25 00:05:39,856, 6782] account.AccountServiceImpl Юзер differUser не найден
[04-25 00:05:39,862, 6788] org.hibernate.engine.jdbc.connections.internal.DriverManagerConnectionProviderImpl HHH000402: Using Hibernate built-in connection pool (not for production use!)
[04-25 00:05:39,863, 6789] org.hibernate.engine.jdbc.connections.internal.DriverManagerConnectionProviderImpl HHH000401: using driver [com.mysql.jdbc.Driver] at URL [jdbc:mysql://localhost:3306/db_Poliglot]
[04-25 00:05:39,863, 6789] org.hibernate.engine.jdbc.connections.internal.DriverManagerConnectionProviderImpl HHH000046: Connection properties: {user=poliglot_game, password=****}
[04-25 00:05:39,863, 6789] org.hibernate.engine.jdbc.connections.internal.DriverManagerConnectionProviderImpl HHH000006: Autocommit mode: false
[04-25 00:05:39,863, 6789] org.hibernate.engine.jdbc.connections.internal.DriverManagerConnectionProviderImpl HHH000115: Hibernate connection pool size: 20 (min=1)
[04-25 00:05:39,870, 6796] org.hibernate.dialect.Dialect HHH000400: Using dialect: org.hibernate.dialect.MySQLDialect
[04-25 00:05:39,890, 6816] org.hibernate.tool.hbm2ddl.SchemaExport HHH000227: Running hbm2ddl schema export
[04-25 00:05:39,930, 6856] org.hibernate.tool.hbm2ddl.SchemaExport HHH000230: Schema export complete
[04-25 00:05:39,942, 6868] account.AccountServiceImpl Пользователь добавлен: {1, test, testpass1, 1@mail.com}
[04-25 00:05:39,992, 6918] account.AccountServiceImpl Пользователь изменен: {1}
[04-25 00:05:40,005, 6931] org.hibernate.engine.jdbc.connections.internal.DriverManagerConnectionProviderImpl HHH000402: Using Hibernate built-in connection pool (not for production use!)
[04-25 00:05:40,006, 6932] org.hibernate.engine.jdbc.connections.internal.DriverManagerConnectionProviderImpl HHH000401: using driver [com.mysql.jdbc.Driver] at URL [jdbc:mysql://localhost:3306/db_Poliglot]
[04-25 00:05:40,007, 6933] org.hibernate.engine.jdbc.connections.internal.DriverManagerConnectionProviderImpl HHH000046: Connection properties: {user=poliglot_game, password=****}
[04-25 00:05:40,007, 6933] org.hibernate.engine.jdbc.connections.internal.DriverManagerConnectionProviderImpl HHH000006: Autocommit mode: false
[04-25 00:05:40,007, 6933] org.hibernate.engine.jdbc.connections.internal.DriverManagerConnectionProviderImpl HHH000115: Hibernate connection pool size: 20 (min=1)
[04-25 00:05:40,013, 6939] org.hibernate.dialect.Dialect HHH000400: Using dialect: org.hibernate.dialect.MySQLDialect
[04-25 00:05:40,035, 6961] org.hibernate.tool.hbm2ddl.SchemaExport HHH000227: Running hbm2ddl schema export
[04-25 00:05:40,084, 7010] org.hibernate.tool.hbm2ddl.SchemaExport HHH000230: Schema export complete
[04-25 00:05:40,092, 7018] account.AccountServiceImpl Пользователь добавлен: {1, test, testpass1, 1@mail.com}
[04-25 00:05:40,095, 7021] account.AccountServiceImpl Сессия добавлена: {1, test, testpass1, 1@mail.com}
[04-25 00:05:40,100, 7026] org.hibernate.engine.jdbc.connections.internal.DriverManagerConnectionProviderImpl HHH000402: Using Hibernate built-in connection pool (not for production use!)
[04-25 00:05:40,100, 7026] org.hibernate.engine.jdbc.connections.internal.DriverManagerConnectionProviderImpl HHH000401: using driver [com.mysql.jdbc.Driver] at URL [jdbc:mysql://localhost:3306/db_Poliglot]
[04-25 00:05:40,100, 7026] org.hibernate.engine.jdbc.connections.internal.DriverManagerConnectionProviderImpl HHH000046: Connection properties: {user=poliglot_game, password=****}
[04-25 00:05:40,101, 7027] org.hibernate.engine.jdbc.connections.internal.DriverManagerConnectionProviderImpl HHH000006: Autocommit mode: false
[04-25 00:05:40,101, 7027] org.hibernate.engine.jdbc.connections.internal.DriverManagerConnectionProviderImpl HHH000115: Hibernate connection pool size: 20 (min=1)
[04-25 00:05:40,106, 7032] org.hibernate.dialect.Dialect HHH000400: Using dialect: org.hibernate.dialect.MySQLDialect
[04-25 00:05:40,122, 7048] org.hibernate.tool.hbm2ddl.SchemaExport HHH000227: Running hbm2ddl schema export
[04-25 00:05:40,165, 7091] org.hibernate.tool.hbm2ddl.SchemaExport HHH000230: Schema export complete
[04-25 00:05:40,174, 7100] account.AccountServiceImpl Пользователь добавлен: {1, test, testpass1, 1@mail.com}
[04-25 00:05:40,186, 7112] account.AccountServiceImpl Пользователь добавлен: {2, test2, testpass2, 2@mail.com}
[04-25 00:05:40,197, 7123] account.AccountServiceImpl Пользователь добавлен: {3, test3, testpass3, 3@mail.com}
[04-25 00:05:40,216, 7142] org.hibernate.engine.jdbc.connections.internal.DriverManagerConnectionProviderImpl HHH000402: Using Hibernate built-in connection pool (not for production use!)
[04-25 00:05:40,219, 7145] org.hibernate.engine.jdbc.connections.internal.DriverManagerConnectionProviderImpl HHH000401: using driver [com.mysql.jdbc.Driver] at URL [jdbc:mysql://localhost:3306/db_Poliglot]
[04-25 00:05:40,219, 7145] org.hibernate.engine.jdbc.connections.internal.DriverManagerConnectionProviderImpl HHH000046: Connection properties: {user=poliglot_game, password=****}
[04-25 00:05:40,220, 7146] org.hibernate.engine.jdbc.connections.internal.DriverManagerConnectionProviderImpl HHH000006: Autocommit mode: false
[04-25 00:05:40,220, 7146] org.hibernate.engine.jdbc.connections.internal.DriverManagerConnectionProviderImpl HHH000115: Hibernate connection pool size: 20 (min=1)
[04-25 00:05:40,228, 7154] org.hibernate.dialect.Dialect HHH000400: Using dialect: org.hibernate.dialect.MySQLDialect
[04-25 00:05:40,248, 7174] org.hibernate.tool.hbm2ddl.SchemaExport HHH000227: Running hbm2ddl schema export
[04-25 00:05:40,288, 7214] org.hibernate.tool.hbm2ddl.SchemaExport HHH000230: Schema export complete
[04-25 00:05:40,295, 7221] account.AccountServiceImpl Пользователь добавлен: {1, test, testpass1, 1@mail.com}
[04-25 00:05:40,299, 7225] account.AccountServiceImpl Сессия добавлена: {1, test, testpass1, 1@mail.com}
[04-25 00:05:40,299, 7225] account.AccountServiceImpl Сессия удалена: {1, test, testpass1, 1@mail.com}
[04-25 00:05:40,303, 7229] org.hibernate.engine.jdbc.connections.internal.DriverManagerConnectionProviderImpl HHH000402: Using Hibernate built-in connection pool (not for production use!)
[04-25 00:05:40,304, 7230] org.hibernate.engine.jdbc.connections.internal.DriverManagerConnectionProviderImpl HHH000401: using driver [com.mysql.jdbc.Driver] at URL [jdbc:mysql://localhost:3306/db_Poliglot]
[04-25 00:05:40,304, 7230] org.hibernate.engine.jdbc.connections.internal.DriverManagerConnectionProviderImpl HHH000046: Connection properties: {user=poliglot_game, password=****}
[04-25 00:05:40,304, 7230] org.hibernate.engine.jdbc.connections.internal.DriverManagerConnectionProviderImpl HHH000006: Autocommit mode: false
[04-25 00:05:40,304, 7230] org.hibernate.engine.jdbc.connections.internal.DriverManagerConnectionProviderImpl HHH000115: Hibernate connection pool size: 20 (min=1)
[04-25 00:05:40,310, 7236] org.hibernate.dialect.Dialect HHH000400: Using dialect: org.hibernate.dialect.MySQLDialect
[04-25 00:05:40,327, 7253] org.hibernate.tool.hbm2ddl.SchemaExport HHH000227: Running hbm2ddl schema export
[04-25 00:05:40,369, 7295] org.hibernate.tool.hbm2ddl.SchemaExport HHH000230: Schema export complete
[04-25 00:05:40,375, 7301] account.AccountServiceImpl Пользователь добавлен: {1, test, testpass1, 1@mail.com}
[04-25 00:05:40,386, 7312] org.hibernate.engine.jdbc.connections.internal.DriverManagerConnectionProviderImpl HHH000402: Using Hibernate built-in connection pool (not for production use!)
[04-25 00:05:40,386, 7312] org.hibernate.engine.jdbc.connections.internal.DriverManagerConnectionProviderImpl HHH000401: using driver [com.mysql.jdbc.Driver] at URL [jdbc:mysql://localhost:3306/db_Poliglot]
[04-25 00:05:40,386, 7312] org.hibernate.engine.jdbc.connections.internal.DriverManagerConnectionProviderImpl HHH000046: Connection properties: {user=poliglot_game, password=****}
[04-25 00:05:40,387, 7313] org.hibernate.engine.jdbc.connections.internal.DriverManagerConnectionProviderImpl HHH000006: Autocommit mode: false
[04-25 00:05:40,387, 7313] org.hibernate.engine.jdbc.connections.internal.DriverManagerConnectionProviderImpl HHH000115: Hibernate connection pool size: 20 (min=1)
[04-25 00:05:40,396, 7322] org.hibernate.dialect.Dialect HHH000400: Using dialect: org.hibernate.dialect.MySQLDialect
[04-25 00:05:40,413, 7339] org.hibernate.tool.hbm2ddl.SchemaExport HHH000227: Running hbm2ddl schema export
[04-25 00:05:40,466, 7392] org.hibernate.tool.hbm2ddl.SchemaExport HHH000230: Schema export complete
[04-25 00:05:40,477, 7403] account.AccountServiceImpl Пользователь добавлен: {1, test, testpass1, 1@mail.com}
[04-25 00:05:40,481, 7407] account.AccountServiceImpl Сессия добавлена: {1, test, testpass1, 1@mail.com}
[04-25 00:05:40,481, 7407] account.AccountServiceImpl Сессия не может быть удалена, тк не добавлена
[04-25 00:05:40,493, 7419] org.hibernate.engine.jdbc.connections.internal.DriverManagerConnectionProviderImpl HHH000402: Using Hibernate built-in connection pool (not for production use!)
[04-25 00:05:40,493, 7419] org.hibernate.engine.jdbc.connections.internal.DriverManagerConnectionProviderImpl HHH000401: using driver [com.mysql.jdbc.Driver] at URL [jdbc:mysql://localhost:3306/db_Poliglot]
[04-25 00:05:40,493, 7419] org.hibernate.engine.jdbc.connections.internal.DriverManagerConnectionProviderImpl HHH000046: Connection properties: {user=poliglot_game, password=****}
[04-25 00:05:40,493, 7419] org.hibernate.engine.jdbc.connections.internal.DriverManagerConnectionProviderImpl HHH000006: Autocommit mode: false
[04-25 00:05:40,493, 7419] org.hibernate.engine.jdbc.connections.internal.DriverManagerConnectionProviderImpl HHH000115: Hibernate connection pool size: 20 (min=1)
[04-25 00:05:40,504, 7430] org.hibernate.dialect.Dialect HHH000400: Using dialect: org.hibernate.dialect.MySQLDialect
[04-25 00:05:40,521, 7447] org.hibernate.tool.hbm2ddl.SchemaExport HHH000227: Running hbm2ddl schema export
[04-25 00:05:40,569, 7495] org.hibernate.tool.hbm2ddl.SchemaExport HHH000230: Schema export complete
[04-25 00:05:40,577, 7503] account.AccountServiceImpl Пользователь добавлен: {1, test, testpass1, 1@mail.com}
[04-25 00:05:40,598, 7524] account.AccountServiceImpl Пользователь удален: {1}
[04-25 00:05:40,607, 7533] org.hibernate.engine.jdbc.connections.internal.DriverManagerConnectionProviderImpl HHH000402: Using Hibernate built-in connection pool (not for production use!)
[04-25 00:05:40,607, 7533] org.hibernate.engine.jdbc.connections.internal.DriverManagerConnectionProviderImpl HHH000401: using driver [com.mysql.jdbc.Driver] at URL [jdbc:mysql://localhost:3306/db_Poliglot]
[04-25 00:05:40,607, 7533] org.hibernate.engine.jdbc.connections.internal.DriverManagerConnectionProviderImpl HHH000046: Connection properties: {user=poliglot_game, password=****}
[04-25 00:05:40,608, 7534] org.hibernate.engine.jdbc.connections.internal.DriverManagerConnectionProviderImpl HHH000006: Autocommit mode: false
[04-25 00:05:40,608, 7534] org.hibernate.engine.jdbc.connections.internal.DriverManagerConnectionProviderImpl HHH000115: Hibernate connection pool size: 20 (min=1)
[04-25 00:05:40,613, 7539] org.hibernate.dialect.Dialect HHH000400: Using dialect: org.hibernate.dialect.MySQLDialect
[04-25 00:05:40,634, 7560] org.hibernate.tool.hbm2ddl.SchemaExport HHH000227: Running hbm2ddl schema export
[04-25 00:05:40,682, 7608] org.hibernate.tool.hbm2ddl.SchemaExport HHH000230: Schema export complete
[04-25 00:05:40,691, 7617] account.AccountServiceImpl Пользователь добавлен: {1, test, testpass1, 1@mail.com}
[04-25 00:05:40,702, 7628] org.hibernate.engine.jdbc.connections.internal.DriverManagerConnectionProviderImpl HHH000402: Using Hibernate built-in connection pool (not for production use!)
[04-25 00:05:40,702, 7628] org.hibernate.engine.jdbc.connections.internal.DriverManagerConnectionProviderImpl HHH000401: using driver [com.mysql.jdbc.Driver] at URL [jdbc:mysql://localhost:3306/db_Poliglot]
[04-25 00:05:40,702, 7628] org.hibernate.engine.jdbc.connections.internal.DriverManagerConnectionProviderImpl HHH000046: Connection properties: {user=poliglot_game, password=****}
[04-25 00:05:40,702, 7628] org.hibernate.engine.jdbc.connections.internal.DriverManagerConnectionProviderImpl HHH000006: Autocommit mode: false
[04-25 00:05:40,703, 7629] org.hibernate.engine.jdbc.connections.internal.DriverManagerConnectionProviderImpl HHH000115: Hibernate connection pool size: 20 (min=1)
[04-25 00:05:40,708, 7634] org.hibernate.dialect.Dialect HHH000400: Using dialect: org.hibernate.dialect.MySQLDialect
[04-25 00:05:40,725, 7651] org.hibernate.tool.hbm2ddl.SchemaExport HHH000227: Running hbm2ddl schema export
[04-25 00:05:40,764, 7690] org.hibernate.tool.hbm2ddl.SchemaExport HHH000230: Schema export complete
[04-25 00:05:40,772, 7698] account.AccountServiceImpl Пользователь добавлен: {1, test1, testpass1, 1@mail.com}
[04-25 00:05:40,780, 7706] org.hibernate.engine.jdbc.connections.internal.DriverManagerConnectionProviderImpl HHH000402: Using Hibernate built-in connection pool (not for production use!)
[04-25 00:05:40,781, 7707] org.hibernate.engine.jdbc.connections.internal.DriverManagerConnectionProviderImpl HHH000401: using driver [com.mysql.jdbc.Driver] at URL [jdbc:mysql://localhost:3306/db_Poliglot]
[04-25 00:05:40,781, 7707] org.hibernate.engine.jdbc.connections.internal.DriverManagerConnectionProviderImpl HHH000046: Connection properties: {user=poliglot_game, password=****}
[04-25 00:05:40,781, 7707] org.hibernate.engine.jdbc.connections.internal.DriverManagerConnectionProviderImpl HHH000006: Autocommit mode: false
[04-25 00:05:40,781, 7707] org.hibernate.engine.jdbc.connections.internal.DriverManagerConnectionProviderImpl HHH000115: Hibernate connection pool size: 20 (min=1)
[04-25 00:05:40,788, 7714] org.hibernate.dialect.Dialect HHH000400: Using dialect: org.hibernate.dialect.MySQLDialect
[04-25 00:05:40,808, 7734] org.hibernate.tool.hbm2ddl.SchemaExport HHH000227: Running hbm2ddl schema export
[04-25 00:05:40,859, 7785] org.hibernate.tool.hbm2ddl.SchemaExport HHH000230: Schema export complete
[04-25 00:05:40,871, 7797] account.AccountServiceImpl Пользователь добавлен: {1, test, testpass1, 1@mail.com}
[04-25 00:05:40,909, 7835] account.AccountServiceImpl Пользователь изменен: {1}
[04-25 00:05:40,916, 7842] org.hibernate.engine.jdbc.connections.internal.DriverManagerConnectionProviderImpl HHH000402: Using Hibernate built-in connection pool (not for production use!)
[04-25 00:05:40,917, 7843] org.hibernate.engine.jdbc.connections.internal.DriverManagerConnectionProviderImpl HHH000401: using driver [com.mysql.jdbc.Driver] at URL [jdbc:mysql://localhost:3306/db_Poliglot]
[04-25 00:05:40,917, 7843] org.hibernate.engine.jdbc.connections.internal.DriverManagerConnectionProviderImpl HHH000046: Connection properties: {user=poliglot_game, password=****}
[04-25 00:05:40,917, 7843] org.hibernate.engine.jdbc.connections.internal.DriverManagerConnectionProviderImpl HHH000006: Autocommit mode: false
[04-25 00:05:40,918, 7844] org.hibernate.engine.jdbc.connections.internal.DriverManagerConnectionProviderImpl HHH000115: Hibernate connection pool size: 20 (min=1)
[04-25 00:05:40,923, 7849] org.hibernate.dialect.Dialect HHH000400: Using dialect: org.hibernate.dialect.MySQLDialect
[04-25 00:05:40,940, 7866] org.hibernate.tool.hbm2ddl.SchemaExport HHH000227: Running hbm2ddl schema export
[04-25 00:05:40,978, 7904] org.hibernate.tool.hbm2ddl.SchemaExport HHH000230: Schema export complete
[04-25 00:05:40,984, 7910] account.AccountServiceImpl Пользователь добавлен: {1, test1, testpass1, 1@mail.com}
[04-25 00:05:40,991, 7917] account.AccountServiceImpl Пользователь НЕ добавлен
[04-25 00:05:40,999, 7925] org.hibernate.engine.jdbc.connections.internal.DriverManagerConnectionProviderImpl HHH000402: Using Hibernate built-in connection pool (not for production use!)
[04-25 00:05:40,999, 7925] org.hibernate.engine.jdbc.connections.internal.DriverManagerConnectionProviderImpl HHH000401: using driver [com.mysql.jdbc.Driver] at URL [jdbc:mysql://localhost:3306/db_Poliglot]
[04-25 00:05:41,000, 7926] org.hibernate.engine.jdbc.connections.internal.DriverManagerConnectionProviderImpl HHH000046: Connection properties: {user=poliglot_game, password=****}
[04-25 00:05:41,000, 7926] org.hibernate.engine.jdbc.connections.internal.DriverManagerConnectionProviderImpl HHH000006: Autocommit mode: false
[04-25 00:05:41,001, 7927] org.hibernate.engine.jdbc.connections.internal.DriverManagerConnectionProviderImpl HHH000115: Hibernate connection pool size: 20 (min=1)
[04-25 00:05:41,009, 7935] org.hibernate.dialect.Dialect HHH000400: Using dialect: org.hibernate.dialect.MySQLDialect
[04-25 00:05:41,041, 7967] org.hibernate.tool.hbm2ddl.SchemaExport HHH000227: Running hbm2ddl schema export
[04-25 00:05:41,083, 8009] org.hibernate.tool.hbm2ddl.SchemaExport HHH000230: Schema export complete
[04-25 00:05:41,095, 8021] account.AccountServiceImpl Пользователь добавлен: {1, test, testpass1, 1@mail.com}
[04-25 00:05:41,108, 8034] account.AccountServiceImpl Пользователь изменен: {1}
[04-25 00:05:41,115, 8041] org.hibernate.engine.jdbc.connections.internal.DriverManagerConnectionProviderImpl HHH000402: Using Hibernate built-in connection pool (not for production use!)
[04-25 00:05:41,116, 8042] org.hibernate.engine.jdbc.connections.internal.DriverManagerConnectionProviderImpl HHH000401: using driver [com.mysql.jdbc.Driver] at URL [jdbc:mysql://localhost:3306/db_Poliglot]
[04-25 00:05:41,117, 8043] org.hibernate.engine.jdbc.connections.internal.DriverManagerConnectionProviderImpl HHH000046: Connection properties: {user=poliglot_game, password=****}
[04-25 00:05:41,117, 8043] org.hibernate.engine.jdbc.connections.internal.DriverManagerConnectionProviderImpl HHH000006: Autocommit mode: false
[04-25 00:05:41,117, 8043] org.hibernate.engine.jdbc.connections.internal.DriverManagerConnectionProviderImpl HHH000115: Hibernate connection pool size: 20 (min=1)
[04-25 00:05:41,121, 8047] org.hibernate.dialect.Dialect HHH000400: Using dialect: org.hibernate.dialect.MySQLDialect
[04-25 00:05:41,132, 8058] org.hibernate.tool.hbm2ddl.SchemaExport HHH000227: Running hbm2ddl schema export
[04-25 00:05:41,166, 8092] org.hibernate.tool.hbm2ddl.SchemaExport HHH000230: Schema export complete
[04-25 00:05:41,175, 8101] account.AccountServiceImpl Пользователь добавлен: {1, test, testpass1, 1@mail.com}
[04-25 00:05:41,181, 8107] account.AccountServiceImpl Пользователь НЕ добавлен
[04-25 00:05:41,280, 8206] org.hibernate.engine.jdbc.connections.internal.DriverManagerConnectionProviderImpl HHH000402: Using Hibernate built-in connection pool (not for production use!)
[04-25 00:05:41,280, 8206] org.hibernate.engine.jdbc.connections.internal.DriverManagerConnectionProviderImpl HHH000401: using driver [com.mysql.jdbc.Driver] at URL [jdbc:mysql://localhost:3306/db_Poliglot]
[04-25 00:05:41,281, 8207] org.hibernate.engine.jdbc.connections.internal.DriverManagerConnectionProviderImpl HHH000046: Connection properties: {user=poliglot_game, password=****}
[04-25 00:05:41,281, 8207] org.hibernate.engine.jdbc.connections.internal.DriverManagerConnectionProviderImpl HHH000006: Autocommit mode: false
[04-25 00:05:41,281, 8207] org.hibernate.engine.jdbc.connections.internal.DriverManagerConnectionProviderImpl HHH000115: Hibernate connection pool size: 20 (min=1)
[04-25 00:05:41,292, 8218] org.hibernate.dialect.Dialect HHH000400: Using dialect: org.hibernate.dialect.MySQLDialect
[04-25 00:05:41,313, 8239] org.hibernate.tool.hbm2ddl.SchemaExport HHH000227: Running hbm2ddl schema export
[04-25 00:05:41,342, 8268] org.hibernate.tool.hbm2ddl.SchemaExport HHH000230: Schema export complete
[04-25 00:05:47,344, 14270] account.AccountServiceImpl Пользователь добавлен: {1, test1, testpass1, 1@mail.com}
[04-25 00:05:47,454, 14380] org.hibernate.engine.jdbc.connections.internal.DriverManagerConnectionProviderImpl HHH000402: Using Hibernate built-in connection pool (not for production use!)
[04-25 00:05:47,454, 14380] org.hibernate.engine.jdbc.connections.internal.DriverManagerConnectionProviderImpl HHH000401: using driver [com.mysql.jdbc.Driver] at URL [jdbc:mysql://localhost:3306/db_Poliglot]
[04-25 00:05:47,454, 14380] org.hibernate.engine.jdbc.connections.internal.DriverManagerConnectionProviderImpl HHH000046: Connection properties: {user=poliglot_game, password=****}
[04-25 00:05:47,454, 14380] org.hibernate.engine.jdbc.connections.internal.DriverManagerConnectionProviderImpl HHH000006: Autocommit mode: false
[04-25 00:05:47,455, 14381] org.hibernate.engine.jdbc.connections.internal.DriverManagerConnectionProviderImpl HHH000115: Hibernate connection pool size: 20 (min=1)
[04-25 00:05:47,459, 14385] org.hibernate.dialect.Dialect HHH000400: Using dialect: org.hibernate.dialect.MySQLDialect
[04-25 00:05:47,471, 14397] org.hibernate.tool.hbm2ddl.SchemaExport HHH000227: Running hbm2ddl schema export
[04-25 00:05:47,502, 14428] org.hibernate.tool.hbm2ddl.SchemaExport HHH000230: Schema export complete
[04-25 00:05:47,698, 14624] account.AccountServiceImpl Пользователь добавлен: {1, test1, testpass1, 1@mail.com}
[04-25 00:05:47,711, 14637] account.AccountServiceImpl Сессия добавлена: {1, test1, testpass1, 1@mail.com}
[04-25 00:05:47,728, 14654] org.hibernate.engine.jdbc.connections.internal.DriverManagerConnectionProviderImpl HHH000402: Using Hibernate built-in connection pool (not for production use!)
[04-25 00:05:47,729, 14655] org.hibernate.engine.jdbc.connections.internal.DriverManagerConnectionProviderImpl HHH000401: using driver [com.mysql.jdbc.Driver] at URL [jdbc:mysql://localhost:3306/db_Poliglot]
[04-25 00:05:47,729, 14655] org.hibernate.engine.jdbc.connections.internal.DriverManagerConnectionProviderImpl HHH000046: Connection properties: {user=poliglot_game, password=****}
[04-25 00:05:47,729, 14655] org.hibernate.engine.jdbc.connections.internal.DriverManagerConnectionProviderImpl HHH000006: Autocommit mode: false
[04-25 00:05:47,729, 14655] org.hibernate.engine.jdbc.connections.internal.DriverManagerConnectionProviderImpl HHH000115: Hibernate connection pool size: 20 (min=1)
[04-25 00:05:47,733, 14659] org.hibernate.dialect.Dialect HHH000400: Using dialect: org.hibernate.dialect.MySQLDialect
[04-25 00:05:47,744, 14670] org.hibernate.tool.hbm2ddl.SchemaExport HHH000227: Running hbm2ddl schema export
[04-25 00:05:47,776, 14702] org.hibernate.tool.hbm2ddl.SchemaExport HHH000230: Schema export complete
[04-25 00:05:47,974, 14900] account.AccountServiceImpl Пользователь добавлен: {1, test1, testpass1, 1@mail.com}
[04-25 00:05:48,012, 14938] org.hibernate.engine.jdbc.connections.internal.DriverManagerConnectionProviderImpl HHH000402: Using Hibernate built-in connection pool (not for production use!)
[04-25 00:05:48,013, 14939] org.hibernate.engine.jdbc.connections.internal.DriverManagerConnectionProviderImpl HHH000401: using driver [com.mysql.jdbc.Driver] at URL [jdbc:mysql://localhost:3306/db_Poliglot]
[04-25 00:05:48,013, 14939] org.hibernate.engine.jdbc.connections.internal.DriverManagerConnectionProviderImpl HHH000046: Connection properties: {user=poliglot_game, password=****}
[04-25 00:05:48,014, 14940] org.hibernate.engine.jdbc.connections.internal.DriverManagerConnectionProviderImpl HHH000006: Autocommit mode: false
[04-25 00:05:48,014, 14940] org.hibernate.engine.jdbc.connections.internal.DriverManagerConnectionProviderImpl HHH000115: Hibernate connection pool size: 20 (min=1)
[04-25 00:05:48,022, 14948] org.hibernate.dialect.Dialect HHH000400: Using dialect: org.hibernate.dialect.MySQLDialect
[04-25 00:05:48,035, 14961] org.hibernate.tool.hbm2ddl.SchemaExport HHH000227: Running hbm2ddl schema export
[04-25 00:05:48,060, 14986] org.hibernate.tool.hbm2ddl.SchemaExport HHH000230: Schema export complete
[04-25 00:05:48,216, 15142] account.AccountServiceImpl Пользователь добавлен: {1, test1, testpass1, 1@mail.com}
[04-25 00:05:48,248, 15174] account.AccountServiceImpl Сессия добавлена: {1, test1, testpass1, 1@mail.com}
[04-25 00:05:48,257, 15183] account.AccountServiceImpl Сессия удалена: {1, test1, testpass1, 1@mail.com}
[04-25 00:05:48,268, 15194] org.hibernate.engine.jdbc.connections.internal.DriverManagerConnectionProviderImpl HHH000402: Using Hibernate built-in connection pool (not for production use!)
[04-25 00:05:48,268, 15194] org.hibernate.engine.jdbc.connections.internal.DriverManagerConnectionProviderImpl HHH000401: using driver [com.mysql.jdbc.Driver] at URL [jdbc:mysql://localhost:3306/db_Poliglot]
[04-25 00:05:48,269, 15195] org.hibernate.engine.jdbc.connections.internal.DriverManagerConnectionProviderImpl HHH000046: Connection properties: {user=poliglot_game, password=****}
[04-25 00:05:48,269, 15195] org.hibernate.engine.jdbc.connections.internal.DriverManagerConnectionProviderImpl HHH000006: Autocommit mode: false
[04-25 00:05:48,269, 15195] org.hibernate.engine.jdbc.connections.internal.DriverManagerConnectionProviderImpl HHH000115: Hibernate connection pool size: 20 (min=1)
[04-25 00:05:48,273, 15199] org.hibernate.dialect.Dialect HHH000400: Using dialect: org.hibernate.dialect.MySQLDialect
[04-25 00:05:48,284, 15210] org.hibernate.tool.hbm2ddl.SchemaExport HHH000227: Running hbm2ddl schema export
[04-25 00:05:48,310, 15236] org.hibernate.tool.hbm2ddl.SchemaExport HHH000230: Schema export complete
[04-25 00:05:48,457, 15383] account.AccountServiceImpl Пользователь добавлен: {1, test1, testpass1, 1@mail.com}
[04-25 00:05:48,482, 15408] org.hibernate.engine.jdbc.connections.internal.DriverManagerConnectionProviderImpl HHH000402: Using Hibernate built-in connection pool (not for production use!)
[04-25 00:05:48,482, 15408] org.hibernate.engine.jdbc.connections.internal.DriverManagerConnectionProviderImpl HHH000401: using driver [com.mysql.jdbc.Driver] at URL [jdbc:mysql://localhost:3306/db_Poliglot]
[04-25 00:05:48,482, 15408] org.hibernate.engine.jdbc.connections.internal.DriverManagerConnectionProviderImpl HHH000046: Connection properties: {user=poliglot_game, password=****}
[04-25 00:05:48,482, 15408] org.hibernate.engine.jdbc.connections.internal.DriverManagerConnectionProviderImpl HHH000006: Autocommit mode: false
[04-25 00:05:48,483, 15409] org.hibernate.engine.jdbc.connections.internal.DriverManagerConnectionProviderImpl HHH000115: Hibernate connection pool size: 20 (min=1)
[04-25 00:05:48,487, 15413] org.hibernate.dialect.Dialect HHH000400: Using dialect: org.hibernate.dialect.MySQLDialect
[04-25 00:05:48,493, 15419] org.hibernate.tool.hbm2ddl.SchemaExport HHH000227: Running hbm2ddl schema export
[04-25 00:05:48,520, 15446] org.hibernate.tool.hbm2ddl.SchemaExport HHH000230: Schema export complete
[04-25 00:05:48,641, 15567] account.AccountServiceImpl Пользователь добавлен: {1, test1, testpass1, 1@mail.com}
[04-25 00:05:48,672, 15598] account.AccountServiceImpl Сессия добавлена: {1, test1, testpass1, 1@mail.com}
[04-25 00:05:48,710, 15636] org.hibernate.engine.jdbc.connections.internal.DriverManagerConnectionProviderImpl HHH000402: Using Hibernate built-in connection pool (not for production use!)
[04-25 00:05:48,711, 15637] org.hibernate.engine.jdbc.connections.internal.DriverManagerConnectionProviderImpl HHH000401: using driver [com.mysql.jdbc.Driver] at URL [jdbc:mysql://localhost:3306/db_Poliglot]
[04-25 00:05:48,711, 15637] org.hibernate.engine.jdbc.connections.internal.DriverManagerConnectionProviderImpl HHH000046: Connection properties: {user=poliglot_game, password=****}
[04-25 00:05:48,712, 15638] org.hibernate.engine.jdbc.connections.internal.DriverManagerConnectionProviderImpl HHH000006: Autocommit mode: false
[04-25 00:05:48,712, 15638] org.hibernate.engine.jdbc.connections.internal.DriverManagerConnectionProviderImpl HHH000115: Hibernate connection pool size: 20 (min=1)
[04-25 00:05:48,718, 15644] org.hibernate.dialect.Dialect HHH000400: Using dialect: org.hibernate.dialect.MySQLDialect
[04-25 00:05:48,737, 15663] org.hibernate.tool.hbm2ddl.SchemaExport HHH000227: Running hbm2ddl schema export
[04-25 00:05:48,769, 15695] org.hibernate.tool.hbm2ddl.SchemaExport HHH000230: Schema export complete
[04-25 00:05:48,841, 15767] org.hibernate.engine.jdbc.connections.internal.DriverManagerConnectionProviderImpl HHH000402: Using Hibernate built-in connection pool (not for production use!)
[04-25 00:05:48,841, 15767] org.hibernate.engine.jdbc.connections.internal.DriverManagerConnectionProviderImpl HHH000401: using driver [com.mysql.jdbc.Driver] at URL [jdbc:mysql://localhost:3306/db_Poliglot]
[04-25 00:05:48,841, 15767] org.hibernate.engine.jdbc.connections.internal.DriverManagerConnectionProviderImpl HHH000046: Connection properties: {user=poliglot_game, password=****}
[04-25 00:05:48,842, 15768] org.hibernate.engine.jdbc.connections.internal.DriverManagerConnectionProviderImpl HHH000006: Autocommit mode: false
[04-25 00:05:48,842, 15768] org.hibernate.engine.jdbc.connections.internal.DriverManagerConnectionProviderImpl HHH000115: Hibernate connection pool size: 20 (min=1)
[04-25 00:05:48,850, 15776] org.hibernate.dialect.Dialect HHH000400: Using dialect: org.hibernate.dialect.MySQLDialect
[04-25 00:05:48,867, 15793] org.hibernate.tool.hbm2ddl.SchemaExport HHH000227: Running hbm2ddl schema export
[04-25 00:05:48,904, 15830] org.hibernate.tool.hbm2ddl.SchemaExport HHH000230: Schema export complete
[04-25 00:05:48,967, 15893] account.AccountServiceImpl Пользователь добавлен: {1, test1, testpass1, 1@mail.com}
[04-25 00:05:48,979, 15905] account.AccountServiceImpl Сессия добавлена: {1, test1, testpass1, 1@mail.com}
[04-25 00:05:48,998, 15924] account.AccountServiceImpl Пользователь изменен: {1}
[04-25 00:05:49,009, 15935] org.hibernate.engine.jdbc.connections.internal.DriverManagerConnectionProviderImpl HHH000402: Using Hibernate built-in connection pool (not for production use!)
[04-25 00:05:49,010, 15936] org.hibernate.engine.jdbc.connections.internal.DriverManagerConnectionProviderImpl HHH000401: using driver [com.mysql.jdbc.Driver] at URL [jdbc:mysql://localhost:3306/db_Poliglot]
[04-25 00:05:49,010, 15936] org.hibernate.engine.jdbc.connections.internal.DriverManagerConnectionProviderImpl HHH000046: Connection properties: {user=poliglot_game, password=****}
[04-25 00:05:49,010, 15936] org.hibernate.engine.jdbc.connections.internal.DriverManagerConnectionProviderImpl HHH000006: Autocommit mode: false
[04-25 00:05:49,010, 15936] org.hibernate.engine.jdbc.connections.internal.DriverManagerConnectionProviderImpl HHH000115: Hibernate connection pool size: 20 (min=1)
[04-25 00:05:49,014, 15940] org.hibernate.dialect.Dialect HHH000400: Using dialect: org.hibernate.dialect.MySQLDialect
[04-25 00:05:49,025, 15951] org.hibernate.tool.hbm2ddl.SchemaExport HHH000227: Running hbm2ddl schema export
[04-25 00:05:49,061, 15987] org.hibernate.tool.hbm2ddl.SchemaExport HHH000230: Schema export complete
[04-25 00:05:49,166, 16092] org.hibernate.engine.jdbc.connections.internal.DriverManagerConnectionProviderImpl HHH000402: Using Hibernate built-in connection pool (not for production use!)
[04-25 00:05:49,167, 16093] org.hibernate.engine.jdbc.connections.internal.DriverManagerConnectionProviderImpl HHH000401: using driver [com.mysql.jdbc.Driver] at URL [jdbc:mysql://localhost:3306/db_Poliglot]
[04-25 00:05:49,168, 16094] org.hibernate.engine.jdbc.connections.internal.DriverManagerConnectionProviderImpl HHH000046: Connection properties: {user=poliglot_game, password=****}
[04-25 00:05:49,168, 16094] org.hibernate.engine.jdbc.connections.internal.DriverManagerConnectionProviderImpl HHH000006: Autocommit mode: false
[04-25 00:05:49,169, 16095] org.hibernate.engine.jdbc.connections.internal.DriverManagerConnectionProviderImpl HHH000115: Hibernate connection pool size: 20 (min=1)
[04-25 00:05:49,175, 16101] org.hibernate.dialect.Dialect HHH000400: Using dialect: org.hibernate.dialect.MySQLDialect
[04-25 00:05:49,192, 16118] org.hibernate.tool.hbm2ddl.SchemaExport HHH000227: Running hbm2ddl schema export
[04-25 00:05:49,221, 16147] org.hibernate.tool.hbm2ddl.SchemaExport HHH000230: Schema export complete
[04-25 00:05:49,270, 16196] account.AccountServiceImpl Пользователь добавлен: {1, test1, testpass1, 1@mail.com}
[04-25 00:05:49,297, 16223] account.AccountServiceImpl Сессия добавлена: {1, test1, testpass1, 1@mail.com}
[04-25 00:05:49,331, 16257] org.hibernate.engine.jdbc.connections.internal.DriverManagerConnectionProviderImpl HHH000402: Using Hibernate built-in connection pool (not for production use!)
[04-25 00:05:49,331, 16257] org.hibernate.engine.jdbc.connections.internal.DriverManagerConnectionProviderImpl HHH000401: using driver [com.mysql.jdbc.Driver] at URL [jdbc:mysql://localhost:3306/db_Poliglot]
[04-25 00:05:49,332, 16258] org.hibernate.engine.jdbc.connections.internal.DriverManagerConnectionProviderImpl HHH000046: Connection properties: {user=poliglot_game, password=****}
[04-25 00:05:49,332, 16258] org.hibernate.engine.jdbc.connections.internal.DriverManagerConnectionProviderImpl HHH000006: Autocommit mode: false
[04-25 00:05:49,333, 16259] org.hibernate.engine.jdbc.connections.internal.DriverManagerConnectionProviderImpl HHH000115: Hibernate connection pool size: 20 (min=1)
[04-25 00:05:49,340, 16266] org.hibernate.dialect.Dialect HHH000400: Using dialect: org.hibernate.dialect.MySQLDialect
[04-25 00:05:49,356, 16282] org.hibernate.tool.hbm2ddl.SchemaExport HHH000227: Running hbm2ddl schema export
[04-25 00:05:49,391, 16317] org.hibernate.tool.hbm2ddl.SchemaExport HHH000230: Schema export complete
[04-25 00:05:49,453, 16379] org.hibernate.engine.jdbc.connections.internal.DriverManagerConnectionProviderImpl HHH000402: Using Hibernate built-in connection pool (not for production use!)
[04-25 00:05:49,454, 16380] org.hibernate.engine.jdbc.connections.internal.DriverManagerConnectionProviderImpl HHH000401: using driver [com.mysql.jdbc.Driver] at URL [jdbc:mysql://localhost:3306/db_Poliglot]
[04-25 00:05:49,454, 16380] org.hibernate.engine.jdbc.connections.internal.DriverManagerConnectionProviderImpl HHH000046: Connection properties: {user=poliglot_game, password=****}
[04-25 00:05:49,454, 16380] org.hibernate.engine.jdbc.connections.internal.DriverManagerConnectionProviderImpl HHH000006: Autocommit mode: false
[04-25 00:05:49,454, 16380] org.hibernate.engine.jdbc.connections.internal.DriverManagerConnectionProviderImpl HHH000115: Hibernate connection pool size: 20 (min=1)
[04-25 00:05:49,458, 16384] org.hibernate.dialect.Dialect HHH000400: Using dialect: org.hibernate.dialect.MySQLDialect
[04-25 00:05:49,467, 16393] org.hibernate.tool.hbm2ddl.SchemaExport HHH000227: Running hbm2ddl schema export
[04-25 00:05:49,506, 16432] org.hibernate.tool.hbm2ddl.SchemaExport HHH000230: Schema export complete
[04-25 00:05:49,557, 16483] account.AccountServiceImpl Пользователь добавлен: {1, test1, testpass1, 1@mail.com}
[04-25 00:05:49,571, 16497] account.AccountServiceImpl Пользователь НЕ добавлен
[04-25 00:05:49,581, 16507] org.hibernate.engine.jdbc.connections.internal.DriverManagerConnectionProviderImpl HHH000402: Using Hibernate built-in connection pool (not for production use!)
[04-25 00:05:49,582, 16508] org.hibernate.engine.jdbc.connections.internal.DriverManagerConnectionProviderImpl HHH000401: using driver [com.mysql.jdbc.Driver] at URL [jdbc:mysql://localhost:3306/db_Poliglot]
[04-25 00:05:49,582, 16508] org.hibernate.engine.jdbc.connections.internal.DriverManagerConnectionProviderImpl HHH000046: Connection properties: {user=poliglot_game, password=****}
[04-25 00:05:49,582, 16508] org.hibernate.engine.jdbc.connections.internal.DriverManagerConnectionProviderImpl HHH000006: Autocommit mode: false
[04-25 00:05:49,582, 16508] org.hibernate.engine.jdbc.connections.internal.DriverManagerConnectionProviderImpl HHH000115: Hibernate connection pool size: 20 (min=1)
[04-25 00:05:49,587, 16513] org.hibernate.dialect.Dialect HHH000400: Using dialect: org.hibernate.dialect.MySQLDialect
[04-25 00:05:49,596, 16522] org.hibernate.tool.hbm2ddl.SchemaExport HHH000227: Running hbm2ddl schema export
[04-25 00:05:49,623, 16549] org.hibernate.tool.hbm2ddl.SchemaExport HHH000230: Schema export complete
[04-25 00:05:49,686, 16612] org.hibernate.engine.jdbc.connections.internal.DriverManagerConnectionProviderImpl HHH000402: Using Hibernate built-in connection pool (not for production use!)
[04-25 00:05:49,686, 16612] org.hibernate.engine.jdbc.connections.internal.DriverManagerConnectionProviderImpl HHH000401: using driver [com.mysql.jdbc.Driver] at URL [jdbc:mysql://localhost:3306/db_Poliglot]
[04-25 00:05:49,686, 16612] org.hibernate.engine.jdbc.connections.internal.DriverManagerConnectionProviderImpl HHH000046: Connection properties: {user=poliglot_game, password=****}
[04-25 00:05:49,686, 16612] org.hibernate.engine.jdbc.connections.internal.DriverManagerConnectionProviderImpl HHH000006: Autocommit mode: false
[04-25 00:05:49,686, 16612] org.hibernate.engine.jdbc.connections.internal.DriverManagerConnectionProviderImpl HHH000115: Hibernate connection pool size: 20 (min=1)
[04-25 00:05:49,690, 16616] org.hibernate.dialect.Dialect HHH000400: Using dialect: org.hibernate.dialect.MySQLDialect
[04-25 00:05:49,700, 16626] org.hibernate.tool.hbm2ddl.SchemaExport HHH000227: Running hbm2ddl schema export
[04-25 00:05:49,743, 16669] org.hibernate.tool.hbm2ddl.SchemaExport HHH000230: Schema export complete
[04-25 00:05:49,804, 16730] account.AccountServiceImpl Пользователь добавлен: {1, test, testpass1, 1@mail.com}
[04-25 00:05:49,822, 16748] account.AccountServiceImpl Пользователь НЕ добавлен
[04-25 00:05:49,832, 16758] org.hibernate.engine.jdbc.connections.internal.DriverManagerConnectionProviderImpl HHH000402: Using Hibernate built-in connection pool (not for production use!)
[04-25 00:05:49,833, 16759] org.hibernate.engine.jdbc.connections.internal.DriverManagerConnectionProviderImpl HHH000401: using driver [com.mysql.jdbc.Driver] at URL [jdbc:mysql://localhost:3306/db_Poliglot]
[04-25 00:05:49,833, 16759] org.hibernate.engine.jdbc.connections.internal.DriverManagerConnectionProviderImpl HHH000046: Connection properties: {user=poliglot_game, password=****}
[04-25 00:05:49,833, 16759] org.hibernate.engine.jdbc.connections.internal.DriverManagerConnectionProviderImpl HHH000006: Autocommit mode: false
[04-25 00:05:49,833, 16759] org.hibernate.engine.jdbc.connections.internal.DriverManagerConnectionProviderImpl HHH000115: Hibernate connection pool size: 20 (min=1)
[04-25 00:05:49,838, 16764] org.hibernate.dialect.Dialect HHH000400: Using dialect: org.hibernate.dialect.MySQLDialect
[04-25 00:05:49,848, 16774] org.hibernate.tool.hbm2ddl.SchemaExport HHH000227: Running hbm2ddl schema export
[04-25 00:05:49,877, 16803] org.hibernate.tool.hbm2ddl.SchemaExport HHH000230: Schema export complete
[04-25 00:05:49,947, 16873] org.hibernate.engine.jdbc.connections.internal.DriverManagerConnectionProviderImpl HHH000402: Using Hibernate built-in connection pool (not for production use!)
[04-25 00:05:49,948, 16874] org.hibernate.engine.jdbc.connections.internal.DriverManagerConnectionProviderImpl HHH000401: using driver [com.mysql.jdbc.Driver] at URL [jdbc:mysql://localhost:3306/db_Poliglot]
[04-25 00:05:49,948, 16874] org.hibernate.engine.jdbc.connections.internal.DriverManagerConnectionProviderImpl HHH000046: Connection properties: {user=poliglot_game, password=****}
[04-25 00:05:49,948, 16874] org.hibernate.engine.jdbc.connections.internal.DriverManagerConnectionProviderImpl HHH000006: Autocommit mode: false
[04-25 00:05:49,948, 16874] org.hibernate.engine.jdbc.connections.internal.DriverManagerConnectionProviderImpl HHH000115: Hibernate connection pool size: 20 (min=1)
[04-25 00:05:49,952, 16878] org.hibernate.dialect.Dialect HHH000400: Using dialect: org.hibernate.dialect.MySQLDialect
[04-25 00:05:49,964, 16890] org.hibernate.tool.hbm2ddl.SchemaExport HHH000227: Running hbm2ddl schema export
[04-25 00:05:50,004, 16930] org.hibernate.tool.hbm2ddl.SchemaExport HHH000230: Schema export complete
[04-25 00:05:50,062, 16988] account.AccountServiceImpl Пользователь добавлен: {1, test1, testpass1, 1@mail.com}
[04-25 00:05:50,088, 17014] org.hibernate.engine.jdbc.connections.internal.DriverManagerConnectionProviderImpl HHH000402: Using Hibernate built-in connection pool (not for production use!)
[04-25 00:05:50,088, 17014] org.hibernate.engine.jdbc.connections.internal.DriverManagerConnectionProviderImpl HHH000401: using driver [com.mysql.jdbc.Driver] at URL [jdbc:mysql://localhost:3306/db_Poliglot]
[04-25 00:05:50,088, 17014] org.hibernate.engine.jdbc.connections.internal.DriverManagerConnectionProviderImpl HHH000046: Connection properties: {user=poliglot_game, password=****}
[04-25 00:05:50,088, 17014] org.hibernate.engine.jdbc.connections.internal.DriverManagerConnectionProviderImpl HHH000006: Autocommit mode: false
[04-25 00:05:50,089, 17015] org.hibernate.engine.jdbc.connections.internal.DriverManagerConnectionProviderImpl HHH000115: Hibernate connection pool size: 20 (min=1)
[04-25 00:05:50,093, 17019] org.hibernate.dialect.Dialect HHH000400: Using dialect: org.hibernate.dialect.MySQLDialect
[04-25 00:05:50,104, 17030] org.hibernate.tool.hbm2ddl.SchemaExport HHH000227: Running hbm2ddl schema export
[04-25 00:05:50,138, 17064] org.hibernate.tool.hbm2ddl.SchemaExport HHH000230: Schema export complete
[04-25 00:05:50,250, 17176] org.hibernate.engine.jdbc.connections.internal.DriverManagerConnectionProviderImpl HHH000402: Using Hibernate built-in connection pool (not for production use!)
[04-25 00:05:50,251, 17177] org.hibernate.engine.jdbc.connections.internal.DriverManagerConnectionProviderImpl HHH000401: using driver [com.mysql.jdbc.Driver] at URL [jdbc:mysql://localhost:3306/db_Poliglot]
[04-25 00:05:50,251, 17177] org.hibernate.engine.jdbc.connections.internal.DriverManagerConnectionProviderImpl HHH000046: Connection properties: {user=poliglot_game, password=****}
[04-25 00:05:50,252, 17178] org.hibernate.engine.jdbc.connections.internal.DriverManagerConnectionProviderImpl HHH000006: Autocommit mode: false
[04-25 00:05:50,252, 17178] org.hibernate.engine.jdbc.connections.internal.DriverManagerConnectionProviderImpl HHH000115: Hibernate connection pool size: 20 (min=1)
[04-25 00:05:50,257, 17183] org.hibernate.dialect.Dialect HHH000400: Using dialect: org.hibernate.dialect.MySQLDialect
[04-25 00:05:50,271, 17197] org.hibernate.tool.hbm2ddl.SchemaExport HHH000227: Running hbm2ddl schema export
[04-25 00:05:50,305, 17231] org.hibernate.tool.hbm2ddl.SchemaExport HHH000230: Schema export complete
[04-25 00:05:50,346, 17272] account.AccountServiceImpl Пользователь добавлен: {1, test1, testpass1, 1@mail.com}
[04-25 00:05:50,356, 17282] org.hibernate.engine.jdbc.connections.internal.DriverManagerConnectionProviderImpl HHH000402: Using Hibernate built-in connection pool (not for production use!)
[04-25 00:05:50,357, 17283] org.hibernate.engine.jdbc.connections.internal.DriverManagerConnectionProviderImpl HHH000401: using driver [com.mysql.jdbc.Driver] at URL [jdbc:mysql://localhost:3306/db_Poliglot]
[04-25 00:05:50,357, 17283] org.hibernate.engine.jdbc.connections.internal.DriverManagerConnectionProviderImpl HHH000046: Connection properties: {user=poliglot_game, password=****}
[04-25 00:05:50,357, 17283] org.hibernate.engine.jdbc.connections.internal.DriverManagerConnectionProviderImpl HHH000006: Autocommit mode: false
[04-25 00:05:50,357, 17283] org.hibernate.engine.jdbc.connections.internal.DriverManagerConnectionProviderImpl HHH000115: Hibernate connection pool size: 20 (min=1)
[04-25 00:05:50,365, 17291] org.hibernate.dialect.Dialect HHH000400: Using dialect: org.hibernate.dialect.MySQLDialect
[04-25 00:05:50,376, 17302] org.hibernate.tool.hbm2ddl.SchemaExport HHH000227: Running hbm2ddl schema export
[04-25 00:05:50,408, 17334] org.hibernate.tool.hbm2ddl.SchemaExport HHH000230: Schema export complete
[04-25 00:05:50,471, 17397] org.hibernate.engine.jdbc.connections.internal.DriverManagerConnectionProviderImpl HHH000402: Using Hibernate built-in connection pool (not for production use!)
[04-25 00:05:50,471, 17397] org.hibernate.engine.jdbc.connections.internal.DriverManagerConnectionProviderImpl HHH000401: using driver [com.mysql.jdbc.Driver] at URL [jdbc:mysql://localhost:3306/db_Poliglot]
[04-25 00:05:50,472, 17398] org.hibernate.engine.jdbc.connections.internal.DriverManagerConnectionProviderImpl HHH000046: Connection properties: {user=poliglot_game, password=****}
[04-25 00:05:50,472, 17398] org.hibernate.engine.jdbc.connections.internal.DriverManagerConnectionProviderImpl HHH000006: Autocommit mode: false
[04-25 00:05:50,472, 17398] org.hibernate.engine.jdbc.connections.internal.DriverManagerConnectionProviderImpl HHH000115: Hibernate connection pool size: 20 (min=1)
[04-25 00:05:50,478, 17404] org.hibernate.dialect.Dialect HHH000400: Using dialect: org.hibernate.dialect.MySQLDialect
[04-25 00:05:50,489, 17415] org.hibernate.tool.hbm2ddl.SchemaExport HHH000227: Running hbm2ddl schema export
[04-25 00:05:50,515, 17441] org.hibernate.tool.hbm2ddl.SchemaExport HHH000230: Schema export complete
[04-25 00:05:50,567, 17493] account.AccountServiceImpl Пользователь добавлен: {1, test1, testpass1, 1@mail.com}
[04-25 00:05:50,580, 17506] account.AccountServiceImpl Сессия добавлена: {1, test1, testpass1, 1@mail.com}
[04-25 00:05:50,589, 17515] account.AccountServiceImpl Сессия удалена: {1, test1, testpass1, 1@mail.com}
[04-25 00:05:50,594, 17520] account.AccountServiceImpl Пользователь удален: {1}
[04-25 00:05:50,605, 17531] org.hibernate.engine.jdbc.connections.internal.DriverManagerConnectionProviderImpl HHH000402: Using Hibernate built-in connection pool (not for production use!)
[04-25 00:05:50,606, 17532] org.hibernate.engine.jdbc.connections.internal.DriverManagerConnectionProviderImpl HHH000401: using driver [com.mysql.jdbc.Driver] at URL [jdbc:mysql://localhost:3306/db_Poliglot]
[04-25 00:05:50,606, 17532] org.hibernate.engine.jdbc.connections.internal.DriverManagerConnectionProviderImpl HHH000046: Connection properties: {user=poliglot_game, password=****}
[04-25 00:05:50,606, 17532] org.hibernate.engine.jdbc.connections.internal.DriverManagerConnectionProviderImpl HHH000006: Autocommit mode: false
[04-25 00:05:50,606, 17532] org.hibernate.engine.jdbc.connections.internal.DriverManagerConnectionProviderImpl HHH000115: Hibernate connection pool size: 20 (min=1)
[04-25 00:05:50,610, 17536] org.hibernate.dialect.Dialect HHH000400: Using dialect: org.hibernate.dialect.MySQLDialect
[04-25 00:05:50,620, 17546] org.hibernate.tool.hbm2ddl.SchemaExport HHH000227: Running hbm2ddl schema export
[04-25 00:05:50,649, 17575] org.hibernate.tool.hbm2ddl.SchemaExport HHH000230: Schema export complete
[04-25 00:05:50,725, 17651] org.hibernate.engine.jdbc.connections.internal.DriverManagerConnectionProviderImpl HHH000402: Using Hibernate built-in connection pool (not for production use!)
[04-25 00:05:50,726, 17652] org.hibernate.engine.jdbc.connections.internal.DriverManagerConnectionProviderImpl HHH000401: using driver [com.mysql.jdbc.Driver] at URL [jdbc:mysql://localhost:3306/db_Poliglot]
[04-25 00:05:50,726, 17652] org.hibernate.engine.jdbc.connections.internal.DriverManagerConnectionProviderImpl HHH000046: Connection properties: {user=poliglot_game, password=****}
[04-25 00:05:50,726, 17652] org.hibernate.engine.jdbc.connections.internal.DriverManagerConnectionProviderImpl HHH000006: Autocommit mode: false
[04-25 00:05:50,727, 17653] org.hibernate.engine.jdbc.connections.internal.DriverManagerConnectionProviderImpl HHH000115: Hibernate connection pool size: 20 (min=1)
[04-25 00:05:50,731, 17657] org.hibernate.dialect.Dialect HHH000400: Using dialect: org.hibernate.dialect.MySQLDialect
[04-25 00:05:50,743, 17669] org.hibernate.tool.hbm2ddl.SchemaExport HHH000227: Running hbm2ddl schema export
[04-25 00:05:50,778, 17704] org.hibernate.tool.hbm2ddl.SchemaExport HHH000230: Schema export complete
[04-25 00:05:50,785, 17711] account.AccountServiceImpl Пользователь добавлен: {1, test1, testpass1, 1@mail.com}
[04-25 00:05:50,823, 17749] org.hibernate.engine.jdbc.connections.internal.DriverManagerConnectionProviderImpl HHH000402: Using Hibernate built-in connection pool (not for production use!)
[04-25 00:05:50,823, 17749] org.hibernate.engine.jdbc.connections.internal.DriverManagerConnectionProviderImpl HHH000401: using driver [com.mysql.jdbc.Driver] at URL [jdbc:mysql://localhost:3306/db_Poliglot]
[04-25 00:05:50,824, 17750] org.hibernate.engine.jdbc.connections.internal.DriverManagerConnectionProviderImpl HHH000046: Connection properties: {user=poliglot_game, password=****}
[04-25 00:05:50,824, 17750] org.hibernate.engine.jdbc.connections.internal.DriverManagerConnectionProviderImpl HHH000006: Autocommit mode: false
[04-25 00:05:50,824, 17750] org.hibernate.engine.jdbc.connections.internal.DriverManagerConnectionProviderImpl HHH000115: Hibernate connection pool size: 20 (min=1)
[04-25 00:05:50,827, 17753] org.hibernate.dialect.Dialect HHH000400: Using dialect: org.hibernate.dialect.MySQLDialect
[04-25 00:05:50,835, 17761] org.hibernate.tool.hbm2ddl.SchemaExport HHH000227: Running hbm2ddl schema export
[04-25 00:05:50,868, 17794] org.hibernate.tool.hbm2ddl.SchemaExport HHH000230: Schema export complete
[04-25 00:05:50,919, 17845] org.hibernate.engine.jdbc.connections.internal.DriverManagerConnectionProviderImpl HHH000402: Using Hibernate built-in connection pool (not for production use!)
[04-25 00:05:50,921, 17847] org.hibernate.engine.jdbc.connections.internal.DriverManagerConnectionProviderImpl HHH000401: using driver [com.mysql.jdbc.Driver] at URL [jdbc:mysql://localhost:3306/db_Poliglot]
[04-25 00:05:50,922, 17848] org.hibernate.engine.jdbc.connections.internal.DriverManagerConnectionProviderImpl HHH000046: Connection properties: {user=poliglot_game, password=****}
[04-25 00:05:50,922, 17848] org.hibernate.engine.jdbc.connections.internal.DriverManagerConnectionProviderImpl HHH000006: Autocommit mode: false
[04-25 00:05:50,922, 17848] org.hibernate.engine.jdbc.connections.internal.DriverManagerConnectionProviderImpl HHH000115: Hibernate connection pool size: 20 (min=1)
[04-25 00:05:50,926, 17852] org.hibernate.dialect.Dialect HHH000400: Using dialect: org.hibernate.dialect.MySQLDialect
[04-25 00:05:50,942, 17868] org.hibernate.tool.hbm2ddl.SchemaExport HHH000227: Running hbm2ddl schema export
[04-25 00:05:50,981, 17907] org.hibernate.tool.hbm2ddl.SchemaExport HHH000230: Schema export complete
[04-25 00:05:51,035, 17961] account.AccountServiceImpl Пользователь добавлен: {1, test1, testpass1, 1@mail.com}
[04-25 00:05:51,051, 17977] account.AccountServiceImpl Сессия добавлена: {1, test1, testpass1, 1@mail.com}
[04-25 00:05:51,080, 18006] org.hibernate.engine.jdbc.connections.internal.DriverManagerConnectionProviderImpl HHH000402: Using Hibernate built-in connection pool (not for production use!)
[04-25 00:05:51,080, 18006] org.hibernate.engine.jdbc.connections.internal.DriverManagerConnectionProviderImpl HHH000401: using driver [com.mysql.jdbc.Driver] at URL [jdbc:mysql://localhost:3306/db_Poliglot]
[04-25 00:05:51,080, 18006] org.hibernate.engine.jdbc.connections.internal.DriverManagerConnectionProviderImpl HHH000046: Connection properties: {user=poliglot_game, password=****}
[04-25 00:05:51,080, 18006] org.hibernate.engine.jdbc.connections.internal.DriverManagerConnectionProviderImpl HHH000006: Autocommit mode: false
[04-25 00:05:51,080, 18006] org.hibernate.engine.jdbc.connections.internal.DriverManagerConnectionProviderImpl HHH000115: Hibernate connection pool size: 20 (min=1)
[04-25 00:05:51,084, 18010] org.hibernate.dialect.Dialect HHH000400: Using dialect: org.hibernate.dialect.MySQLDialect
[04-25 00:05:51,090, 18016] org.hibernate.tool.hbm2ddl.SchemaExport HHH000227: Running hbm2ddl schema export
[04-25 00:05:51,116, 18042] org.hibernate.tool.hbm2ddl.SchemaExport HHH000230: Schema export complete
[04-25 00:05:51,193, 18119] org.hibernate.engine.jdbc.connections.internal.DriverManagerConnectionProviderImpl HHH000402: Using Hibernate built-in connection pool (not for production use!)
[04-25 00:05:51,193, 18119] org.hibernate.engine.jdbc.connections.internal.DriverManagerConnectionProviderImpl HHH000401: using driver [com.mysql.jdbc.Driver] at URL [jdbc:mysql://localhost:3306/db_Poliglot]
[04-25 00:05:51,193, 18119] org.hibernate.engine.jdbc.connections.internal.DriverManagerConnectionProviderImpl HHH000046: Connection properties: {user=poliglot_game, password=****}
[04-25 00:05:51,193, 18119] org.hibernate.engine.jdbc.connections.internal.DriverManagerConnectionProviderImpl HHH000006: Autocommit mode: false
[04-25 00:05:51,194, 18120] org.hibernate.engine.jdbc.connections.internal.DriverManagerConnectionProviderImpl HHH000115: Hibernate connection pool size: 20 (min=1)
[04-25 00:05:51,199, 18125] org.hibernate.dialect.Dialect HHH000400: Using dialect: org.hibernate.dialect.MySQLDialect
[04-25 00:05:51,214, 18140] org.hibernate.tool.hbm2ddl.SchemaExport HHH000227: Running hbm2ddl schema export
[04-25 00:05:51,257, 18183] org.hibernate.tool.hbm2ddl.SchemaExport HHH000230: Schema export complete
[04-25 00:05:51,294, 18220] account.AccountServiceImpl Пользователь добавлен: {1, test1, testpass1, 1@mail.com}
[04-25 00:05:51,317, 18243] org.hibernate.engine.jdbc.connections.internal.DriverManagerConnectionProviderImpl HHH000402: Using Hibernate built-in connection pool (not for production use!)
[04-25 00:05:51,318, 18244] org.hibernate.engine.jdbc.connections.internal.DriverManagerConnectionProviderImpl HHH000401: using driver [com.mysql.jdbc.Driver] at URL [jdbc:mysql://localhost:3306/db_Poliglot]
[04-25 00:05:51,318, 18244] org.hibernate.engine.jdbc.connections.internal.DriverManagerConnectionProviderImpl HHH000046: Connection properties: {user=poliglot_game, password=****}
[04-25 00:05:51,318, 18244] org.hibernate.engine.jdbc.connections.internal.DriverManagerConnectionProviderImpl HHH000006: Autocommit mode: false
[04-25 00:05:51,318, 18244] org.hibernate.engine.jdbc.connections.internal.DriverManagerConnectionProviderImpl HHH000115: Hibernate connection pool size: 20 (min=1)
[04-25 00:05:51,323, 18249] org.hibernate.dialect.Dialect HHH000400: Using dialect: org.hibernate.dialect.MySQLDialect
[04-25 00:05:51,330, 18256] org.hibernate.tool.hbm2ddl.SchemaExport HHH000227: Running hbm2ddl schema export
[04-25 00:05:51,365, 18291] org.hibernate.tool.hbm2ddl.SchemaExport HHH000230: Schema export complete
[04-25 00:05:51,420, 18346] org.hibernate.engine.jdbc.connections.internal.DriverManagerConnectionProviderImpl HHH000402: Using Hibernate built-in connection pool (not for production use!)
[04-25 00:05:51,420, 18346] org.hibernate.engine.jdbc.connections.internal.DriverManagerConnectionProviderImpl HHH000401: using driver [com.mysql.jdbc.Driver] at URL [jdbc:mysql://localhost:3306/db_Poliglot]
[04-25 00:05:51,420, 18346] org.hibernate.engine.jdbc.connections.internal.DriverManagerConnectionProviderImpl HHH000046: Connection properties: {user=poliglot_game, password=****}
[04-25 00:05:51,420, 18346] org.hibernate.engine.jdbc.connections.internal.DriverManagerConnectionProviderImpl HHH000006: Autocommit mode: false
[04-25 00:05:51,420, 18346] org.hibernate.engine.jdbc.connections.internal.DriverManagerConnectionProviderImpl HHH000115: Hibernate connection pool size: 20 (min=1)
[04-25 00:05:51,425, 18351] org.hibernate.dialect.Dialect HHH000400: Using dialect: org.hibernate.dialect.MySQLDialect
[04-25 00:05:51,436, 18362] org.hibernate.tool.hbm2ddl.SchemaExport HHH000227: Running hbm2ddl schema export
[04-25 00:05:51,467, 18393] org.hibernate.tool.hbm2ddl.SchemaExport HHH000230: Schema export complete
[04-25 00:05:51,479, 18405] account.AccountServiceImpl Пользователь добавлен: {1, test1, testpass1, 1@mail.com}
[04-25 00:05:51,524, 18450] org.hibernate.engine.jdbc.connections.internal.DriverManagerConnectionProviderImpl HHH000402: Using Hibernate built-in connection pool (not for production use!)
[04-25 00:05:51,524, 18450] org.hibernate.engine.jdbc.connections.internal.DriverManagerConnectionProviderImpl HHH000401: using driver [com.mysql.jdbc.Driver] at URL [jdbc:mysql://localhost:3306/db_Poliglot]
[04-25 00:05:51,525, 18451] org.hibernate.engine.jdbc.connections.internal.DriverManagerConnectionProviderImpl HHH000046: Connection properties: {user=poliglot_game, password=****}
[04-25 00:05:51,525, 18451] org.hibernate.engine.jdbc.connections.internal.DriverManagerConnectionProviderImpl HHH000006: Autocommit mode: false
[04-25 00:05:51,525, 18451] org.hibernate.engine.jdbc.connections.internal.DriverManagerConnectionProviderImpl HHH000115: Hibernate connection pool size: 20 (min=1)
[04-25 00:05:51,530, 18456] org.hibernate.dialect.Dialect HHH000400: Using dialect: org.hibernate.dialect.MySQLDialect
[04-25 00:05:51,538, 18464] org.hibernate.tool.hbm2ddl.SchemaExport HHH000227: Running hbm2ddl schema export
[04-25 00:05:51,570, 18496] org.hibernate.tool.hbm2ddl.SchemaExport HHH000230: Schema export complete
[04-25 00:05:51,626, 18552] org.hibernate.engine.jdbc.connections.internal.DriverManagerConnectionProviderImpl HHH000402: Using Hibernate built-in connection pool (not for production use!)
[04-25 00:05:51,626, 18552] org.hibernate.engine.jdbc.connections.internal.DriverManagerConnectionProviderImpl HHH000401: using driver [com.mysql.jdbc.Driver] at URL [jdbc:mysql://localhost:3306/db_Poliglot]
[04-25 00:05:51,627, 18553] org.hibernate.engine.jdbc.connections.internal.DriverManagerConnectionProviderImpl HHH000046: Connection properties: {user=poliglot_game, password=****}
[04-25 00:05:51,627, 18553] org.hibernate.engine.jdbc.connections.internal.DriverManagerConnectionProviderImpl HHH000006: Autocommit mode: false
[04-25 00:05:51,627, 18553] org.hibernate.engine.jdbc.connections.internal.DriverManagerConnectionProviderImpl HHH000115: Hibernate connection pool size: 20 (min=1)
[04-25 00:05:51,632, 18558] org.hibernate.dialect.Dialect HHH000400: Using dialect: org.hibernate.dialect.MySQLDialect
[04-25 00:05:51,644, 18570] org.hibernate.tool.hbm2ddl.SchemaExport HHH000227: Running hbm2ddl schema export
[04-25 00:05:51,684, 18610] org.hibernate.tool.hbm2ddl.SchemaExport HHH000230: Schema export complete
[04-25 00:05:51,694, 18620] account.AccountServiceImpl Пользователь добавлен: {1, test1, testpass1, 1@mail.com}
[04-25 00:05:51,701, 18627] account.AccountServiceImpl Пользователь добавлен: {2, test2, testpass2, 2@mail.com}
[04-25 00:05:51,748, 18674] org.hibernate.engine.jdbc.connections.internal.DriverManagerConnectionProviderImpl HHH000402: Using Hibernate built-in connection pool (not for production use!)
[04-25 00:05:51,748, 18674] org.hibernate.engine.jdbc.connections.internal.DriverManagerConnectionProviderImpl HHH000401: using driver [com.mysql.jdbc.Driver] at URL [jdbc:mysql://localhost:3306/db_Poliglot]
[04-25 00:05:51,748, 18674] org.hibernate.engine.jdbc.connections.internal.DriverManagerConnectionProviderImpl HHH000046: Connection properties: {user=poliglot_game, password=****}
[04-25 00:05:51,748, 18674] org.hibernate.engine.jdbc.connections.internal.DriverManagerConnectionProviderImpl HHH000006: Autocommit mode: false
[04-25 00:05:51,748, 18674] org.hibernate.engine.jdbc.connections.internal.DriverManagerConnectionProviderImpl HHH000115: Hibernate connection pool size: 20 (min=1)
[04-25 00:05:51,752, 18678] org.hibernate.dialect.Dialect HHH000400: Using dialect: org.hibernate.dialect.MySQLDialect
[04-25 00:05:51,760, 18686] org.hibernate.tool.hbm2ddl.SchemaExport HHH000227: Running hbm2ddl schema export
[04-25 00:05:51,810, 18736] org.hibernate.tool.hbm2ddl.SchemaExport HHH000230: Schema export complete
[04-25 00:05:51,900, 18826] org.hibernate.engine.jdbc.connections.internal.DriverManagerConnectionProviderImpl HHH000402: Using Hibernate built-in connection pool (not for production use!)
[04-25 00:05:51,901, 18827] org.hibernate.engine.jdbc.connections.internal.DriverManagerConnectionProviderImpl HHH000401: using driver [com.mysql.jdbc.Driver] at URL [jdbc:mysql://localhost:3306/db_Poliglot]
[04-25 00:05:51,902, 18828] org.hibernate.engine.jdbc.connections.internal.DriverManagerConnectionProviderImpl HHH000046: Connection properties: {user=poliglot_game, password=****}
[04-25 00:05:51,902, 18828] org.hibernate.engine.jdbc.connections.internal.DriverManagerConnectionProviderImpl HHH000006: Autocommit mode: false
[04-25 00:05:51,902, 18828] org.hibernate.engine.jdbc.connections.internal.DriverManagerConnectionProviderImpl HHH000115: Hibernate connection pool size: 20 (min=1)
[04-25 00:05:51,907, 18833] org.hibernate.dialect.Dialect HHH000400: Using dialect: org.hibernate.dialect.MySQLDialect
[04-25 00:05:51,918, 18844] org.hibernate.tool.hbm2ddl.SchemaExport HHH000227: Running hbm2ddl schema export
[04-25 00:05:51,957, 18883] org.hibernate.tool.hbm2ddl.SchemaExport HHH000230: Schema export complete
[04-25 00:05:52,007, 18933] account.AccountServiceImpl Пользователь НЕ добавлен
