[04-24 17:26:23,097, 2134] org.hibernate.Version HHH000412: Hibernate Core {5.0.3.Final}
[04-24 17:26:23,105, 2142] org.hibernate.cfg.Environment HHH000206: hibernate.properties not found
[04-24 17:26:23,109, 2146] org.hibernate.cfg.Environment HHH000021: Bytecode provider name : javassist
[04-24 17:26:23,301, 2338] org.hibernate.annotations.common.Version HCANN000001: Hibernate Commons Annotations {5.0.0.Final}
[04-24 17:26:23,663, 2700] org.hibernate.engine.jdbc.connections.internal.DriverManagerConnectionProviderImpl HHH000402: Using Hibernate built-in connection pool (not for production use!)
[04-24 17:26:23,682, 2719] org.hibernate.engine.jdbc.connections.internal.DriverManagerConnectionProviderImpl HHH000401: using driver [com.mysql.jdbc.Driver] at URL [jdbc:mysql://localhost:3306/db_Poliglot]
[04-24 17:26:23,683, 2720] org.hibernate.engine.jdbc.connections.internal.DriverManagerConnectionProviderImpl HHH000046: Connection properties: {user=poliglot_game, password=****}
[04-24 17:26:23,683, 2720] org.hibernate.engine.jdbc.connections.internal.DriverManagerConnectionProviderImpl HHH000006: Autocommit mode: false
[04-24 17:26:23,686, 2723] org.hibernate.engine.jdbc.connections.internal.DriverManagerConnectionProviderImpl HHH000115: Hibernate connection pool size: 20 (min=1)
[04-24 17:26:24,359, 3396] org.hibernate.dialect.Dialect HHH000400: Using dialect: org.hibernate.dialect.MySQLDialect
[04-24 17:26:26,055, 5092] org.hibernate.tool.hbm2ddl.SchemaUpdate HHH000228: Running hbm2ddl schema update
[04-24 17:26:26,421, 5458] account.AccountServiceImpl Пользователь НЕ добавлен
[04-24 17:26:26,450, 5487] org.hibernate.engine.jdbc.connections.internal.DriverManagerConnectionProviderImpl HHH000402: Using Hibernate built-in connection pool (not for production use!)
[04-24 17:26:26,450, 5487] org.hibernate.engine.jdbc.connections.internal.DriverManagerConnectionProviderImpl HHH000401: using driver [com.mysql.jdbc.Driver] at URL [jdbc:mysql://localhost:3306/db_Poliglot]
[04-24 17:26:26,450, 5487] org.hibernate.engine.jdbc.connections.internal.DriverManagerConnectionProviderImpl HHH000046: Connection properties: {user=poliglot_game, password=****}
[04-24 17:26:26,450, 5487] org.hibernate.engine.jdbc.connections.internal.DriverManagerConnectionProviderImpl HHH000006: Autocommit mode: false
[04-24 17:26:26,450, 5487] org.hibernate.engine.jdbc.connections.internal.DriverManagerConnectionProviderImpl HHH000115: Hibernate connection pool size: 20 (min=1)
[04-24 17:26:26,468, 5505] org.hibernate.dialect.Dialect HHH000400: Using dialect: org.hibernate.dialect.MySQLDialect
[04-24 17:26:26,489, 5526] org.hibernate.tool.hbm2ddl.SchemaUpdate HHH000228: Running hbm2ddl schema update
[04-24 17:26:26,526, 5563] account.AccountServiceImpl Пользователь НЕ добавлен
[04-24 17:26:26,537, 5574] org.hibernate.engine.jdbc.connections.internal.DriverManagerConnectionProviderImpl HHH000402: Using Hibernate built-in connection pool (not for production use!)
[04-24 17:26:26,537, 5574] org.hibernate.engine.jdbc.connections.internal.DriverManagerConnectionProviderImpl HHH000401: using driver [com.mysql.jdbc.Driver] at URL [jdbc:mysql://localhost:3306/db_Poliglot]
[04-24 17:26:26,537, 5574] org.hibernate.engine.jdbc.connections.internal.DriverManagerConnectionProviderImpl HHH000046: Connection properties: {user=poliglot_game, password=****}
[04-24 17:26:26,537, 5574] org.hibernate.engine.jdbc.connections.internal.DriverManagerConnectionProviderImpl HHH000006: Autocommit mode: false
[04-24 17:26:26,538, 5575] org.hibernate.engine.jdbc.connections.internal.DriverManagerConnectionProviderImpl HHH000115: Hibernate connection pool size: 20 (min=1)
[04-24 17:26:26,545, 5582] org.hibernate.dialect.Dialect HHH000400: Using dialect: org.hibernate.dialect.MySQLDialect
[04-24 17:26:26,561, 5598] org.hibernate.tool.hbm2ddl.SchemaUpdate HHH000228: Running hbm2ddl schema update
[04-24 17:26:26,624, 5661] account.AccountServiceImpl Пользователь добавлен: {3, test, testpass, test@mail.com}
[04-24 17:26:26,640, 5677] org.hibernate.engine.jdbc.connections.internal.DriverManagerConnectionProviderImpl HHH000402: Using Hibernate built-in connection pool (not for production use!)
[04-24 17:26:26,640, 5677] org.hibernate.engine.jdbc.connections.internal.DriverManagerConnectionProviderImpl HHH000401: using driver [com.mysql.jdbc.Driver] at URL [jdbc:mysql://localhost:3306/db_Poliglot]
[04-24 17:26:26,641, 5678] org.hibernate.engine.jdbc.connections.internal.DriverManagerConnectionProviderImpl HHH000046: Connection properties: {user=poliglot_game, password=****}
[04-24 17:26:26,641, 5678] org.hibernate.engine.jdbc.connections.internal.DriverManagerConnectionProviderImpl HHH000006: Autocommit mode: false
[04-24 17:26:26,641, 5678] org.hibernate.engine.jdbc.connections.internal.DriverManagerConnectionProviderImpl HHH000115: Hibernate connection pool size: 20 (min=1)
[04-24 17:26:26,650, 5687] org.hibernate.dialect.Dialect HHH000400: Using dialect: org.hibernate.dialect.MySQLDialect
[04-24 17:26:26,676, 5713] org.hibernate.tool.hbm2ddl.SchemaUpdate HHH000228: Running hbm2ddl schema update
[04-24 17:26:26,726, 5763] account.AccountServiceImpl Пользователь НЕ добавлен
[04-24 17:26:26,731, 5768] account.AccountServiceImpl Юзер differUser не найден
[04-24 17:26:26,741, 5778] org.hibernate.engine.jdbc.connections.internal.DriverManagerConnectionProviderImpl HHH000402: Using Hibernate built-in connection pool (not for production use!)
[04-24 17:26:26,741, 5778] org.hibernate.engine.jdbc.connections.internal.DriverManagerConnectionProviderImpl HHH000401: using driver [com.mysql.jdbc.Driver] at URL [jdbc:mysql://localhost:3306/db_Poliglot]
[04-24 17:26:26,741, 5778] org.hibernate.engine.jdbc.connections.internal.DriverManagerConnectionProviderImpl HHH000046: Connection properties: {user=poliglot_game, password=****}
[04-24 17:26:26,742, 5779] org.hibernate.engine.jdbc.connections.internal.DriverManagerConnectionProviderImpl HHH000006: Autocommit mode: false
[04-24 17:26:26,742, 5779] org.hibernate.engine.jdbc.connections.internal.DriverManagerConnectionProviderImpl HHH000115: Hibernate connection pool size: 20 (min=1)
[04-24 17:26:26,748, 5785] org.hibernate.dialect.Dialect HHH000400: Using dialect: org.hibernate.dialect.MySQLDialect
[04-24 17:26:26,767, 5804] org.hibernate.tool.hbm2ddl.SchemaUpdate HHH000228: Running hbm2ddl schema update
[04-24 17:26:26,795, 5832] account.AccountServiceImpl Пользователь НЕ добавлен
[04-24 17:26:26,816, 5853] org.hibernate.engine.jdbc.connections.internal.DriverManagerConnectionProviderImpl HHH000402: Using Hibernate built-in connection pool (not for production use!)
[04-24 17:26:26,816, 5853] org.hibernate.engine.jdbc.connections.internal.DriverManagerConnectionProviderImpl HHH000401: using driver [com.mysql.jdbc.Driver] at URL [jdbc:mysql://localhost:3306/db_Poliglot]
[04-24 17:26:26,816, 5853] org.hibernate.engine.jdbc.connections.internal.DriverManagerConnectionProviderImpl HHH000046: Connection properties: {user=poliglot_game, password=****}
[04-24 17:26:26,816, 5853] org.hibernate.engine.jdbc.connections.internal.DriverManagerConnectionProviderImpl HHH000006: Autocommit mode: false
[04-24 17:26:26,816, 5853] org.hibernate.engine.jdbc.connections.internal.DriverManagerConnectionProviderImpl HHH000115: Hibernate connection pool size: 20 (min=1)
[04-24 17:26:26,821, 5858] org.hibernate.dialect.Dialect HHH000400: Using dialect: org.hibernate.dialect.MySQLDialect
[04-24 17:26:26,834, 5871] org.hibernate.tool.hbm2ddl.SchemaUpdate HHH000228: Running hbm2ddl schema update
[04-24 17:26:26,896, 5933] account.AccountServiceImpl Пользователь НЕ добавлен
[04-24 17:26:26,900, 5937] account.AccountServiceImpl Сессия добавлена: {-1, test, testpass1, 1@mail.com}
[04-24 17:26:26,915, 5952] org.hibernate.engine.jdbc.connections.internal.DriverManagerConnectionProviderImpl HHH000402: Using Hibernate built-in connection pool (not for production use!)
[04-24 17:26:26,915, 5952] org.hibernate.engine.jdbc.connections.internal.DriverManagerConnectionProviderImpl HHH000401: using driver [com.mysql.jdbc.Driver] at URL [jdbc:mysql://localhost:3306/db_Poliglot]
[04-24 17:26:26,916, 5953] org.hibernate.engine.jdbc.connections.internal.DriverManagerConnectionProviderImpl HHH000046: Connection properties: {user=poliglot_game, password=****}
[04-24 17:26:26,916, 5953] org.hibernate.engine.jdbc.connections.internal.DriverManagerConnectionProviderImpl HHH000006: Autocommit mode: false
[04-24 17:26:26,916, 5953] org.hibernate.engine.jdbc.connections.internal.DriverManagerConnectionProviderImpl HHH000115: Hibernate connection pool size: 20 (min=1)
[04-24 17:26:26,927, 5964] org.hibernate.dialect.Dialect HHH000400: Using dialect: org.hibernate.dialect.MySQLDialect
[04-24 17:26:26,950, 5987] org.hibernate.tool.hbm2ddl.SchemaUpdate HHH000228: Running hbm2ddl schema update
[04-24 17:26:27,056, 6093] account.AccountServiceImpl Пользователь НЕ добавлен
[04-24 17:26:27,064, 6101] account.AccountServiceImpl Пользователь добавлен: {4, test2, testpass2, 2@mail.com}
[04-24 17:26:27,069, 6106] account.AccountServiceImpl Пользователь добавлен: {5, test3, testpass3, 3@mail.com}
[04-24 17:26:27,092, 6129] org.hibernate.engine.jdbc.connections.internal.DriverManagerConnectionProviderImpl HHH000402: Using Hibernate built-in connection pool (not for production use!)
[04-24 17:26:27,092, 6129] org.hibernate.engine.jdbc.connections.internal.DriverManagerConnectionProviderImpl HHH000401: using driver [com.mysql.jdbc.Driver] at URL [jdbc:mysql://localhost:3306/db_Poliglot]
[04-24 17:26:27,093, 6130] org.hibernate.engine.jdbc.connections.internal.DriverManagerConnectionProviderImpl HHH000046: Connection properties: {user=poliglot_game, password=****}
[04-24 17:26:27,093, 6130] org.hibernate.engine.jdbc.connections.internal.DriverManagerConnectionProviderImpl HHH000006: Autocommit mode: false
[04-24 17:26:27,093, 6130] org.hibernate.engine.jdbc.connections.internal.DriverManagerConnectionProviderImpl HHH000115: Hibernate connection pool size: 20 (min=1)
[04-24 17:26:27,102, 6139] org.hibernate.dialect.Dialect HHH000400: Using dialect: org.hibernate.dialect.MySQLDialect
[04-24 17:26:27,123, 6160] org.hibernate.tool.hbm2ddl.SchemaUpdate HHH000228: Running hbm2ddl schema update
[04-24 17:26:27,162, 6199] account.AccountServiceImpl Пользователь НЕ добавлен
[04-24 17:26:27,163, 6200] account.AccountServiceImpl Сессия добавлена: {-1, test, testpass1, 1@mail.com}
[04-24 17:26:27,163, 6200] account.AccountServiceImpl Сессия удалена: {-1, test, testpass1, 1@mail.com}
[04-24 17:26:27,169, 6206] org.hibernate.engine.jdbc.connections.internal.DriverManagerConnectionProviderImpl HHH000402: Using Hibernate built-in connection pool (not for production use!)
[04-24 17:26:27,170, 6207] org.hibernate.engine.jdbc.connections.internal.DriverManagerConnectionProviderImpl HHH000401: using driver [com.mysql.jdbc.Driver] at URL [jdbc:mysql://localhost:3306/db_Poliglot]
[04-24 17:26:27,170, 6207] org.hibernate.engine.jdbc.connections.internal.DriverManagerConnectionProviderImpl HHH000046: Connection properties: {user=poliglot_game, password=****}
[04-24 17:26:27,170, 6207] org.hibernate.engine.jdbc.connections.internal.DriverManagerConnectionProviderImpl HHH000006: Autocommit mode: false
[04-24 17:26:27,170, 6207] org.hibernate.engine.jdbc.connections.internal.DriverManagerConnectionProviderImpl HHH000115: Hibernate connection pool size: 20 (min=1)
[04-24 17:26:27,174, 6211] org.hibernate.dialect.Dialect HHH000400: Using dialect: org.hibernate.dialect.MySQLDialect
[04-24 17:26:27,188, 6225] org.hibernate.tool.hbm2ddl.SchemaUpdate HHH000228: Running hbm2ddl schema update
[04-24 17:26:27,212, 6249] account.AccountServiceImpl Пользователь НЕ добавлен
[04-24 17:26:27,220, 6257] org.hibernate.engine.jdbc.connections.internal.DriverManagerConnectionProviderImpl HHH000402: Using Hibernate built-in connection pool (not for production use!)
[04-24 17:26:27,221, 6258] org.hibernate.engine.jdbc.connections.internal.DriverManagerConnectionProviderImpl HHH000401: using driver [com.mysql.jdbc.Driver] at URL [jdbc:mysql://localhost:3306/db_Poliglot]
[04-24 17:26:27,222, 6259] org.hibernate.engine.jdbc.connections.internal.DriverManagerConnectionProviderImpl HHH000046: Connection properties: {user=poliglot_game, password=****}
[04-24 17:26:27,224, 6261] org.hibernate.engine.jdbc.connections.internal.DriverManagerConnectionProviderImpl HHH000006: Autocommit mode: false
[04-24 17:26:27,225, 6262] org.hibernate.engine.jdbc.connections.internal.DriverManagerConnectionProviderImpl HHH000115: Hibernate connection pool size: 20 (min=1)
[04-24 17:26:27,231, 6268] org.hibernate.dialect.Dialect HHH000400: Using dialect: org.hibernate.dialect.MySQLDialect
[04-24 17:26:27,245, 6282] org.hibernate.tool.hbm2ddl.SchemaUpdate HHH000228: Running hbm2ddl schema update
[04-24 17:26:27,274, 6311] account.AccountServiceImpl Пользователь НЕ добавлен
[04-24 17:26:27,275, 6312] account.AccountServiceImpl Сессия добавлена: {-1, test, testpass1, 1@mail.com}
[04-24 17:26:27,275, 6312] account.AccountServiceImpl Сессия не может быть удалена, тк не добавлена
[04-24 17:26:27,283, 6320] org.hibernate.engine.jdbc.connections.internal.DriverManagerConnectionProviderImpl HHH000402: Using Hibernate built-in connection pool (not for production use!)
[04-24 17:26:27,284, 6321] org.hibernate.engine.jdbc.connections.internal.DriverManagerConnectionProviderImpl HHH000401: using driver [com.mysql.jdbc.Driver] at URL [jdbc:mysql://localhost:3306/db_Poliglot]
[04-24 17:26:27,284, 6321] org.hibernate.engine.jdbc.connections.internal.DriverManagerConnectionProviderImpl HHH000046: Connection properties: {user=poliglot_game, password=****}
[04-24 17:26:27,285, 6322] org.hibernate.engine.jdbc.connections.internal.DriverManagerConnectionProviderImpl HHH000006: Autocommit mode: false
[04-24 17:26:27,285, 6322] org.hibernate.engine.jdbc.connections.internal.DriverManagerConnectionProviderImpl HHH000115: Hibernate connection pool size: 20 (min=1)
[04-24 17:26:27,291, 6328] org.hibernate.dialect.Dialect HHH000400: Using dialect: org.hibernate.dialect.MySQLDialect
[04-24 17:26:27,312, 6349] org.hibernate.tool.hbm2ddl.SchemaUpdate HHH000228: Running hbm2ddl schema update
[04-24 17:26:27,354, 6391] account.AccountServiceImpl Пользователь НЕ добавлен
[04-24 17:26:27,372, 6409] org.hibernate.engine.jdbc.connections.internal.DriverManagerConnectionProviderImpl HHH000402: Using Hibernate built-in connection pool (not for production use!)
[04-24 17:26:27,373, 6410] org.hibernate.engine.jdbc.connections.internal.DriverManagerConnectionProviderImpl HHH000401: using driver [com.mysql.jdbc.Driver] at URL [jdbc:mysql://localhost:3306/db_Poliglot]
[04-24 17:26:27,373, 6410] org.hibernate.engine.jdbc.connections.internal.DriverManagerConnectionProviderImpl HHH000046: Connection properties: {user=poliglot_game, password=****}
[04-24 17:26:27,373, 6410] org.hibernate.engine.jdbc.connections.internal.DriverManagerConnectionProviderImpl HHH000006: Autocommit mode: false
[04-24 17:26:27,376, 6413] org.hibernate.engine.jdbc.connections.internal.DriverManagerConnectionProviderImpl HHH000115: Hibernate connection pool size: 20 (min=1)
[04-24 17:26:27,382, 6419] org.hibernate.dialect.Dialect HHH000400: Using dialect: org.hibernate.dialect.MySQLDialect
[04-24 17:26:27,397, 6434] org.hibernate.tool.hbm2ddl.SchemaUpdate HHH000228: Running hbm2ddl schema update
[04-24 17:26:27,421, 6458] account.AccountServiceImpl Пользователь НЕ добавлен
[04-24 17:26:27,429, 6466] org.hibernate.engine.jdbc.connections.internal.DriverManagerConnectionProviderImpl HHH000402: Using Hibernate built-in connection pool (not for production use!)
[04-24 17:26:27,429, 6466] org.hibernate.engine.jdbc.connections.internal.DriverManagerConnectionProviderImpl HHH000401: using driver [com.mysql.jdbc.Driver] at URL [jdbc:mysql://localhost:3306/db_Poliglot]
[04-24 17:26:27,430, 6467] org.hibernate.engine.jdbc.connections.internal.DriverManagerConnectionProviderImpl HHH000046: Connection properties: {user=poliglot_game, password=****}
[04-24 17:26:27,430, 6467] org.hibernate.engine.jdbc.connections.internal.DriverManagerConnectionProviderImpl HHH000006: Autocommit mode: false
[04-24 17:26:27,430, 6467] org.hibernate.engine.jdbc.connections.internal.DriverManagerConnectionProviderImpl HHH000115: Hibernate connection pool size: 20 (min=1)
[04-24 17:26:27,434, 6471] org.hibernate.dialect.Dialect HHH000400: Using dialect: org.hibernate.dialect.MySQLDialect
[04-24 17:26:27,448, 6485] org.hibernate.tool.hbm2ddl.SchemaUpdate HHH000228: Running hbm2ddl schema update
[04-24 17:26:27,471, 6508] account.AccountServiceImpl Пользователь НЕ добавлен
[04-24 17:26:27,480, 6517] org.hibernate.engine.jdbc.connections.internal.DriverManagerConnectionProviderImpl HHH000402: Using Hibernate built-in connection pool (not for production use!)
[04-24 17:26:27,481, 6518] org.hibernate.engine.jdbc.connections.internal.DriverManagerConnectionProviderImpl HHH000401: using driver [com.mysql.jdbc.Driver] at URL [jdbc:mysql://localhost:3306/db_Poliglot]
[04-24 17:26:27,481, 6518] org.hibernate.engine.jdbc.connections.internal.DriverManagerConnectionProviderImpl HHH000046: Connection properties: {user=poliglot_game, password=****}
[04-24 17:26:27,482, 6519] org.hibernate.engine.jdbc.connections.internal.DriverManagerConnectionProviderImpl HHH000006: Autocommit mode: false
[04-24 17:26:27,482, 6519] org.hibernate.engine.jdbc.connections.internal.DriverManagerConnectionProviderImpl HHH000115: Hibernate connection pool size: 20 (min=1)
[04-24 17:26:27,490, 6527] org.hibernate.dialect.Dialect HHH000400: Using dialect: org.hibernate.dialect.MySQLDialect
[04-24 17:26:27,514, 6551] org.hibernate.tool.hbm2ddl.SchemaUpdate HHH000228: Running hbm2ddl schema update
[04-24 17:26:27,560, 6597] account.AccountServiceImpl Пользователь НЕ добавлен
[04-24 17:26:27,583, 6620] org.hibernate.engine.jdbc.connections.internal.DriverManagerConnectionProviderImpl HHH000402: Using Hibernate built-in connection pool (not for production use!)
[04-24 17:26:27,585, 6622] org.hibernate.engine.jdbc.connections.internal.DriverManagerConnectionProviderImpl HHH000401: using driver [com.mysql.jdbc.Driver] at URL [jdbc:mysql://localhost:3306/db_Poliglot]
[04-24 17:26:27,585, 6622] org.hibernate.engine.jdbc.connections.internal.DriverManagerConnectionProviderImpl HHH000046: Connection properties: {user=poliglot_game, password=****}
[04-24 17:26:27,589, 6626] org.hibernate.engine.jdbc.connections.internal.DriverManagerConnectionProviderImpl HHH000006: Autocommit mode: false
[04-24 17:26:27,595, 6632] org.hibernate.engine.jdbc.connections.internal.DriverManagerConnectionProviderImpl HHH000115: Hibernate connection pool size: 20 (min=1)
[04-24 17:26:27,602, 6639] org.hibernate.dialect.Dialect HHH000400: Using dialect: org.hibernate.dialect.MySQLDialect
[04-24 17:26:27,615, 6652] org.hibernate.tool.hbm2ddl.SchemaUpdate HHH000228: Running hbm2ddl schema update
[04-24 17:26:27,641, 6678] account.AccountServiceImpl Пользователь НЕ добавлен
[04-24 17:26:27,644, 6681] account.AccountServiceImpl Пользователь НЕ добавлен
[04-24 17:26:27,653, 6690] org.hibernate.engine.jdbc.connections.internal.DriverManagerConnectionProviderImpl HHH000402: Using Hibernate built-in connection pool (not for production use!)
[04-24 17:26:27,653, 6690] org.hibernate.engine.jdbc.connections.internal.DriverManagerConnectionProviderImpl HHH000401: using driver [com.mysql.jdbc.Driver] at URL [jdbc:mysql://localhost:3306/db_Poliglot]
[04-24 17:26:27,653, 6690] org.hibernate.engine.jdbc.connections.internal.DriverManagerConnectionProviderImpl HHH000046: Connection properties: {user=poliglot_game, password=****}
[04-24 17:26:27,654, 6691] org.hibernate.engine.jdbc.connections.internal.DriverManagerConnectionProviderImpl HHH000006: Autocommit mode: false
[04-24 17:26:27,654, 6691] org.hibernate.engine.jdbc.connections.internal.DriverManagerConnectionProviderImpl HHH000115: Hibernate connection pool size: 20 (min=1)
[04-24 17:26:27,661, 6698] org.hibernate.dialect.Dialect HHH000400: Using dialect: org.hibernate.dialect.MySQLDialect
[04-24 17:26:27,676, 6713] org.hibernate.tool.hbm2ddl.SchemaUpdate HHH000228: Running hbm2ddl schema update
[04-24 17:26:27,700, 6737] account.AccountServiceImpl Пользователь НЕ добавлен
[04-24 17:26:27,711, 6748] org.hibernate.engine.jdbc.connections.internal.DriverManagerConnectionProviderImpl HHH000402: Using Hibernate built-in connection pool (not for production use!)
[04-24 17:26:27,711, 6748] org.hibernate.engine.jdbc.connections.internal.DriverManagerConnectionProviderImpl HHH000401: using driver [com.mysql.jdbc.Driver] at URL [jdbc:mysql://localhost:3306/db_Poliglot]
[04-24 17:26:27,712, 6749] org.hibernate.engine.jdbc.connections.internal.DriverManagerConnectionProviderImpl HHH000046: Connection properties: {user=poliglot_game, password=****}
[04-24 17:26:27,712, 6749] org.hibernate.engine.jdbc.connections.internal.DriverManagerConnectionProviderImpl HHH000006: Autocommit mode: false
[04-24 17:26:27,712, 6749] org.hibernate.engine.jdbc.connections.internal.DriverManagerConnectionProviderImpl HHH000115: Hibernate connection pool size: 20 (min=1)
[04-24 17:26:27,717, 6754] org.hibernate.dialect.Dialect HHH000400: Using dialect: org.hibernate.dialect.MySQLDialect
[04-24 17:26:27,734, 6771] org.hibernate.tool.hbm2ddl.SchemaUpdate HHH000228: Running hbm2ddl schema update
[04-24 17:26:27,818, 6855] account.AccountServiceImpl Пользователь НЕ добавлен
[04-24 17:26:27,822, 6859] account.AccountServiceImpl Пользователь НЕ добавлен
[04-24 17:26:27,913, 6950] org.hibernate.engine.jdbc.connections.internal.DriverManagerConnectionProviderImpl HHH000402: Using Hibernate built-in connection pool (not for production use!)
[04-24 17:26:27,913, 6950] org.hibernate.engine.jdbc.connections.internal.DriverManagerConnectionProviderImpl HHH000401: using driver [com.mysql.jdbc.Driver] at URL [jdbc:mysql://localhost:3306/db_Poliglot]
[04-24 17:26:27,914, 6951] org.hibernate.engine.jdbc.connections.internal.DriverManagerConnectionProviderImpl HHH000046: Connection properties: {user=poliglot_game, password=****}
[04-24 17:26:27,914, 6951] org.hibernate.engine.jdbc.connections.internal.DriverManagerConnectionProviderImpl HHH000006: Autocommit mode: false
[04-24 17:26:27,914, 6951] org.hibernate.engine.jdbc.connections.internal.DriverManagerConnectionProviderImpl HHH000115: Hibernate connection pool size: 20 (min=1)
[04-24 17:26:27,927, 6964] org.hibernate.dialect.Dialect HHH000400: Using dialect: org.hibernate.dialect.MySQLDialect
[04-24 17:26:27,961, 6998] org.hibernate.tool.hbm2ddl.SchemaUpdate HHH000228: Running hbm2ddl schema update
[04-24 17:26:33,660, 12697] account.AccountServiceImpl Пользователь НЕ добавлен
[04-24 17:26:33,718, 12755] org.hibernate.engine.jdbc.connections.internal.DriverManagerConnectionProviderImpl HHH000402: Using Hibernate built-in connection pool (not for production use!)
[04-24 17:26:33,719, 12756] org.hibernate.engine.jdbc.connections.internal.DriverManagerConnectionProviderImpl HHH000401: using driver [com.mysql.jdbc.Driver] at URL [jdbc:mysql://localhost:3306/db_Poliglot]
[04-24 17:26:33,719, 12756] org.hibernate.engine.jdbc.connections.internal.DriverManagerConnectionProviderImpl HHH000046: Connection properties: {user=poliglot_game, password=****}
[04-24 17:26:33,719, 12756] org.hibernate.engine.jdbc.connections.internal.DriverManagerConnectionProviderImpl HHH000006: Autocommit mode: false
[04-24 17:26:33,719, 12756] org.hibernate.engine.jdbc.connections.internal.DriverManagerConnectionProviderImpl HHH000115: Hibernate connection pool size: 20 (min=1)
[04-24 17:26:33,740, 12777] org.hibernate.dialect.Dialect HHH000400: Using dialect: org.hibernate.dialect.MySQLDialect
[04-24 17:26:33,762, 12799] org.hibernate.tool.hbm2ddl.SchemaUpdate HHH000228: Running hbm2ddl schema update
[04-24 17:26:34,027, 13064] account.AccountServiceImpl Пользователь НЕ добавлен
[04-24 17:26:34,039, 13076] org.hibernate.engine.jdbc.connections.internal.DriverManagerConnectionProviderImpl HHH000402: Using Hibernate built-in connection pool (not for production use!)
[04-24 17:26:34,039, 13076] org.hibernate.engine.jdbc.connections.internal.DriverManagerConnectionProviderImpl HHH000401: using driver [com.mysql.jdbc.Driver] at URL [jdbc:mysql://localhost:3306/db_Poliglot]
[04-24 17:26:34,040, 13077] org.hibernate.engine.jdbc.connections.internal.DriverManagerConnectionProviderImpl HHH000046: Connection properties: {user=poliglot_game, password=****}
[04-24 17:26:34,040, 13077] org.hibernate.engine.jdbc.connections.internal.DriverManagerConnectionProviderImpl HHH000006: Autocommit mode: false
[04-24 17:26:34,040, 13077] org.hibernate.engine.jdbc.connections.internal.DriverManagerConnectionProviderImpl HHH000115: Hibernate connection pool size: 20 (min=1)
[04-24 17:26:34,044, 13081] org.hibernate.dialect.Dialect HHH000400: Using dialect: org.hibernate.dialect.MySQLDialect
[04-24 17:26:34,056, 13093] org.hibernate.tool.hbm2ddl.SchemaUpdate HHH000228: Running hbm2ddl schema update
[04-24 17:26:34,239, 13276] account.AccountServiceImpl Пользователь НЕ добавлен
[04-24 17:26:34,260, 13297] org.hibernate.engine.jdbc.connections.internal.DriverManagerConnectionProviderImpl HHH000402: Using Hibernate built-in connection pool (not for production use!)
[04-24 17:26:34,260, 13297] org.hibernate.engine.jdbc.connections.internal.DriverManagerConnectionProviderImpl HHH000401: using driver [com.mysql.jdbc.Driver] at URL [jdbc:mysql://localhost:3306/db_Poliglot]
[04-24 17:26:34,260, 13297] org.hibernate.engine.jdbc.connections.internal.DriverManagerConnectionProviderImpl HHH000046: Connection properties: {user=poliglot_game, password=****}
[04-24 17:26:34,260, 13297] org.hibernate.engine.jdbc.connections.internal.DriverManagerConnectionProviderImpl HHH000006: Autocommit mode: false
[04-24 17:26:34,260, 13297] org.hibernate.engine.jdbc.connections.internal.DriverManagerConnectionProviderImpl HHH000115: Hibernate connection pool size: 20 (min=1)
[04-24 17:26:34,265, 13302] org.hibernate.dialect.Dialect HHH000400: Using dialect: org.hibernate.dialect.MySQLDialect
[04-24 17:26:34,280, 13317] org.hibernate.tool.hbm2ddl.SchemaUpdate HHH000228: Running hbm2ddl schema update
[04-24 17:26:34,482, 13519] account.AccountServiceImpl Пользователь НЕ добавлен
[04-24 17:26:34,499, 13536] org.hibernate.engine.jdbc.connections.internal.DriverManagerConnectionProviderImpl HHH000402: Using Hibernate built-in connection pool (not for production use!)
[04-24 17:26:34,500, 13537] org.hibernate.engine.jdbc.connections.internal.DriverManagerConnectionProviderImpl HHH000401: using driver [com.mysql.jdbc.Driver] at URL [jdbc:mysql://localhost:3306/db_Poliglot]
[04-24 17:26:34,500, 13537] org.hibernate.engine.jdbc.connections.internal.DriverManagerConnectionProviderImpl HHH000046: Connection properties: {user=poliglot_game, password=****}
[04-24 17:26:34,500, 13537] org.hibernate.engine.jdbc.connections.internal.DriverManagerConnectionProviderImpl HHH000006: Autocommit mode: false
[04-24 17:26:34,501, 13538] org.hibernate.engine.jdbc.connections.internal.DriverManagerConnectionProviderImpl HHH000115: Hibernate connection pool size: 20 (min=1)
[04-24 17:26:34,505, 13542] org.hibernate.dialect.Dialect HHH000400: Using dialect: org.hibernate.dialect.MySQLDialect
[04-24 17:26:34,515, 13552] org.hibernate.tool.hbm2ddl.SchemaUpdate HHH000228: Running hbm2ddl schema update
[04-24 17:26:34,708, 13745] account.AccountServiceImpl Пользователь НЕ добавлен
[04-24 17:26:34,723, 13760] org.hibernate.engine.jdbc.connections.internal.DriverManagerConnectionProviderImpl HHH000402: Using Hibernate built-in connection pool (not for production use!)
[04-24 17:26:34,723, 13760] org.hibernate.engine.jdbc.connections.internal.DriverManagerConnectionProviderImpl HHH000401: using driver [com.mysql.jdbc.Driver] at URL [jdbc:mysql://localhost:3306/db_Poliglot]
[04-24 17:26:34,724, 13761] org.hibernate.engine.jdbc.connections.internal.DriverManagerConnectionProviderImpl HHH000046: Connection properties: {user=poliglot_game, password=****}
[04-24 17:26:34,724, 13761] org.hibernate.engine.jdbc.connections.internal.DriverManagerConnectionProviderImpl HHH000006: Autocommit mode: false
[04-24 17:26:34,724, 13761] org.hibernate.engine.jdbc.connections.internal.DriverManagerConnectionProviderImpl HHH000115: Hibernate connection pool size: 20 (min=1)
[04-24 17:26:34,728, 13765] org.hibernate.dialect.Dialect HHH000400: Using dialect: org.hibernate.dialect.MySQLDialect
[04-24 17:26:34,740, 13777] org.hibernate.tool.hbm2ddl.SchemaUpdate HHH000228: Running hbm2ddl schema update
[04-24 17:26:34,888, 13925] account.AccountServiceImpl Пользователь НЕ добавлен
[04-24 17:26:34,945, 13982] org.hibernate.engine.jdbc.connections.internal.DriverManagerConnectionProviderImpl HHH000402: Using Hibernate built-in connection pool (not for production use!)
[04-24 17:26:34,959, 13996] org.hibernate.engine.jdbc.connections.internal.DriverManagerConnectionProviderImpl HHH000401: using driver [com.mysql.jdbc.Driver] at URL [jdbc:mysql://localhost:3306/db_Poliglot]
[04-24 17:26:34,963, 14000] org.hibernate.engine.jdbc.connections.internal.DriverManagerConnectionProviderImpl HHH000046: Connection properties: {user=poliglot_game, password=****}
[04-24 17:26:34,963, 14000] org.hibernate.engine.jdbc.connections.internal.DriverManagerConnectionProviderImpl HHH000006: Autocommit mode: false
[04-24 17:26:34,963, 14000] org.hibernate.engine.jdbc.connections.internal.DriverManagerConnectionProviderImpl HHH000115: Hibernate connection pool size: 20 (min=1)
[04-24 17:26:34,967, 14004] org.hibernate.dialect.Dialect HHH000400: Using dialect: org.hibernate.dialect.MySQLDialect
[04-24 17:26:34,981, 14018] org.hibernate.tool.hbm2ddl.SchemaUpdate HHH000228: Running hbm2ddl schema update
[04-24 17:26:35,114, 14151] org.hibernate.engine.jdbc.connections.internal.DriverManagerConnectionProviderImpl HHH000402: Using Hibernate built-in connection pool (not for production use!)
[04-24 17:26:35,114, 14151] org.hibernate.engine.jdbc.connections.internal.DriverManagerConnectionProviderImpl HHH000401: using driver [com.mysql.jdbc.Driver] at URL [jdbc:mysql://localhost:3306/db_Poliglot]
[04-24 17:26:35,115, 14152] org.hibernate.engine.jdbc.connections.internal.DriverManagerConnectionProviderImpl HHH000046: Connection properties: {user=poliglot_game, password=****}
[04-24 17:26:35,115, 14152] org.hibernate.engine.jdbc.connections.internal.DriverManagerConnectionProviderImpl HHH000006: Autocommit mode: false
[04-24 17:26:35,115, 14152] org.hibernate.engine.jdbc.connections.internal.DriverManagerConnectionProviderImpl HHH000115: Hibernate connection pool size: 20 (min=1)
[04-24 17:26:35,119, 14156] org.hibernate.dialect.Dialect HHH000400: Using dialect: org.hibernate.dialect.MySQLDialect
[04-24 17:26:35,130, 14167] org.hibernate.tool.hbm2ddl.SchemaUpdate HHH000228: Running hbm2ddl schema update
[04-24 17:26:35,196, 14233] account.AccountServiceImpl Пользователь НЕ добавлен
[04-24 17:26:35,210, 14247] org.hibernate.engine.jdbc.connections.internal.DriverManagerConnectionProviderImpl HHH000402: Using Hibernate built-in connection pool (not for production use!)
[04-24 17:26:35,210, 14247] org.hibernate.engine.jdbc.connections.internal.DriverManagerConnectionProviderImpl HHH000401: using driver [com.mysql.jdbc.Driver] at URL [jdbc:mysql://localhost:3306/db_Poliglot]
[04-24 17:26:35,210, 14247] org.hibernate.engine.jdbc.connections.internal.DriverManagerConnectionProviderImpl HHH000046: Connection properties: {user=poliglot_game, password=****}
[04-24 17:26:35,211, 14248] org.hibernate.engine.jdbc.connections.internal.DriverManagerConnectionProviderImpl HHH000006: Autocommit mode: false
[04-24 17:26:35,211, 14248] org.hibernate.engine.jdbc.connections.internal.DriverManagerConnectionProviderImpl HHH000115: Hibernate connection pool size: 20 (min=1)
[04-24 17:26:35,217, 14254] org.hibernate.dialect.Dialect HHH000400: Using dialect: org.hibernate.dialect.MySQLDialect
[04-24 17:26:35,229, 14266] org.hibernate.tool.hbm2ddl.SchemaUpdate HHH000228: Running hbm2ddl schema update
[04-24 17:26:35,318, 14355] org.hibernate.engine.jdbc.connections.internal.DriverManagerConnectionProviderImpl HHH000402: Using Hibernate built-in connection pool (not for production use!)
[04-24 17:26:35,318, 14355] org.hibernate.engine.jdbc.connections.internal.DriverManagerConnectionProviderImpl HHH000401: using driver [com.mysql.jdbc.Driver] at URL [jdbc:mysql://localhost:3306/db_Poliglot]
[04-24 17:26:35,318, 14355] org.hibernate.engine.jdbc.connections.internal.DriverManagerConnectionProviderImpl HHH000046: Connection properties: {user=poliglot_game, password=****}
[04-24 17:26:35,318, 14355] org.hibernate.engine.jdbc.connections.internal.DriverManagerConnectionProviderImpl HHH000006: Autocommit mode: false
[04-24 17:26:35,318, 14355] org.hibernate.engine.jdbc.connections.internal.DriverManagerConnectionProviderImpl HHH000115: Hibernate connection pool size: 20 (min=1)
[04-24 17:26:35,322, 14359] org.hibernate.dialect.Dialect HHH000400: Using dialect: org.hibernate.dialect.MySQLDialect
[04-24 17:26:35,334, 14371] org.hibernate.tool.hbm2ddl.SchemaUpdate HHH000228: Running hbm2ddl schema update
[04-24 17:26:35,447, 14484] account.AccountServiceImpl Пользователь НЕ добавлен
[04-24 17:26:35,463, 14500] org.hibernate.engine.jdbc.connections.internal.DriverManagerConnectionProviderImpl HHH000402: Using Hibernate built-in connection pool (not for production use!)
[04-24 17:26:35,463, 14500] org.hibernate.engine.jdbc.connections.internal.DriverManagerConnectionProviderImpl HHH000401: using driver [com.mysql.jdbc.Driver] at URL [jdbc:mysql://localhost:3306/db_Poliglot]
[04-24 17:26:35,464, 14501] org.hibernate.engine.jdbc.connections.internal.DriverManagerConnectionProviderImpl HHH000046: Connection properties: {user=poliglot_game, password=****}
[04-24 17:26:35,464, 14501] org.hibernate.engine.jdbc.connections.internal.DriverManagerConnectionProviderImpl HHH000006: Autocommit mode: false
[04-24 17:26:35,464, 14501] org.hibernate.engine.jdbc.connections.internal.DriverManagerConnectionProviderImpl HHH000115: Hibernate connection pool size: 20 (min=1)
[04-24 17:26:35,469, 14506] org.hibernate.dialect.Dialect HHH000400: Using dialect: org.hibernate.dialect.MySQLDialect
[04-24 17:26:35,484, 14521] org.hibernate.tool.hbm2ddl.SchemaUpdate HHH000228: Running hbm2ddl schema update
[04-24 17:26:35,643, 14680] org.hibernate.engine.jdbc.connections.internal.DriverManagerConnectionProviderImpl HHH000402: Using Hibernate built-in connection pool (not for production use!)
[04-24 17:26:35,643, 14680] org.hibernate.engine.jdbc.connections.internal.DriverManagerConnectionProviderImpl HHH000401: using driver [com.mysql.jdbc.Driver] at URL [jdbc:mysql://localhost:3306/db_Poliglot]
[04-24 17:26:35,644, 14681] org.hibernate.engine.jdbc.connections.internal.DriverManagerConnectionProviderImpl HHH000046: Connection properties: {user=poliglot_game, password=****}
[04-24 17:26:35,644, 14681] org.hibernate.engine.jdbc.connections.internal.DriverManagerConnectionProviderImpl HHH000006: Autocommit mode: false
[04-24 17:26:35,645, 14682] org.hibernate.engine.jdbc.connections.internal.DriverManagerConnectionProviderImpl HHH000115: Hibernate connection pool size: 20 (min=1)
[04-24 17:26:35,649, 14686] org.hibernate.dialect.Dialect HHH000400: Using dialect: org.hibernate.dialect.MySQLDialect
[04-24 17:26:35,659, 14696] org.hibernate.tool.hbm2ddl.SchemaUpdate HHH000228: Running hbm2ddl schema update
[04-24 17:26:35,707, 14744] account.AccountServiceImpl Пользователь НЕ добавлен
[04-24 17:26:35,713, 14750] account.AccountServiceImpl Пользователь НЕ добавлен
[04-24 17:26:35,721, 14758] org.hibernate.engine.jdbc.connections.internal.DriverManagerConnectionProviderImpl HHH000402: Using Hibernate built-in connection pool (not for production use!)
[04-24 17:26:35,721, 14758] org.hibernate.engine.jdbc.connections.internal.DriverManagerConnectionProviderImpl HHH000401: using driver [com.mysql.jdbc.Driver] at URL [jdbc:mysql://localhost:3306/db_Poliglot]
[04-24 17:26:35,722, 14759] org.hibernate.engine.jdbc.connections.internal.DriverManagerConnectionProviderImpl HHH000046: Connection properties: {user=poliglot_game, password=****}
[04-24 17:26:35,722, 14759] org.hibernate.engine.jdbc.connections.internal.DriverManagerConnectionProviderImpl HHH000006: Autocommit mode: false
[04-24 17:26:35,722, 14759] org.hibernate.engine.jdbc.connections.internal.DriverManagerConnectionProviderImpl HHH000115: Hibernate connection pool size: 20 (min=1)
[04-24 17:26:35,725, 14762] org.hibernate.dialect.Dialect HHH000400: Using dialect: org.hibernate.dialect.MySQLDialect
[04-24 17:26:35,734, 14771] org.hibernate.tool.hbm2ddl.SchemaUpdate HHH000228: Running hbm2ddl schema update
[04-24 17:26:35,802, 14839] org.hibernate.engine.jdbc.connections.internal.DriverManagerConnectionProviderImpl HHH000402: Using Hibernate built-in connection pool (not for production use!)
[04-24 17:26:35,802, 14839] org.hibernate.engine.jdbc.connections.internal.DriverManagerConnectionProviderImpl HHH000401: using driver [com.mysql.jdbc.Driver] at URL [jdbc:mysql://localhost:3306/db_Poliglot]
[04-24 17:26:35,802, 14839] org.hibernate.engine.jdbc.connections.internal.DriverManagerConnectionProviderImpl HHH000046: Connection properties: {user=poliglot_game, password=****}
[04-24 17:26:35,803, 14840] org.hibernate.engine.jdbc.connections.internal.DriverManagerConnectionProviderImpl HHH000006: Autocommit mode: false
[04-24 17:26:35,803, 14840] org.hibernate.engine.jdbc.connections.internal.DriverManagerConnectionProviderImpl HHH000115: Hibernate connection pool size: 20 (min=1)
[04-24 17:26:35,807, 14844] org.hibernate.dialect.Dialect HHH000400: Using dialect: org.hibernate.dialect.MySQLDialect
[04-24 17:26:35,815, 14852] org.hibernate.tool.hbm2ddl.SchemaUpdate HHH000228: Running hbm2ddl schema update
[04-24 17:26:35,894, 14931] account.AccountServiceImpl Пользователь НЕ добавлен
[04-24 17:26:35,909, 14946] account.AccountServiceImpl Пользователь НЕ добавлен
[04-24 17:26:35,931, 14968] org.hibernate.engine.jdbc.connections.internal.DriverManagerConnectionProviderImpl HHH000402: Using Hibernate built-in connection pool (not for production use!)
[04-24 17:26:35,931, 14968] org.hibernate.engine.jdbc.connections.internal.DriverManagerConnectionProviderImpl HHH000401: using driver [com.mysql.jdbc.Driver] at URL [jdbc:mysql://localhost:3306/db_Poliglot]
[04-24 17:26:35,933, 14970] org.hibernate.engine.jdbc.connections.internal.DriverManagerConnectionProviderImpl HHH000046: Connection properties: {user=poliglot_game, password=****}
[04-24 17:26:35,933, 14970] org.hibernate.engine.jdbc.connections.internal.DriverManagerConnectionProviderImpl HHH000006: Autocommit mode: false
[04-24 17:26:35,934, 14971] org.hibernate.engine.jdbc.connections.internal.DriverManagerConnectionProviderImpl HHH000115: Hibernate connection pool size: 20 (min=1)
[04-24 17:26:35,942, 14979] org.hibernate.dialect.Dialect HHH000400: Using dialect: org.hibernate.dialect.MySQLDialect
[04-24 17:26:35,963, 15000] org.hibernate.tool.hbm2ddl.SchemaUpdate HHH000228: Running hbm2ddl schema update
[04-24 17:26:36,048, 15085] org.hibernate.engine.jdbc.connections.internal.DriverManagerConnectionProviderImpl HHH000402: Using Hibernate built-in connection pool (not for production use!)
[04-24 17:26:36,048, 15085] org.hibernate.engine.jdbc.connections.internal.DriverManagerConnectionProviderImpl HHH000401: using driver [com.mysql.jdbc.Driver] at URL [jdbc:mysql://localhost:3306/db_Poliglot]
[04-24 17:26:36,048, 15085] org.hibernate.engine.jdbc.connections.internal.DriverManagerConnectionProviderImpl HHH000046: Connection properties: {user=poliglot_game, password=****}
[04-24 17:26:36,048, 15085] org.hibernate.engine.jdbc.connections.internal.DriverManagerConnectionProviderImpl HHH000006: Autocommit mode: false
[04-24 17:26:36,048, 15085] org.hibernate.engine.jdbc.connections.internal.DriverManagerConnectionProviderImpl HHH000115: Hibernate connection pool size: 20 (min=1)
[04-24 17:26:36,054, 15091] org.hibernate.dialect.Dialect HHH000400: Using dialect: org.hibernate.dialect.MySQLDialect
[04-24 17:26:36,062, 15099] org.hibernate.tool.hbm2ddl.SchemaUpdate HHH000228: Running hbm2ddl schema update
[04-24 17:26:36,111, 15148] account.AccountServiceImpl Пользователь НЕ добавлен
[04-24 17:26:36,121, 15158] org.hibernate.engine.jdbc.connections.internal.DriverManagerConnectionProviderImpl HHH000402: Using Hibernate built-in connection pool (not for production use!)
[04-24 17:26:36,121, 15158] org.hibernate.engine.jdbc.connections.internal.DriverManagerConnectionProviderImpl HHH000401: using driver [com.mysql.jdbc.Driver] at URL [jdbc:mysql://localhost:3306/db_Poliglot]
[04-24 17:26:36,122, 15159] org.hibernate.engine.jdbc.connections.internal.DriverManagerConnectionProviderImpl HHH000046: Connection properties: {user=poliglot_game, password=****}
[04-24 17:26:36,122, 15159] org.hibernate.engine.jdbc.connections.internal.DriverManagerConnectionProviderImpl HHH000006: Autocommit mode: false
[04-24 17:26:36,122, 15159] org.hibernate.engine.jdbc.connections.internal.DriverManagerConnectionProviderImpl HHH000115: Hibernate connection pool size: 20 (min=1)
[04-24 17:26:36,125, 15162] org.hibernate.dialect.Dialect HHH000400: Using dialect: org.hibernate.dialect.MySQLDialect
[04-24 17:26:36,133, 15170] org.hibernate.tool.hbm2ddl.SchemaUpdate HHH000228: Running hbm2ddl schema update
[04-24 17:26:36,244, 15281] org.hibernate.engine.jdbc.connections.internal.DriverManagerConnectionProviderImpl HHH000402: Using Hibernate built-in connection pool (not for production use!)
[04-24 17:26:36,244, 15281] org.hibernate.engine.jdbc.connections.internal.DriverManagerConnectionProviderImpl HHH000401: using driver [com.mysql.jdbc.Driver] at URL [jdbc:mysql://localhost:3306/db_Poliglot]
[04-24 17:26:36,244, 15281] org.hibernate.engine.jdbc.connections.internal.DriverManagerConnectionProviderImpl HHH000046: Connection properties: {user=poliglot_game, password=****}
[04-24 17:26:36,244, 15281] org.hibernate.engine.jdbc.connections.internal.DriverManagerConnectionProviderImpl HHH000006: Autocommit mode: false
[04-24 17:26:36,244, 15281] org.hibernate.engine.jdbc.connections.internal.DriverManagerConnectionProviderImpl HHH000115: Hibernate connection pool size: 20 (min=1)
[04-24 17:26:36,248, 15285] org.hibernate.dialect.Dialect HHH000400: Using dialect: org.hibernate.dialect.MySQLDialect
[04-24 17:26:36,256, 15293] org.hibernate.tool.hbm2ddl.SchemaUpdate HHH000228: Running hbm2ddl schema update
[04-24 17:26:36,303, 15340] account.AccountServiceImpl Пользователь НЕ добавлен
[04-24 17:26:36,314, 15351] org.hibernate.engine.jdbc.connections.internal.DriverManagerConnectionProviderImpl HHH000402: Using Hibernate built-in connection pool (not for production use!)
[04-24 17:26:36,315, 15352] org.hibernate.engine.jdbc.connections.internal.DriverManagerConnectionProviderImpl HHH000401: using driver [com.mysql.jdbc.Driver] at URL [jdbc:mysql://localhost:3306/db_Poliglot]
[04-24 17:26:36,315, 15352] org.hibernate.engine.jdbc.connections.internal.DriverManagerConnectionProviderImpl HHH000046: Connection properties: {user=poliglot_game, password=****}
[04-24 17:26:36,315, 15352] org.hibernate.engine.jdbc.connections.internal.DriverManagerConnectionProviderImpl HHH000006: Autocommit mode: false
[04-24 17:26:36,315, 15352] org.hibernate.engine.jdbc.connections.internal.DriverManagerConnectionProviderImpl HHH000115: Hibernate connection pool size: 20 (min=1)
[04-24 17:26:36,321, 15358] org.hibernate.dialect.Dialect HHH000400: Using dialect: org.hibernate.dialect.MySQLDialect
[04-24 17:26:36,337, 15374] org.hibernate.tool.hbm2ddl.SchemaUpdate HHH000228: Running hbm2ddl schema update
[04-24 17:26:36,516, 15553] org.hibernate.engine.jdbc.connections.internal.DriverManagerConnectionProviderImpl HHH000402: Using Hibernate built-in connection pool (not for production use!)
[04-24 17:26:36,517, 15554] org.hibernate.engine.jdbc.connections.internal.DriverManagerConnectionProviderImpl HHH000401: using driver [com.mysql.jdbc.Driver] at URL [jdbc:mysql://localhost:3306/db_Poliglot]
[04-24 17:26:36,517, 15554] org.hibernate.engine.jdbc.connections.internal.DriverManagerConnectionProviderImpl HHH000046: Connection properties: {user=poliglot_game, password=****}
[04-24 17:26:36,517, 15554] org.hibernate.engine.jdbc.connections.internal.DriverManagerConnectionProviderImpl HHH000006: Autocommit mode: false
[04-24 17:26:36,518, 15555] org.hibernate.engine.jdbc.connections.internal.DriverManagerConnectionProviderImpl HHH000115: Hibernate connection pool size: 20 (min=1)
[04-24 17:26:36,534, 15571] org.hibernate.dialect.Dialect HHH000400: Using dialect: org.hibernate.dialect.MySQLDialect
[04-24 17:26:36,553, 15590] org.hibernate.tool.hbm2ddl.SchemaUpdate HHH000228: Running hbm2ddl schema update
[04-24 17:26:36,639, 15676] account.AccountServiceImpl Пользователь НЕ добавлен
[04-24 17:26:36,649, 15686] org.hibernate.engine.jdbc.connections.internal.DriverManagerConnectionProviderImpl HHH000402: Using Hibernate built-in connection pool (not for production use!)
[04-24 17:26:36,650, 15687] org.hibernate.engine.jdbc.connections.internal.DriverManagerConnectionProviderImpl HHH000401: using driver [com.mysql.jdbc.Driver] at URL [jdbc:mysql://localhost:3306/db_Poliglot]
[04-24 17:26:36,650, 15687] org.hibernate.engine.jdbc.connections.internal.DriverManagerConnectionProviderImpl HHH000046: Connection properties: {user=poliglot_game, password=****}
[04-24 17:26:36,650, 15687] org.hibernate.engine.jdbc.connections.internal.DriverManagerConnectionProviderImpl HHH000006: Autocommit mode: false
[04-24 17:26:36,650, 15687] org.hibernate.engine.jdbc.connections.internal.DriverManagerConnectionProviderImpl HHH000115: Hibernate connection pool size: 20 (min=1)
[04-24 17:26:36,654, 15691] org.hibernate.dialect.Dialect HHH000400: Using dialect: org.hibernate.dialect.MySQLDialect
[04-24 17:26:36,665, 15702] org.hibernate.tool.hbm2ddl.SchemaUpdate HHH000228: Running hbm2ddl schema update
[04-24 17:26:36,746, 15783] org.hibernate.engine.jdbc.connections.internal.DriverManagerConnectionProviderImpl HHH000402: Using Hibernate built-in connection pool (not for production use!)
[04-24 17:26:36,746, 15783] org.hibernate.engine.jdbc.connections.internal.DriverManagerConnectionProviderImpl HHH000401: using driver [com.mysql.jdbc.Driver] at URL [jdbc:mysql://localhost:3306/db_Poliglot]
[04-24 17:26:36,747, 15784] org.hibernate.engine.jdbc.connections.internal.DriverManagerConnectionProviderImpl HHH000046: Connection properties: {user=poliglot_game, password=****}
[04-24 17:26:36,747, 15784] org.hibernate.engine.jdbc.connections.internal.DriverManagerConnectionProviderImpl HHH000006: Autocommit mode: false
[04-24 17:26:36,747, 15784] org.hibernate.engine.jdbc.connections.internal.DriverManagerConnectionProviderImpl HHH000115: Hibernate connection pool size: 20 (min=1)
[04-24 17:26:36,752, 15789] org.hibernate.dialect.Dialect HHH000400: Using dialect: org.hibernate.dialect.MySQLDialect
[04-24 17:26:36,771, 15808] org.hibernate.tool.hbm2ddl.SchemaUpdate HHH000228: Running hbm2ddl schema update
[04-24 17:26:36,806, 15843] account.AccountServiceImpl Пользователь НЕ добавлен
[04-24 17:26:36,889, 15926] org.hibernate.engine.jdbc.connections.internal.DriverManagerConnectionProviderImpl HHH000402: Using Hibernate built-in connection pool (not for production use!)
[04-24 17:26:36,890, 15927] org.hibernate.engine.jdbc.connections.internal.DriverManagerConnectionProviderImpl HHH000401: using driver [com.mysql.jdbc.Driver] at URL [jdbc:mysql://localhost:3306/db_Poliglot]
[04-24 17:26:36,890, 15927] org.hibernate.engine.jdbc.connections.internal.DriverManagerConnectionProviderImpl HHH000046: Connection properties: {user=poliglot_game, password=****}
[04-24 17:26:36,890, 15927] org.hibernate.engine.jdbc.connections.internal.DriverManagerConnectionProviderImpl HHH000006: Autocommit mode: false
[04-24 17:26:36,890, 15927] org.hibernate.engine.jdbc.connections.internal.DriverManagerConnectionProviderImpl HHH000115: Hibernate connection pool size: 20 (min=1)
[04-24 17:26:36,894, 15931] org.hibernate.dialect.Dialect HHH000400: Using dialect: org.hibernate.dialect.MySQLDialect
[04-24 17:26:36,907, 15944] org.hibernate.tool.hbm2ddl.SchemaUpdate HHH000228: Running hbm2ddl schema update
[04-24 17:26:37,085, 16122] org.hibernate.engine.jdbc.connections.internal.DriverManagerConnectionProviderImpl HHH000402: Using Hibernate built-in connection pool (not for production use!)
[04-24 17:26:37,085, 16122] org.hibernate.engine.jdbc.connections.internal.DriverManagerConnectionProviderImpl HHH000401: using driver [com.mysql.jdbc.Driver] at URL [jdbc:mysql://localhost:3306/db_Poliglot]
[04-24 17:26:37,086, 16123] org.hibernate.engine.jdbc.connections.internal.DriverManagerConnectionProviderImpl HHH000046: Connection properties: {user=poliglot_game, password=****}
[04-24 17:26:37,086, 16123] org.hibernate.engine.jdbc.connections.internal.DriverManagerConnectionProviderImpl HHH000006: Autocommit mode: false
[04-24 17:26:37,086, 16123] org.hibernate.engine.jdbc.connections.internal.DriverManagerConnectionProviderImpl HHH000115: Hibernate connection pool size: 20 (min=1)
[04-24 17:26:37,095, 16132] org.hibernate.dialect.Dialect HHH000400: Using dialect: org.hibernate.dialect.MySQLDialect
[04-24 17:26:37,112, 16149] org.hibernate.tool.hbm2ddl.SchemaUpdate HHH000228: Running hbm2ddl schema update
[04-24 17:26:37,165, 16202] account.AccountServiceImpl Пользователь НЕ добавлен
[04-24 17:26:37,187, 16224] org.hibernate.engine.jdbc.connections.internal.DriverManagerConnectionProviderImpl HHH000402: Using Hibernate built-in connection pool (not for production use!)
[04-24 17:26:37,188, 16225] org.hibernate.engine.jdbc.connections.internal.DriverManagerConnectionProviderImpl HHH000401: using driver [com.mysql.jdbc.Driver] at URL [jdbc:mysql://localhost:3306/db_Poliglot]
[04-24 17:26:37,188, 16225] org.hibernate.engine.jdbc.connections.internal.DriverManagerConnectionProviderImpl HHH000046: Connection properties: {user=poliglot_game, password=****}
[04-24 17:26:37,189, 16226] org.hibernate.engine.jdbc.connections.internal.DriverManagerConnectionProviderImpl HHH000006: Autocommit mode: false
[04-24 17:26:37,189, 16226] org.hibernate.engine.jdbc.connections.internal.DriverManagerConnectionProviderImpl HHH000115: Hibernate connection pool size: 20 (min=1)
[04-24 17:26:37,194, 16231] org.hibernate.dialect.Dialect HHH000400: Using dialect: org.hibernate.dialect.MySQLDialect
[04-24 17:26:37,207, 16244] org.hibernate.tool.hbm2ddl.SchemaUpdate HHH000228: Running hbm2ddl schema update
[04-24 17:26:37,433, 16470] org.hibernate.engine.jdbc.connections.internal.DriverManagerConnectionProviderImpl HHH000402: Using Hibernate built-in connection pool (not for production use!)
[04-24 17:26:37,433, 16470] org.hibernate.engine.jdbc.connections.internal.DriverManagerConnectionProviderImpl HHH000401: using driver [com.mysql.jdbc.Driver] at URL [jdbc:mysql://localhost:3306/db_Poliglot]
[04-24 17:26:37,434, 16471] org.hibernate.engine.jdbc.connections.internal.DriverManagerConnectionProviderImpl HHH000046: Connection properties: {user=poliglot_game, password=****}
[04-24 17:26:37,434, 16471] org.hibernate.engine.jdbc.connections.internal.DriverManagerConnectionProviderImpl HHH000006: Autocommit mode: false
[04-24 17:26:37,435, 16472] org.hibernate.engine.jdbc.connections.internal.DriverManagerConnectionProviderImpl HHH000115: Hibernate connection pool size: 20 (min=1)
[04-24 17:26:37,440, 16477] org.hibernate.dialect.Dialect HHH000400: Using dialect: org.hibernate.dialect.MySQLDialect
[04-24 17:26:37,449, 16486] org.hibernate.tool.hbm2ddl.SchemaUpdate HHH000228: Running hbm2ddl schema update
[04-24 17:26:37,500, 16537] account.AccountServiceImpl Пользователь НЕ добавлен
[04-24 17:26:37,510, 16547] org.hibernate.engine.jdbc.connections.internal.DriverManagerConnectionProviderImpl HHH000402: Using Hibernate built-in connection pool (not for production use!)
[04-24 17:26:37,510, 16547] org.hibernate.engine.jdbc.connections.internal.DriverManagerConnectionProviderImpl HHH000401: using driver [com.mysql.jdbc.Driver] at URL [jdbc:mysql://localhost:3306/db_Poliglot]
[04-24 17:26:37,510, 16547] org.hibernate.engine.jdbc.connections.internal.DriverManagerConnectionProviderImpl HHH000046: Connection properties: {user=poliglot_game, password=****}
[04-24 17:26:37,510, 16547] org.hibernate.engine.jdbc.connections.internal.DriverManagerConnectionProviderImpl HHH000006: Autocommit mode: false
[04-24 17:26:37,510, 16547] org.hibernate.engine.jdbc.connections.internal.DriverManagerConnectionProviderImpl HHH000115: Hibernate connection pool size: 20 (min=1)
[04-24 17:26:37,514, 16551] org.hibernate.dialect.Dialect HHH000400: Using dialect: org.hibernate.dialect.MySQLDialect
[04-24 17:26:37,522, 16559] org.hibernate.tool.hbm2ddl.SchemaUpdate HHH000228: Running hbm2ddl schema update
[04-24 17:26:37,585, 16622] org.hibernate.engine.jdbc.connections.internal.DriverManagerConnectionProviderImpl HHH000402: Using Hibernate built-in connection pool (not for production use!)
[04-24 17:26:37,585, 16622] org.hibernate.engine.jdbc.connections.internal.DriverManagerConnectionProviderImpl HHH000401: using driver [com.mysql.jdbc.Driver] at URL [jdbc:mysql://localhost:3306/db_Poliglot]
[04-24 17:26:37,586, 16623] org.hibernate.engine.jdbc.connections.internal.DriverManagerConnectionProviderImpl HHH000046: Connection properties: {user=poliglot_game, password=****}
[04-24 17:26:37,586, 16623] org.hibernate.engine.jdbc.connections.internal.DriverManagerConnectionProviderImpl HHH000006: Autocommit mode: false
[04-24 17:26:37,586, 16623] org.hibernate.engine.jdbc.connections.internal.DriverManagerConnectionProviderImpl HHH000115: Hibernate connection pool size: 20 (min=1)
[04-24 17:26:37,589, 16626] org.hibernate.dialect.Dialect HHH000400: Using dialect: org.hibernate.dialect.MySQLDialect
[04-24 17:26:37,599, 16636] org.hibernate.tool.hbm2ddl.SchemaUpdate HHH000228: Running hbm2ddl schema update
[04-24 17:26:37,627, 16664] account.AccountServiceImpl Пользователь НЕ добавлен
[04-24 17:26:37,682, 16719] org.hibernate.engine.jdbc.connections.internal.DriverManagerConnectionProviderImpl HHH000402: Using Hibernate built-in connection pool (not for production use!)
[04-24 17:26:37,682, 16719] org.hibernate.engine.jdbc.connections.internal.DriverManagerConnectionProviderImpl HHH000401: using driver [com.mysql.jdbc.Driver] at URL [jdbc:mysql://localhost:3306/db_Poliglot]
[04-24 17:26:37,683, 16720] org.hibernate.engine.jdbc.connections.internal.DriverManagerConnectionProviderImpl HHH000046: Connection properties: {user=poliglot_game, password=****}
[04-24 17:26:37,683, 16720] org.hibernate.engine.jdbc.connections.internal.DriverManagerConnectionProviderImpl HHH000006: Autocommit mode: false
[04-24 17:26:37,683, 16720] org.hibernate.engine.jdbc.connections.internal.DriverManagerConnectionProviderImpl HHH000115: Hibernate connection pool size: 20 (min=1)
[04-24 17:26:37,689, 16726] org.hibernate.dialect.Dialect HHH000400: Using dialect: org.hibernate.dialect.MySQLDialect
[04-24 17:26:37,706, 16743] org.hibernate.tool.hbm2ddl.SchemaUpdate HHH000228: Running hbm2ddl schema update
[04-24 17:26:37,832, 16869] org.hibernate.engine.jdbc.connections.internal.DriverManagerConnectionProviderImpl HHH000402: Using Hibernate built-in connection pool (not for production use!)
[04-24 17:26:37,833, 16870] org.hibernate.engine.jdbc.connections.internal.DriverManagerConnectionProviderImpl HHH000401: using driver [com.mysql.jdbc.Driver] at URL [jdbc:mysql://localhost:3306/db_Poliglot]
[04-24 17:26:37,834, 16871] org.hibernate.engine.jdbc.connections.internal.DriverManagerConnectionProviderImpl HHH000046: Connection properties: {user=poliglot_game, password=****}
[04-24 17:26:37,834, 16871] org.hibernate.engine.jdbc.connections.internal.DriverManagerConnectionProviderImpl HHH000006: Autocommit mode: false
[04-24 17:26:37,834, 16871] org.hibernate.engine.jdbc.connections.internal.DriverManagerConnectionProviderImpl HHH000115: Hibernate connection pool size: 20 (min=1)
[04-24 17:26:37,838, 16875] org.hibernate.dialect.Dialect HHH000400: Using dialect: org.hibernate.dialect.MySQLDialect
[04-24 17:26:37,847, 16884] org.hibernate.tool.hbm2ddl.SchemaUpdate HHH000228: Running hbm2ddl schema update
[04-24 17:26:37,877, 16914] account.AccountServiceImpl Пользователь НЕ добавлен
[04-24 17:26:37,881, 16918] account.AccountServiceImpl Пользователь НЕ добавлен
[04-24 17:26:37,955, 16992] org.hibernate.engine.jdbc.connections.internal.DriverManagerConnectionProviderImpl HHH000402: Using Hibernate built-in connection pool (not for production use!)
[04-24 17:26:37,955, 16992] org.hibernate.engine.jdbc.connections.internal.DriverManagerConnectionProviderImpl HHH000401: using driver [com.mysql.jdbc.Driver] at URL [jdbc:mysql://localhost:3306/db_Poliglot]
[04-24 17:26:37,956, 16993] org.hibernate.engine.jdbc.connections.internal.DriverManagerConnectionProviderImpl HHH000046: Connection properties: {user=poliglot_game, password=****}
[04-24 17:26:37,956, 16993] org.hibernate.engine.jdbc.connections.internal.DriverManagerConnectionProviderImpl HHH000006: Autocommit mode: false
[04-24 17:26:37,956, 16993] org.hibernate.engine.jdbc.connections.internal.DriverManagerConnectionProviderImpl HHH000115: Hibernate connection pool size: 20 (min=1)
[04-24 17:26:37,963, 17000] org.hibernate.dialect.Dialect HHH000400: Using dialect: org.hibernate.dialect.MySQLDialect
[04-24 17:26:37,981, 17018] org.hibernate.tool.hbm2ddl.SchemaUpdate HHH000228: Running hbm2ddl schema update
[04-24 17:26:38,076, 17113] org.hibernate.engine.jdbc.connections.internal.DriverManagerConnectionProviderImpl HHH000402: Using Hibernate built-in connection pool (not for production use!)
[04-24 17:26:38,076, 17113] org.hibernate.engine.jdbc.connections.internal.DriverManagerConnectionProviderImpl HHH000401: using driver [com.mysql.jdbc.Driver] at URL [jdbc:mysql://localhost:3306/db_Poliglot]
[04-24 17:26:38,077, 17114] org.hibernate.engine.jdbc.connections.internal.DriverManagerConnectionProviderImpl HHH000046: Connection properties: {user=poliglot_game, password=****}
[04-24 17:26:38,077, 17114] org.hibernate.engine.jdbc.connections.internal.DriverManagerConnectionProviderImpl HHH000006: Autocommit mode: false
[04-24 17:26:38,077, 17114] org.hibernate.engine.jdbc.connections.internal.DriverManagerConnectionProviderImpl HHH000115: Hibernate connection pool size: 20 (min=1)
[04-24 17:26:38,080, 17117] org.hibernate.dialect.Dialect HHH000400: Using dialect: org.hibernate.dialect.MySQLDialect
[04-24 17:26:38,088, 17125] org.hibernate.tool.hbm2ddl.SchemaUpdate HHH000228: Running hbm2ddl schema update
[04-24 17:26:38,141, 17178] account.AccountServiceImpl Пользователь НЕ добавлен
