[04-26 23:51:30,135, 2427] main.Main Starting at port: 8080
[04-26 23:51:31,089, 3381] org.hibernate.Version HHH000412: Hibernate Core {5.0.3.Final}
[04-26 23:51:31,093, 3385] org.hibernate.cfg.Environment HHH000206: hibernate.properties not found
[04-26 23:51:31,098, 3390] org.hibernate.cfg.Environment HHH000021: Bytecode provider name : javassist
[04-26 23:51:31,308, 3600] org.hibernate.annotations.common.Version HCANN000001: Hibernate Commons Annotations {5.0.0.Final}
[04-26 23:51:31,701, 3993] org.hibernate.engine.jdbc.connections.internal.DriverManagerConnectionProviderImpl HHH000402: Using Hibernate built-in connection pool (not for production use!)
[04-26 23:51:31,753, 4045] org.hibernate.engine.jdbc.connections.internal.DriverManagerConnectionProviderImpl HHH000401: using driver [com.mysql.jdbc.Driver] at URL [jdbc:mysql://localhost:3306/db_Poliglot]
[04-26 23:51:31,754, 4046] org.hibernate.engine.jdbc.connections.internal.DriverManagerConnectionProviderImpl HHH000046: Connection properties: {user=poliglot_game, password=****}
[04-26 23:51:31,754, 4046] org.hibernate.engine.jdbc.connections.internal.DriverManagerConnectionProviderImpl HHH000006: Autocommit mode: false
[04-26 23:51:31,770, 4062] org.hibernate.engine.jdbc.connections.internal.DriverManagerConnectionProviderImpl HHH000115: Hibernate connection pool size: 20 (min=1)
[04-26 23:51:33,004, 5296] org.hibernate.dialect.Dialect HHH000400: Using dialect: org.hibernate.dialect.MySQLDialect
[04-26 23:51:34,917, 7209] org.hibernate.tool.hbm2ddl.SchemaUpdate HHH000228: Running hbm2ddl schema update
[04-26 23:53:18,907, 111199] account.AccountServiceImpl Пользователь добавлен: {1, snach, pass1, snach123}
[04-26 23:54:33,439, 185731] account.AccountServiceImpl Сессия добавлена: {1, snach, pass1, snach123}
[04-26 23:54:59,112, 211404] account.AccountServiceImpl Пользователь добавлен: {2, test1, testpass1, filloh}
[04-26 23:55:25,704, 237996] account.AccountServiceImpl Сессия добавлена: {2, test1, testpass1, filloh}
[04-26 23:56:15,555, 287847] frontend.GameWebSocket Socket created for test1
[04-26 23:56:43,963, 316255] frontend.GameWebSocket Socket created for snach
[04-26 23:57:44,138, 376430] game.GameMechanicsImpl игра завершена для : snach и test1
[04-26 23:58:02,968, 395260] frontend.GameWebSocket Socket created for snach
[04-26 23:58:12,152, 404444] frontend.GameWebSocket Socket created for test1
[04-26 23:59:12,233, 464525] game.GameMechanicsImpl игра завершена для : test1 и snach
[04-26 23:59:12,330, 464622] frontend.GameWebSocket Closing socket for: test1  status: 1011 reason: NullPointerException
