[04-26 16:04:48,064, 3050] org.hibernate.Version HHH000412: Hibernate Core {5.0.3.Final}
[04-26 16:04:48,073, 3059] org.hibernate.cfg.Environment HHH000206: hibernate.properties not found
[04-26 16:04:48,078, 3064] org.hibernate.cfg.Environment HHH000021: Bytecode provider name : javassist
[04-26 16:04:48,296, 3282] org.hibernate.annotations.common.Version HCANN000001: Hibernate Commons Annotations {5.0.0.Final}
[04-26 16:04:48,655, 3641] org.hibernate.engine.jdbc.connections.internal.DriverManagerConnectionProviderImpl HHH000402: Using Hibernate built-in connection pool (not for production use!)
[04-26 16:04:48,684, 3670] org.hibernate.engine.jdbc.connections.internal.DriverManagerConnectionProviderImpl HHH000401: using driver [com.mysql.jdbc.Driver] at URL [jdbc:mysql://localhost:3306/db_Poliglot]
[04-26 16:04:48,685, 3671] org.hibernate.engine.jdbc.connections.internal.DriverManagerConnectionProviderImpl HHH000046: Connection properties: {user=poliglot_game, password=****}
[04-26 16:04:48,685, 3671] org.hibernate.engine.jdbc.connections.internal.DriverManagerConnectionProviderImpl HHH000006: Autocommit mode: false
[04-26 16:04:48,688, 3674] org.hibernate.engine.jdbc.connections.internal.DriverManagerConnectionProviderImpl HHH000115: Hibernate connection pool size: 20 (min=1)
[04-26 16:04:49,435, 4421] org.hibernate.dialect.Dialect HHH000400: Using dialect: org.hibernate.dialect.MySQLDialect
[04-26 16:04:51,205, 6191] org.hibernate.tool.hbm2ddl.SchemaExport HHH000227: Running hbm2ddl schema export
[04-26 16:04:51,324, 6310] org.hibernate.tool.hbm2ddl.SchemaExport HHH000230: Schema export complete
[04-26 16:04:51,616, 6602] account.AccountServiceImpl Пользователь добавлен: {1, test1, testpass1, 1@mail.com}
[04-26 16:04:51,648, 6634] org.hibernate.engine.jdbc.connections.internal.DriverManagerConnectionProviderImpl HHH000402: Using Hibernate built-in connection pool (not for production use!)
[04-26 16:04:51,649, 6635] org.hibernate.engine.jdbc.connections.internal.DriverManagerConnectionProviderImpl HHH000401: using driver [com.mysql.jdbc.Driver] at URL [jdbc:mysql://localhost:3306/db_Poliglot]
[04-26 16:04:51,651, 6637] org.hibernate.engine.jdbc.connections.internal.DriverManagerConnectionProviderImpl HHH000046: Connection properties: {user=poliglot_game, password=****}
[04-26 16:04:51,651, 6637] org.hibernate.engine.jdbc.connections.internal.DriverManagerConnectionProviderImpl HHH000006: Autocommit mode: false
[04-26 16:04:51,652, 6638] org.hibernate.engine.jdbc.connections.internal.DriverManagerConnectionProviderImpl HHH000115: Hibernate connection pool size: 20 (min=1)
[04-26 16:04:51,658, 6644] org.hibernate.dialect.Dialect HHH000400: Using dialect: org.hibernate.dialect.MySQLDialect
[04-26 16:04:51,689, 6675] org.hibernate.tool.hbm2ddl.SchemaExport HHH000227: Running hbm2ddl schema export
[04-26 16:04:51,718, 6704] org.hibernate.tool.hbm2ddl.SchemaExport HHH000230: Schema export complete
[04-26 16:04:51,725, 6711] account.AccountServiceImpl Пользователь добавлен: {1, test1, testpass1, 1@mail.com}
[04-26 16:04:51,743, 6729] org.hibernate.engine.jdbc.connections.internal.DriverManagerConnectionProviderImpl HHH000402: Using Hibernate built-in connection pool (not for production use!)
[04-26 16:04:51,744, 6730] org.hibernate.engine.jdbc.connections.internal.DriverManagerConnectionProviderImpl HHH000401: using driver [com.mysql.jdbc.Driver] at URL [jdbc:mysql://localhost:3306/db_Poliglot]
[04-26 16:04:51,744, 6730] org.hibernate.engine.jdbc.connections.internal.DriverManagerConnectionProviderImpl HHH000046: Connection properties: {user=poliglot_game, password=****}
[04-26 16:04:51,744, 6730] org.hibernate.engine.jdbc.connections.internal.DriverManagerConnectionProviderImpl HHH000006: Autocommit mode: false
[04-26 16:04:51,745, 6731] org.hibernate.engine.jdbc.connections.internal.DriverManagerConnectionProviderImpl HHH000115: Hibernate connection pool size: 20 (min=1)
[04-26 16:04:51,754, 6740] org.hibernate.dialect.Dialect HHH000400: Using dialect: org.hibernate.dialect.MySQLDialect
[04-26 16:04:51,780, 6766] org.hibernate.tool.hbm2ddl.SchemaExport HHH000227: Running hbm2ddl schema export
[04-26 16:04:51,819, 6805] org.hibernate.tool.hbm2ddl.SchemaExport HHH000230: Schema export complete
[04-26 16:04:51,834, 6820] account.AccountServiceImpl Пользователь добавлен: {1, test, testpass, test@mail.com}
[04-26 16:04:51,847, 6833] org.hibernate.engine.jdbc.connections.internal.DriverManagerConnectionProviderImpl HHH000402: Using Hibernate built-in connection pool (not for production use!)
[04-26 16:04:51,851, 6837] org.hibernate.engine.jdbc.connections.internal.DriverManagerConnectionProviderImpl HHH000401: using driver [com.mysql.jdbc.Driver] at URL [jdbc:mysql://localhost:3306/db_Poliglot]
[04-26 16:04:51,852, 6838] org.hibernate.engine.jdbc.connections.internal.DriverManagerConnectionProviderImpl HHH000046: Connection properties: {user=poliglot_game, password=****}
[04-26 16:04:51,852, 6838] org.hibernate.engine.jdbc.connections.internal.DriverManagerConnectionProviderImpl HHH000006: Autocommit mode: false
[04-26 16:04:51,853, 6839] org.hibernate.engine.jdbc.connections.internal.DriverManagerConnectionProviderImpl HHH000115: Hibernate connection pool size: 20 (min=1)
[04-26 16:04:51,863, 6849] org.hibernate.dialect.Dialect HHH000400: Using dialect: org.hibernate.dialect.MySQLDialect
[04-26 16:04:51,906, 6892] org.hibernate.tool.hbm2ddl.SchemaExport HHH000227: Running hbm2ddl schema export
[04-26 16:04:51,944, 6930] org.hibernate.tool.hbm2ddl.SchemaExport HHH000230: Schema export complete
[04-26 16:04:51,951, 6937] account.AccountServiceImpl Пользователь добавлен: {1, test, testpass1, 1@mail.com}
[04-26 16:04:51,956, 6942] account.AccountServiceImpl Юзер differUser не найден
[04-26 16:04:51,962, 6948] org.hibernate.engine.jdbc.connections.internal.DriverManagerConnectionProviderImpl HHH000402: Using Hibernate built-in connection pool (not for production use!)
[04-26 16:04:51,962, 6948] org.hibernate.engine.jdbc.connections.internal.DriverManagerConnectionProviderImpl HHH000401: using driver [com.mysql.jdbc.Driver] at URL [jdbc:mysql://localhost:3306/db_Poliglot]
[04-26 16:04:51,962, 6948] org.hibernate.engine.jdbc.connections.internal.DriverManagerConnectionProviderImpl HHH000046: Connection properties: {user=poliglot_game, password=****}
[04-26 16:04:51,963, 6949] org.hibernate.engine.jdbc.connections.internal.DriverManagerConnectionProviderImpl HHH000006: Autocommit mode: false
[04-26 16:04:51,963, 6949] org.hibernate.engine.jdbc.connections.internal.DriverManagerConnectionProviderImpl HHH000115: Hibernate connection pool size: 20 (min=1)
[04-26 16:04:51,970, 6956] org.hibernate.dialect.Dialect HHH000400: Using dialect: org.hibernate.dialect.MySQLDialect
[04-26 16:04:51,989, 6975] org.hibernate.tool.hbm2ddl.SchemaExport HHH000227: Running hbm2ddl schema export
[04-26 16:04:52,035, 7021] org.hibernate.tool.hbm2ddl.SchemaExport HHH000230: Schema export complete
[04-26 16:04:52,050, 7036] account.AccountServiceImpl Пользователь добавлен: {1, test, testpass1, 1@mail.com}
[04-26 16:04:52,111, 7097] account.AccountServiceImpl Пользователь изменен: {1}
[04-26 16:04:52,124, 7110] org.hibernate.engine.jdbc.connections.internal.DriverManagerConnectionProviderImpl HHH000402: Using Hibernate built-in connection pool (not for production use!)
[04-26 16:04:52,127, 7113] org.hibernate.engine.jdbc.connections.internal.DriverManagerConnectionProviderImpl HHH000401: using driver [com.mysql.jdbc.Driver] at URL [jdbc:mysql://localhost:3306/db_Poliglot]
[04-26 16:04:52,129, 7115] org.hibernate.engine.jdbc.connections.internal.DriverManagerConnectionProviderImpl HHH000046: Connection properties: {user=poliglot_game, password=****}
[04-26 16:04:52,130, 7116] org.hibernate.engine.jdbc.connections.internal.DriverManagerConnectionProviderImpl HHH000006: Autocommit mode: false
[04-26 16:04:52,130, 7116] org.hibernate.engine.jdbc.connections.internal.DriverManagerConnectionProviderImpl HHH000115: Hibernate connection pool size: 20 (min=1)
[04-26 16:04:52,141, 7127] org.hibernate.dialect.Dialect HHH000400: Using dialect: org.hibernate.dialect.MySQLDialect
[04-26 16:04:52,155, 7141] org.hibernate.tool.hbm2ddl.SchemaExport HHH000227: Running hbm2ddl schema export
[04-26 16:04:52,186, 7172] org.hibernate.tool.hbm2ddl.SchemaExport HHH000230: Schema export complete
[04-26 16:04:52,193, 7179] account.AccountServiceImpl Пользователь добавлен: {1, test, testpass1, 1@mail.com}
[04-26 16:04:52,196, 7182] account.AccountServiceImpl Сессия добавлена: {1, test, testpass1, 1@mail.com}
[04-26 16:04:52,204, 7190] org.hibernate.engine.jdbc.connections.internal.DriverManagerConnectionProviderImpl HHH000402: Using Hibernate built-in connection pool (not for production use!)
[04-26 16:04:52,204, 7190] org.hibernate.engine.jdbc.connections.internal.DriverManagerConnectionProviderImpl HHH000401: using driver [com.mysql.jdbc.Driver] at URL [jdbc:mysql://localhost:3306/db_Poliglot]
[04-26 16:04:52,205, 7191] org.hibernate.engine.jdbc.connections.internal.DriverManagerConnectionProviderImpl HHH000046: Connection properties: {user=poliglot_game, password=****}
[04-26 16:04:52,205, 7191] org.hibernate.engine.jdbc.connections.internal.DriverManagerConnectionProviderImpl HHH000006: Autocommit mode: false
[04-26 16:04:52,205, 7191] org.hibernate.engine.jdbc.connections.internal.DriverManagerConnectionProviderImpl HHH000115: Hibernate connection pool size: 20 (min=1)
[04-26 16:04:52,214, 7200] org.hibernate.dialect.Dialect HHH000400: Using dialect: org.hibernate.dialect.MySQLDialect
[04-26 16:04:52,228, 7214] org.hibernate.tool.hbm2ddl.SchemaExport HHH000227: Running hbm2ddl schema export
[04-26 16:04:52,286, 7272] org.hibernate.tool.hbm2ddl.SchemaExport HHH000230: Schema export complete
[04-26 16:04:52,311, 7297] account.AccountServiceImpl Пользователь добавлен: {1, test, testpass1, 1@mail.com}
[04-26 16:04:52,327, 7313] account.AccountServiceImpl Пользователь добавлен: {2, test2, testpass2, 2@mail.com}
[04-26 16:04:52,340, 7326] account.AccountServiceImpl Пользователь добавлен: {3, test3, testpass3, 3@mail.com}
[04-26 16:04:52,359, 7345] org.hibernate.engine.jdbc.connections.internal.DriverManagerConnectionProviderImpl HHH000402: Using Hibernate built-in connection pool (not for production use!)
[04-26 16:04:52,360, 7346] org.hibernate.engine.jdbc.connections.internal.DriverManagerConnectionProviderImpl HHH000401: using driver [com.mysql.jdbc.Driver] at URL [jdbc:mysql://localhost:3306/db_Poliglot]
[04-26 16:04:52,360, 7346] org.hibernate.engine.jdbc.connections.internal.DriverManagerConnectionProviderImpl HHH000046: Connection properties: {user=poliglot_game, password=****}
[04-26 16:04:52,360, 7346] org.hibernate.engine.jdbc.connections.internal.DriverManagerConnectionProviderImpl HHH000006: Autocommit mode: false
[04-26 16:04:52,360, 7346] org.hibernate.engine.jdbc.connections.internal.DriverManagerConnectionProviderImpl HHH000115: Hibernate connection pool size: 20 (min=1)
[04-26 16:04:52,368, 7354] org.hibernate.dialect.Dialect HHH000400: Using dialect: org.hibernate.dialect.MySQLDialect
[04-26 16:04:52,383, 7369] org.hibernate.tool.hbm2ddl.SchemaExport HHH000227: Running hbm2ddl schema export
[04-26 16:04:52,433, 7419] org.hibernate.tool.hbm2ddl.SchemaExport HHH000230: Schema export complete
[04-26 16:04:52,446, 7432] account.AccountServiceImpl Пользователь добавлен: {1, test, testpass1, 1@mail.com}
[04-26 16:04:52,449, 7435] account.AccountServiceImpl Сессия добавлена: {1, test, testpass1, 1@mail.com}
[04-26 16:04:52,449, 7435] account.AccountServiceImpl Сессия удалена: {1, test, testpass1, 1@mail.com}
[04-26 16:04:52,455, 7441] org.hibernate.engine.jdbc.connections.internal.DriverManagerConnectionProviderImpl HHH000402: Using Hibernate built-in connection pool (not for production use!)
[04-26 16:04:52,455, 7441] org.hibernate.engine.jdbc.connections.internal.DriverManagerConnectionProviderImpl HHH000401: using driver [com.mysql.jdbc.Driver] at URL [jdbc:mysql://localhost:3306/db_Poliglot]
[04-26 16:04:52,456, 7442] org.hibernate.engine.jdbc.connections.internal.DriverManagerConnectionProviderImpl HHH000046: Connection properties: {user=poliglot_game, password=****}
[04-26 16:04:52,456, 7442] org.hibernate.engine.jdbc.connections.internal.DriverManagerConnectionProviderImpl HHH000006: Autocommit mode: false
[04-26 16:04:52,456, 7442] org.hibernate.engine.jdbc.connections.internal.DriverManagerConnectionProviderImpl HHH000115: Hibernate connection pool size: 20 (min=1)
[04-26 16:04:52,462, 7448] org.hibernate.dialect.Dialect HHH000400: Using dialect: org.hibernate.dialect.MySQLDialect
[04-26 16:04:52,478, 7464] org.hibernate.tool.hbm2ddl.SchemaExport HHH000227: Running hbm2ddl schema export
[04-26 16:04:52,520, 7506] org.hibernate.tool.hbm2ddl.SchemaExport HHH000230: Schema export complete
[04-26 16:04:52,530, 7516] account.AccountServiceImpl Пользователь добавлен: {1, test, testpass1, 1@mail.com}
[04-26 16:04:52,545, 7531] org.hibernate.engine.jdbc.connections.internal.DriverManagerConnectionProviderImpl HHH000402: Using Hibernate built-in connection pool (not for production use!)
[04-26 16:04:52,546, 7532] org.hibernate.engine.jdbc.connections.internal.DriverManagerConnectionProviderImpl HHH000401: using driver [com.mysql.jdbc.Driver] at URL [jdbc:mysql://localhost:3306/db_Poliglot]
[04-26 16:04:52,548, 7534] org.hibernate.engine.jdbc.connections.internal.DriverManagerConnectionProviderImpl HHH000046: Connection properties: {user=poliglot_game, password=****}
[04-26 16:04:52,548, 7534] org.hibernate.engine.jdbc.connections.internal.DriverManagerConnectionProviderImpl HHH000006: Autocommit mode: false
[04-26 16:04:52,549, 7535] org.hibernate.engine.jdbc.connections.internal.DriverManagerConnectionProviderImpl HHH000115: Hibernate connection pool size: 20 (min=1)
[04-26 16:04:52,561, 7547] org.hibernate.dialect.Dialect HHH000400: Using dialect: org.hibernate.dialect.MySQLDialect
[04-26 16:04:52,596, 7582] org.hibernate.tool.hbm2ddl.SchemaExport HHH000227: Running hbm2ddl schema export
[04-26 16:04:52,637, 7623] org.hibernate.tool.hbm2ddl.SchemaExport HHH000230: Schema export complete
[04-26 16:04:52,644, 7630] account.AccountServiceImpl Пользователь добавлен: {1, test, testpass1, 1@mail.com}
[04-26 16:04:52,648, 7634] account.AccountServiceImpl Сессия добавлена: {1, test, testpass1, 1@mail.com}
[04-26 16:04:52,648, 7634] account.AccountServiceImpl Сессия не может быть удалена, тк не добавлена
[04-26 16:04:52,652, 7638] org.hibernate.engine.jdbc.connections.internal.DriverManagerConnectionProviderImpl HHH000402: Using Hibernate built-in connection pool (not for production use!)
[04-26 16:04:52,652, 7638] org.hibernate.engine.jdbc.connections.internal.DriverManagerConnectionProviderImpl HHH000401: using driver [com.mysql.jdbc.Driver] at URL [jdbc:mysql://localhost:3306/db_Poliglot]
[04-26 16:04:52,652, 7638] org.hibernate.engine.jdbc.connections.internal.DriverManagerConnectionProviderImpl HHH000046: Connection properties: {user=poliglot_game, password=****}
[04-26 16:04:52,652, 7638] org.hibernate.engine.jdbc.connections.internal.DriverManagerConnectionProviderImpl HHH000006: Autocommit mode: false
[04-26 16:04:52,653, 7639] org.hibernate.engine.jdbc.connections.internal.DriverManagerConnectionProviderImpl HHH000115: Hibernate connection pool size: 20 (min=1)
[04-26 16:04:52,661, 7647] org.hibernate.dialect.Dialect HHH000400: Using dialect: org.hibernate.dialect.MySQLDialect
[04-26 16:04:52,675, 7661] org.hibernate.tool.hbm2ddl.SchemaExport HHH000227: Running hbm2ddl schema export
[04-26 16:04:52,706, 7692] org.hibernate.tool.hbm2ddl.SchemaExport HHH000230: Schema export complete
[04-26 16:04:52,720, 7706] account.AccountServiceImpl Пользователь добавлен: {1, test, testpass1, 1@mail.com}
[04-26 16:04:52,744, 7730] account.AccountServiceImpl Пользователь удален: {1}
[04-26 16:04:52,757, 7743] org.hibernate.engine.jdbc.connections.internal.DriverManagerConnectionProviderImpl HHH000402: Using Hibernate built-in connection pool (not for production use!)
[04-26 16:04:52,757, 7743] org.hibernate.engine.jdbc.connections.internal.DriverManagerConnectionProviderImpl HHH000401: using driver [com.mysql.jdbc.Driver] at URL [jdbc:mysql://localhost:3306/db_Poliglot]
[04-26 16:04:52,757, 7743] org.hibernate.engine.jdbc.connections.internal.DriverManagerConnectionProviderImpl HHH000046: Connection properties: {user=poliglot_game, password=****}
[04-26 16:04:52,758, 7744] org.hibernate.engine.jdbc.connections.internal.DriverManagerConnectionProviderImpl HHH000006: Autocommit mode: false
[04-26 16:04:52,758, 7744] org.hibernate.engine.jdbc.connections.internal.DriverManagerConnectionProviderImpl HHH000115: Hibernate connection pool size: 20 (min=1)
[04-26 16:04:52,764, 7750] org.hibernate.dialect.Dialect HHH000400: Using dialect: org.hibernate.dialect.MySQLDialect
[04-26 16:04:52,789, 7775] org.hibernate.tool.hbm2ddl.SchemaExport HHH000227: Running hbm2ddl schema export
[04-26 16:04:52,831, 7817] org.hibernate.tool.hbm2ddl.SchemaExport HHH000230: Schema export complete
[04-26 16:04:52,843, 7829] account.AccountServiceImpl Пользователь добавлен: {1, test, testpass1, 1@mail.com}
[04-26 16:04:52,859, 7845] org.hibernate.engine.jdbc.connections.internal.DriverManagerConnectionProviderImpl HHH000402: Using Hibernate built-in connection pool (not for production use!)
[04-26 16:04:52,859, 7845] org.hibernate.engine.jdbc.connections.internal.DriverManagerConnectionProviderImpl HHH000401: using driver [com.mysql.jdbc.Driver] at URL [jdbc:mysql://localhost:3306/db_Poliglot]
[04-26 16:04:52,860, 7846] org.hibernate.engine.jdbc.connections.internal.DriverManagerConnectionProviderImpl HHH000046: Connection properties: {user=poliglot_game, password=****}
[04-26 16:04:52,860, 7846] org.hibernate.engine.jdbc.connections.internal.DriverManagerConnectionProviderImpl HHH000006: Autocommit mode: false
[04-26 16:04:52,860, 7846] org.hibernate.engine.jdbc.connections.internal.DriverManagerConnectionProviderImpl HHH000115: Hibernate connection pool size: 20 (min=1)
[04-26 16:04:52,865, 7851] org.hibernate.dialect.Dialect HHH000400: Using dialect: org.hibernate.dialect.MySQLDialect
[04-26 16:04:52,882, 7868] org.hibernate.tool.hbm2ddl.SchemaExport HHH000227: Running hbm2ddl schema export
[04-26 16:04:52,917, 7903] org.hibernate.tool.hbm2ddl.SchemaExport HHH000230: Schema export complete
[04-26 16:04:52,924, 7910] account.AccountServiceImpl Пользователь добавлен: {1, test1, testpass1, 1@mail.com}
[04-26 16:04:52,934, 7920] org.hibernate.engine.jdbc.connections.internal.DriverManagerConnectionProviderImpl HHH000402: Using Hibernate built-in connection pool (not for production use!)
[04-26 16:04:52,934, 7920] org.hibernate.engine.jdbc.connections.internal.DriverManagerConnectionProviderImpl HHH000401: using driver [com.mysql.jdbc.Driver] at URL [jdbc:mysql://localhost:3306/db_Poliglot]
[04-26 16:04:52,934, 7920] org.hibernate.engine.jdbc.connections.internal.DriverManagerConnectionProviderImpl HHH000046: Connection properties: {user=poliglot_game, password=****}
[04-26 16:04:52,934, 7920] org.hibernate.engine.jdbc.connections.internal.DriverManagerConnectionProviderImpl HHH000006: Autocommit mode: false
[04-26 16:04:52,934, 7920] org.hibernate.engine.jdbc.connections.internal.DriverManagerConnectionProviderImpl HHH000115: Hibernate connection pool size: 20 (min=1)
[04-26 16:04:52,940, 7926] org.hibernate.dialect.Dialect HHH000400: Using dialect: org.hibernate.dialect.MySQLDialect
[04-26 16:04:52,964, 7950] org.hibernate.tool.hbm2ddl.SchemaExport HHH000227: Running hbm2ddl schema export
[04-26 16:04:52,998, 7984] org.hibernate.tool.hbm2ddl.SchemaExport HHH000230: Schema export complete
[04-26 16:04:53,004, 7990] account.AccountServiceImpl Пользователь добавлен: {1, test, testpass1, 1@mail.com}
[04-26 16:04:53,017, 8003] account.AccountServiceImpl Пользователь изменен: {1}
[04-26 16:04:53,029, 8015] org.hibernate.engine.jdbc.connections.internal.DriverManagerConnectionProviderImpl HHH000402: Using Hibernate built-in connection pool (not for production use!)
[04-26 16:04:53,030, 8016] org.hibernate.engine.jdbc.connections.internal.DriverManagerConnectionProviderImpl HHH000401: using driver [com.mysql.jdbc.Driver] at URL [jdbc:mysql://localhost:3306/db_Poliglot]
[04-26 16:04:53,031, 8017] org.hibernate.engine.jdbc.connections.internal.DriverManagerConnectionProviderImpl HHH000046: Connection properties: {user=poliglot_game, password=****}
[04-26 16:04:53,032, 8018] org.hibernate.engine.jdbc.connections.internal.DriverManagerConnectionProviderImpl HHH000006: Autocommit mode: false
[04-26 16:04:53,032, 8018] org.hibernate.engine.jdbc.connections.internal.DriverManagerConnectionProviderImpl HHH000115: Hibernate connection pool size: 20 (min=1)
[04-26 16:04:53,049, 8035] org.hibernate.dialect.Dialect HHH000400: Using dialect: org.hibernate.dialect.MySQLDialect
[04-26 16:04:53,069, 8055] org.hibernate.tool.hbm2ddl.SchemaExport HHH000227: Running hbm2ddl schema export
[04-26 16:04:53,100, 8086] org.hibernate.tool.hbm2ddl.SchemaExport HHH000230: Schema export complete
[04-26 16:04:53,105, 8091] account.AccountServiceImpl Пользователь добавлен: {1, test1, testpass1, 1@mail.com}
[04-26 16:04:53,111, 8097] account.AccountServiceImpl Пользователь НЕ добавлен
[04-26 16:04:53,115, 8101] org.hibernate.engine.jdbc.connections.internal.DriverManagerConnectionProviderImpl HHH000402: Using Hibernate built-in connection pool (not for production use!)
[04-26 16:04:53,115, 8101] org.hibernate.engine.jdbc.connections.internal.DriverManagerConnectionProviderImpl HHH000401: using driver [com.mysql.jdbc.Driver] at URL [jdbc:mysql://localhost:3306/db_Poliglot]
[04-26 16:04:53,115, 8101] org.hibernate.engine.jdbc.connections.internal.DriverManagerConnectionProviderImpl HHH000046: Connection properties: {user=poliglot_game, password=****}
[04-26 16:04:53,115, 8101] org.hibernate.engine.jdbc.connections.internal.DriverManagerConnectionProviderImpl HHH000006: Autocommit mode: false
[04-26 16:04:53,116, 8102] org.hibernate.engine.jdbc.connections.internal.DriverManagerConnectionProviderImpl HHH000115: Hibernate connection pool size: 20 (min=1)
[04-26 16:04:53,121, 8107] org.hibernate.dialect.Dialect HHH000400: Using dialect: org.hibernate.dialect.MySQLDialect
[04-26 16:04:53,134, 8120] org.hibernate.tool.hbm2ddl.SchemaExport HHH000227: Running hbm2ddl schema export
[04-26 16:04:53,165, 8151] org.hibernate.tool.hbm2ddl.SchemaExport HHH000230: Schema export complete
[04-26 16:04:53,174, 8160] account.AccountServiceImpl Пользователь добавлен: {1, test, testpass1, 1@mail.com}
[04-26 16:04:53,187, 8173] account.AccountServiceImpl Пользователь изменен: {1}
[04-26 16:04:53,196, 8182] org.hibernate.engine.jdbc.connections.internal.DriverManagerConnectionProviderImpl HHH000402: Using Hibernate built-in connection pool (not for production use!)
[04-26 16:04:53,196, 8182] org.hibernate.engine.jdbc.connections.internal.DriverManagerConnectionProviderImpl HHH000401: using driver [com.mysql.jdbc.Driver] at URL [jdbc:mysql://localhost:3306/db_Poliglot]
[04-26 16:04:53,196, 8182] org.hibernate.engine.jdbc.connections.internal.DriverManagerConnectionProviderImpl HHH000046: Connection properties: {user=poliglot_game, password=****}
[04-26 16:04:53,197, 8183] org.hibernate.engine.jdbc.connections.internal.DriverManagerConnectionProviderImpl HHH000006: Autocommit mode: false
[04-26 16:04:53,197, 8183] org.hibernate.engine.jdbc.connections.internal.DriverManagerConnectionProviderImpl HHH000115: Hibernate connection pool size: 20 (min=1)
[04-26 16:04:53,202, 8188] org.hibernate.dialect.Dialect HHH000400: Using dialect: org.hibernate.dialect.MySQLDialect
[04-26 16:04:53,216, 8202] org.hibernate.tool.hbm2ddl.SchemaExport HHH000227: Running hbm2ddl schema export
[04-26 16:04:53,251, 8237] org.hibernate.tool.hbm2ddl.SchemaExport HHH000230: Schema export complete
[04-26 16:04:53,262, 8248] account.AccountServiceImpl Пользователь добавлен: {1, test, testpass1, 1@mail.com}
[04-26 16:04:53,269, 8255] account.AccountServiceImpl Пользователь НЕ добавлен
[04-26 16:04:53,364, 8350] org.hibernate.engine.jdbc.connections.internal.DriverManagerConnectionProviderImpl HHH000402: Using Hibernate built-in connection pool (not for production use!)
[04-26 16:04:53,364, 8350] org.hibernate.engine.jdbc.connections.internal.DriverManagerConnectionProviderImpl HHH000401: using driver [com.mysql.jdbc.Driver] at URL [jdbc:mysql://localhost:3306/db_Poliglot]
[04-26 16:04:53,365, 8351] org.hibernate.engine.jdbc.connections.internal.DriverManagerConnectionProviderImpl HHH000046: Connection properties: {user=poliglot_game, password=****}
[04-26 16:04:53,365, 8351] org.hibernate.engine.jdbc.connections.internal.DriverManagerConnectionProviderImpl HHH000006: Autocommit mode: false
[04-26 16:04:53,379, 8365] org.hibernate.engine.jdbc.connections.internal.DriverManagerConnectionProviderImpl HHH000115: Hibernate connection pool size: 20 (min=1)
[04-26 16:04:53,389, 8375] org.hibernate.dialect.Dialect HHH000400: Using dialect: org.hibernate.dialect.MySQLDialect
[04-26 16:04:53,403, 8389] org.hibernate.tool.hbm2ddl.SchemaExport HHH000227: Running hbm2ddl schema export
[04-26 16:04:53,452, 8438] org.hibernate.tool.hbm2ddl.SchemaExport HHH000230: Schema export complete
[04-26 16:04:59,468, 14454] account.AccountServiceImpl Пользователь добавлен: {1, test1, testpass1, 1@mail.com}
[04-26 16:04:59,580, 14566] org.hibernate.engine.jdbc.connections.internal.DriverManagerConnectionProviderImpl HHH000402: Using Hibernate built-in connection pool (not for production use!)
[04-26 16:04:59,580, 14566] org.hibernate.engine.jdbc.connections.internal.DriverManagerConnectionProviderImpl HHH000401: using driver [com.mysql.jdbc.Driver] at URL [jdbc:mysql://localhost:3306/db_Poliglot]
[04-26 16:04:59,580, 14566] org.hibernate.engine.jdbc.connections.internal.DriverManagerConnectionProviderImpl HHH000046: Connection properties: {user=poliglot_game, password=****}
[04-26 16:04:59,580, 14566] org.hibernate.engine.jdbc.connections.internal.DriverManagerConnectionProviderImpl HHH000006: Autocommit mode: false
[04-26 16:04:59,580, 14566] org.hibernate.engine.jdbc.connections.internal.DriverManagerConnectionProviderImpl HHH000115: Hibernate connection pool size: 20 (min=1)
[04-26 16:04:59,585, 14571] org.hibernate.dialect.Dialect HHH000400: Using dialect: org.hibernate.dialect.MySQLDialect
[04-26 16:04:59,597, 14583] org.hibernate.tool.hbm2ddl.SchemaExport HHH000227: Running hbm2ddl schema export
[04-26 16:04:59,624, 14610] org.hibernate.tool.hbm2ddl.SchemaExport HHH000230: Schema export complete
[04-26 16:04:59,841, 14827] account.AccountServiceImpl Пользователь добавлен: {1, test1, testpass1, 1@mail.com}
[04-26 16:04:59,863, 14849] account.AccountServiceImpl Сессия добавлена: {1, test1, testpass1, 1@mail.com}
[04-26 16:04:59,883, 14869] org.hibernate.engine.jdbc.connections.internal.DriverManagerConnectionProviderImpl HHH000402: Using Hibernate built-in connection pool (not for production use!)
[04-26 16:04:59,884, 14870] org.hibernate.engine.jdbc.connections.internal.DriverManagerConnectionProviderImpl HHH000401: using driver [com.mysql.jdbc.Driver] at URL [jdbc:mysql://localhost:3306/db_Poliglot]
[04-26 16:04:59,884, 14870] org.hibernate.engine.jdbc.connections.internal.DriverManagerConnectionProviderImpl HHH000046: Connection properties: {user=poliglot_game, password=****}
[04-26 16:04:59,885, 14871] org.hibernate.engine.jdbc.connections.internal.DriverManagerConnectionProviderImpl HHH000006: Autocommit mode: false
[04-26 16:04:59,885, 14871] org.hibernate.engine.jdbc.connections.internal.DriverManagerConnectionProviderImpl HHH000115: Hibernate connection pool size: 20 (min=1)
[04-26 16:04:59,891, 14877] org.hibernate.dialect.Dialect HHH000400: Using dialect: org.hibernate.dialect.MySQLDialect
[04-26 16:04:59,904, 14890] org.hibernate.tool.hbm2ddl.SchemaExport HHH000227: Running hbm2ddl schema export
[04-26 16:04:59,937, 14923] org.hibernate.tool.hbm2ddl.SchemaExport HHH000230: Schema export complete
[04-26 16:05:00,150, 15136] account.AccountServiceImpl Пользователь добавлен: {1, test1, testpass1, 1@mail.com}
[04-26 16:05:00,205, 15191] org.hibernate.engine.jdbc.connections.internal.DriverManagerConnectionProviderImpl HHH000402: Using Hibernate built-in connection pool (not for production use!)
[04-26 16:05:00,205, 15191] org.hibernate.engine.jdbc.connections.internal.DriverManagerConnectionProviderImpl HHH000401: using driver [com.mysql.jdbc.Driver] at URL [jdbc:mysql://localhost:3306/db_Poliglot]
[04-26 16:05:00,206, 15192] org.hibernate.engine.jdbc.connections.internal.DriverManagerConnectionProviderImpl HHH000046: Connection properties: {user=poliglot_game, password=****}
[04-26 16:05:00,206, 15192] org.hibernate.engine.jdbc.connections.internal.DriverManagerConnectionProviderImpl HHH000006: Autocommit mode: false
[04-26 16:05:00,213, 15199] org.hibernate.engine.jdbc.connections.internal.DriverManagerConnectionProviderImpl HHH000115: Hibernate connection pool size: 20 (min=1)
[04-26 16:05:00,236, 15222] org.hibernate.dialect.Dialect HHH000400: Using dialect: org.hibernate.dialect.MySQLDialect
[04-26 16:05:00,253, 15239] org.hibernate.tool.hbm2ddl.SchemaExport HHH000227: Running hbm2ddl schema export
[04-26 16:05:00,300, 15286] org.hibernate.tool.hbm2ddl.SchemaExport HHH000230: Schema export complete
[04-26 16:05:00,479, 15465] account.AccountServiceImpl Пользователь добавлен: {1, test1, testpass1, 1@mail.com}
[04-26 16:05:00,495, 15481] account.AccountServiceImpl Сессия добавлена: {1, test1, testpass1, 1@mail.com}
[04-26 16:05:00,532, 15518] account.AccountServiceImpl Сессия удалена: {1, test1, testpass1, 1@mail.com}
[04-26 16:05:00,549, 15535] org.hibernate.engine.jdbc.connections.internal.DriverManagerConnectionProviderImpl HHH000402: Using Hibernate built-in connection pool (not for production use!)
[04-26 16:05:00,550, 15536] org.hibernate.engine.jdbc.connections.internal.DriverManagerConnectionProviderImpl HHH000401: using driver [com.mysql.jdbc.Driver] at URL [jdbc:mysql://localhost:3306/db_Poliglot]
[04-26 16:05:00,551, 15537] org.hibernate.engine.jdbc.connections.internal.DriverManagerConnectionProviderImpl HHH000046: Connection properties: {user=poliglot_game, password=****}
[04-26 16:05:00,551, 15537] org.hibernate.engine.jdbc.connections.internal.DriverManagerConnectionProviderImpl HHH000006: Autocommit mode: false
[04-26 16:05:00,551, 15537] org.hibernate.engine.jdbc.connections.internal.DriverManagerConnectionProviderImpl HHH000115: Hibernate connection pool size: 20 (min=1)
[04-26 16:05:00,557, 15543] org.hibernate.dialect.Dialect HHH000400: Using dialect: org.hibernate.dialect.MySQLDialect
[04-26 16:05:00,609, 15595] org.hibernate.tool.hbm2ddl.SchemaExport HHH000227: Running hbm2ddl schema export
[04-26 16:05:00,651, 15637] org.hibernate.tool.hbm2ddl.SchemaExport HHH000230: Schema export complete
[04-26 16:05:00,880, 15866] account.AccountServiceImpl Пользователь добавлен: {1, test1, testpass1, 1@mail.com}
[04-26 16:05:00,904, 15890] org.hibernate.engine.jdbc.connections.internal.DriverManagerConnectionProviderImpl HHH000402: Using Hibernate built-in connection pool (not for production use!)
[04-26 16:05:00,906, 15892] org.hibernate.engine.jdbc.connections.internal.DriverManagerConnectionProviderImpl HHH000401: using driver [com.mysql.jdbc.Driver] at URL [jdbc:mysql://localhost:3306/db_Poliglot]
[04-26 16:05:00,907, 15893] org.hibernate.engine.jdbc.connections.internal.DriverManagerConnectionProviderImpl HHH000046: Connection properties: {user=poliglot_game, password=****}
[04-26 16:05:00,907, 15893] org.hibernate.engine.jdbc.connections.internal.DriverManagerConnectionProviderImpl HHH000006: Autocommit mode: false
[04-26 16:05:00,907, 15893] org.hibernate.engine.jdbc.connections.internal.DriverManagerConnectionProviderImpl HHH000115: Hibernate connection pool size: 20 (min=1)
[04-26 16:05:00,913, 15899] org.hibernate.dialect.Dialect HHH000400: Using dialect: org.hibernate.dialect.MySQLDialect
[04-26 16:05:00,924, 15910] org.hibernate.tool.hbm2ddl.SchemaExport HHH000227: Running hbm2ddl schema export
[04-26 16:05:00,955, 15941] org.hibernate.tool.hbm2ddl.SchemaExport HHH000230: Schema export complete
[04-26 16:05:01,168, 16154] account.AccountServiceImpl Пользователь добавлен: {1, test1, testpass1, 1@mail.com}
[04-26 16:05:01,183, 16169] account.AccountServiceImpl Сессия добавлена: {1, test1, testpass1, 1@mail.com}
[04-26 16:05:01,195, 16181] org.hibernate.engine.jdbc.connections.internal.DriverManagerConnectionProviderImpl HHH000402: Using Hibernate built-in connection pool (not for production use!)
[04-26 16:05:01,195, 16181] org.hibernate.engine.jdbc.connections.internal.DriverManagerConnectionProviderImpl HHH000401: using driver [com.mysql.jdbc.Driver] at URL [jdbc:mysql://localhost:3306/db_Poliglot]
[04-26 16:05:01,195, 16181] org.hibernate.engine.jdbc.connections.internal.DriverManagerConnectionProviderImpl HHH000046: Connection properties: {user=poliglot_game, password=****}
[04-26 16:05:01,195, 16181] org.hibernate.engine.jdbc.connections.internal.DriverManagerConnectionProviderImpl HHH000006: Autocommit mode: false
[04-26 16:05:01,195, 16181] org.hibernate.engine.jdbc.connections.internal.DriverManagerConnectionProviderImpl HHH000115: Hibernate connection pool size: 20 (min=1)
[04-26 16:05:01,199, 16185] org.hibernate.dialect.Dialect HHH000400: Using dialect: org.hibernate.dialect.MySQLDialect
[04-26 16:05:01,208, 16194] org.hibernate.tool.hbm2ddl.SchemaExport HHH000227: Running hbm2ddl schema export
[04-26 16:05:01,258, 16244] org.hibernate.tool.hbm2ddl.SchemaExport HHH000230: Schema export complete
[04-26 16:05:01,359, 16345] org.hibernate.engine.jdbc.connections.internal.DriverManagerConnectionProviderImpl HHH000402: Using Hibernate built-in connection pool (not for production use!)
[04-26 16:05:01,360, 16346] org.hibernate.engine.jdbc.connections.internal.DriverManagerConnectionProviderImpl HHH000401: using driver [com.mysql.jdbc.Driver] at URL [jdbc:mysql://localhost:3306/db_Poliglot]
[04-26 16:05:01,360, 16346] org.hibernate.engine.jdbc.connections.internal.DriverManagerConnectionProviderImpl HHH000046: Connection properties: {user=poliglot_game, password=****}
[04-26 16:05:01,361, 16347] org.hibernate.engine.jdbc.connections.internal.DriverManagerConnectionProviderImpl HHH000006: Autocommit mode: false
[04-26 16:05:01,361, 16347] org.hibernate.engine.jdbc.connections.internal.DriverManagerConnectionProviderImpl HHH000115: Hibernate connection pool size: 20 (min=1)
[04-26 16:05:01,369, 16355] org.hibernate.dialect.Dialect HHH000400: Using dialect: org.hibernate.dialect.MySQLDialect
[04-26 16:05:01,388, 16374] org.hibernate.tool.hbm2ddl.SchemaExport HHH000227: Running hbm2ddl schema export
[04-26 16:05:01,435, 16421] org.hibernate.tool.hbm2ddl.SchemaExport HHH000230: Schema export complete
[04-26 16:05:01,489, 16475] account.AccountServiceImpl Пользователь добавлен: {1, test1, testpass1, 1@mail.com}
[04-26 16:05:01,505, 16491] account.AccountServiceImpl Сессия добавлена: {1, test1, testpass1, 1@mail.com}
[04-26 16:05:01,535, 16521] account.AccountServiceImpl Пользователь изменен: {1}
[04-26 16:05:01,549, 16535] org.hibernate.engine.jdbc.connections.internal.DriverManagerConnectionProviderImpl HHH000402: Using Hibernate built-in connection pool (not for production use!)
[04-26 16:05:01,549, 16535] org.hibernate.engine.jdbc.connections.internal.DriverManagerConnectionProviderImpl HHH000401: using driver [com.mysql.jdbc.Driver] at URL [jdbc:mysql://localhost:3306/db_Poliglot]
[04-26 16:05:01,549, 16535] org.hibernate.engine.jdbc.connections.internal.DriverManagerConnectionProviderImpl HHH000046: Connection properties: {user=poliglot_game, password=****}
[04-26 16:05:01,549, 16535] org.hibernate.engine.jdbc.connections.internal.DriverManagerConnectionProviderImpl HHH000006: Autocommit mode: false
[04-26 16:05:01,550, 16536] org.hibernate.engine.jdbc.connections.internal.DriverManagerConnectionProviderImpl HHH000115: Hibernate connection pool size: 20 (min=1)
[04-26 16:05:01,554, 16540] org.hibernate.dialect.Dialect HHH000400: Using dialect: org.hibernate.dialect.MySQLDialect
[04-26 16:05:01,566, 16552] org.hibernate.tool.hbm2ddl.SchemaExport HHH000227: Running hbm2ddl schema export
[04-26 16:05:01,613, 16599] org.hibernate.tool.hbm2ddl.SchemaExport HHH000230: Schema export complete
[04-26 16:05:01,709, 16695] org.hibernate.engine.jdbc.connections.internal.DriverManagerConnectionProviderImpl HHH000402: Using Hibernate built-in connection pool (not for production use!)
[04-26 16:05:01,709, 16695] org.hibernate.engine.jdbc.connections.internal.DriverManagerConnectionProviderImpl HHH000401: using driver [com.mysql.jdbc.Driver] at URL [jdbc:mysql://localhost:3306/db_Poliglot]
[04-26 16:05:01,709, 16695] org.hibernate.engine.jdbc.connections.internal.DriverManagerConnectionProviderImpl HHH000046: Connection properties: {user=poliglot_game, password=****}
[04-26 16:05:01,710, 16696] org.hibernate.engine.jdbc.connections.internal.DriverManagerConnectionProviderImpl HHH000006: Autocommit mode: false
[04-26 16:05:01,710, 16696] org.hibernate.engine.jdbc.connections.internal.DriverManagerConnectionProviderImpl HHH000115: Hibernate connection pool size: 20 (min=1)
[04-26 16:05:01,714, 16700] org.hibernate.dialect.Dialect HHH000400: Using dialect: org.hibernate.dialect.MySQLDialect
[04-26 16:05:01,722, 16708] org.hibernate.tool.hbm2ddl.SchemaExport HHH000227: Running hbm2ddl schema export
[04-26 16:05:01,747, 16733] org.hibernate.tool.hbm2ddl.SchemaExport HHH000230: Schema export complete
[04-26 16:05:01,806, 16792] account.AccountServiceImpl Пользователь добавлен: {1, test1, testpass1, 1@mail.com}
[04-26 16:05:01,836, 16822] account.AccountServiceImpl Сессия добавлена: {1, test1, testpass1, 1@mail.com}
[04-26 16:05:01,862, 16848] org.hibernate.engine.jdbc.connections.internal.DriverManagerConnectionProviderImpl HHH000402: Using Hibernate built-in connection pool (not for production use!)
[04-26 16:05:01,862, 16848] org.hibernate.engine.jdbc.connections.internal.DriverManagerConnectionProviderImpl HHH000401: using driver [com.mysql.jdbc.Driver] at URL [jdbc:mysql://localhost:3306/db_Poliglot]
[04-26 16:05:01,863, 16849] org.hibernate.engine.jdbc.connections.internal.DriverManagerConnectionProviderImpl HHH000046: Connection properties: {user=poliglot_game, password=****}
[04-26 16:05:01,863, 16849] org.hibernate.engine.jdbc.connections.internal.DriverManagerConnectionProviderImpl HHH000006: Autocommit mode: false
[04-26 16:05:01,863, 16849] org.hibernate.engine.jdbc.connections.internal.DriverManagerConnectionProviderImpl HHH000115: Hibernate connection pool size: 20 (min=1)
[04-26 16:05:01,871, 16857] org.hibernate.dialect.Dialect HHH000400: Using dialect: org.hibernate.dialect.MySQLDialect
[04-26 16:05:01,885, 16871] org.hibernate.tool.hbm2ddl.SchemaExport HHH000227: Running hbm2ddl schema export
[04-26 16:05:01,910, 16896] org.hibernate.tool.hbm2ddl.SchemaExport HHH000230: Schema export complete
[04-26 16:05:01,979, 16965] org.hibernate.engine.jdbc.connections.internal.DriverManagerConnectionProviderImpl HHH000402: Using Hibernate built-in connection pool (not for production use!)
[04-26 16:05:01,979, 16965] org.hibernate.engine.jdbc.connections.internal.DriverManagerConnectionProviderImpl HHH000401: using driver [com.mysql.jdbc.Driver] at URL [jdbc:mysql://localhost:3306/db_Poliglot]
[04-26 16:05:01,980, 16966] org.hibernate.engine.jdbc.connections.internal.DriverManagerConnectionProviderImpl HHH000046: Connection properties: {user=poliglot_game, password=****}
[04-26 16:05:01,980, 16966] org.hibernate.engine.jdbc.connections.internal.DriverManagerConnectionProviderImpl HHH000006: Autocommit mode: false
[04-26 16:05:01,980, 16966] org.hibernate.engine.jdbc.connections.internal.DriverManagerConnectionProviderImpl HHH000115: Hibernate connection pool size: 20 (min=1)
[04-26 16:05:01,985, 16971] org.hibernate.dialect.Dialect HHH000400: Using dialect: org.hibernate.dialect.MySQLDialect
[04-26 16:05:02,000, 16986] org.hibernate.tool.hbm2ddl.SchemaExport HHH000227: Running hbm2ddl schema export
[04-26 16:05:02,036, 17022] org.hibernate.tool.hbm2ddl.SchemaExport HHH000230: Schema export complete
[04-26 16:05:02,099, 17085] account.AccountServiceImpl Пользователь добавлен: {1, test1, testpass1, 1@mail.com}
[04-26 16:05:02,117, 17103] account.AccountServiceImpl Пользователь НЕ добавлен
[04-26 16:05:02,130, 17116] org.hibernate.engine.jdbc.connections.internal.DriverManagerConnectionProviderImpl HHH000402: Using Hibernate built-in connection pool (not for production use!)
[04-26 16:05:02,131, 17117] org.hibernate.engine.jdbc.connections.internal.DriverManagerConnectionProviderImpl HHH000401: using driver [com.mysql.jdbc.Driver] at URL [jdbc:mysql://localhost:3306/db_Poliglot]
[04-26 16:05:02,131, 17117] org.hibernate.engine.jdbc.connections.internal.DriverManagerConnectionProviderImpl HHH000046: Connection properties: {user=poliglot_game, password=****}
[04-26 16:05:02,131, 17117] org.hibernate.engine.jdbc.connections.internal.DriverManagerConnectionProviderImpl HHH000006: Autocommit mode: false
[04-26 16:05:02,131, 17117] org.hibernate.engine.jdbc.connections.internal.DriverManagerConnectionProviderImpl HHH000115: Hibernate connection pool size: 20 (min=1)
[04-26 16:05:02,137, 17123] org.hibernate.dialect.Dialect HHH000400: Using dialect: org.hibernate.dialect.MySQLDialect
[04-26 16:05:02,146, 17132] org.hibernate.tool.hbm2ddl.SchemaExport HHH000227: Running hbm2ddl schema export
[04-26 16:05:02,171, 17157] org.hibernate.tool.hbm2ddl.SchemaExport HHH000230: Schema export complete
[04-26 16:05:02,261, 17247] org.hibernate.engine.jdbc.connections.internal.DriverManagerConnectionProviderImpl HHH000402: Using Hibernate built-in connection pool (not for production use!)
[04-26 16:05:02,262, 17248] org.hibernate.engine.jdbc.connections.internal.DriverManagerConnectionProviderImpl HHH000401: using driver [com.mysql.jdbc.Driver] at URL [jdbc:mysql://localhost:3306/db_Poliglot]
[04-26 16:05:02,262, 17248] org.hibernate.engine.jdbc.connections.internal.DriverManagerConnectionProviderImpl HHH000046: Connection properties: {user=poliglot_game, password=****}
[04-26 16:05:02,262, 17248] org.hibernate.engine.jdbc.connections.internal.DriverManagerConnectionProviderImpl HHH000006: Autocommit mode: false
[04-26 16:05:02,262, 17248] org.hibernate.engine.jdbc.connections.internal.DriverManagerConnectionProviderImpl HHH000115: Hibernate connection pool size: 20 (min=1)
[04-26 16:05:02,296, 17282] org.hibernate.dialect.Dialect HHH000400: Using dialect: org.hibernate.dialect.MySQLDialect
[04-26 16:05:02,316, 17302] org.hibernate.tool.hbm2ddl.SchemaExport HHH000227: Running hbm2ddl schema export
[04-26 16:05:02,372, 17358] org.hibernate.tool.hbm2ddl.SchemaExport HHH000230: Schema export complete
[04-26 16:05:02,417, 17403] account.AccountServiceImpl Пользователь добавлен: {1, test, testpass1, 1@mail.com}
[04-26 16:05:02,428, 17414] account.AccountServiceImpl Пользователь НЕ добавлен
[04-26 16:05:02,439, 17425] org.hibernate.engine.jdbc.connections.internal.DriverManagerConnectionProviderImpl HHH000402: Using Hibernate built-in connection pool (not for production use!)
[04-26 16:05:02,439, 17425] org.hibernate.engine.jdbc.connections.internal.DriverManagerConnectionProviderImpl HHH000401: using driver [com.mysql.jdbc.Driver] at URL [jdbc:mysql://localhost:3306/db_Poliglot]
[04-26 16:05:02,439, 17425] org.hibernate.engine.jdbc.connections.internal.DriverManagerConnectionProviderImpl HHH000046: Connection properties: {user=poliglot_game, password=****}
[04-26 16:05:02,439, 17425] org.hibernate.engine.jdbc.connections.internal.DriverManagerConnectionProviderImpl HHH000006: Autocommit mode: false
[04-26 16:05:02,439, 17425] org.hibernate.engine.jdbc.connections.internal.DriverManagerConnectionProviderImpl HHH000115: Hibernate connection pool size: 20 (min=1)
[04-26 16:05:02,443, 17429] org.hibernate.dialect.Dialect HHH000400: Using dialect: org.hibernate.dialect.MySQLDialect
[04-26 16:05:02,461, 17447] org.hibernate.tool.hbm2ddl.SchemaExport HHH000227: Running hbm2ddl schema export
[04-26 16:05:02,505, 17491] org.hibernate.tool.hbm2ddl.SchemaExport HHH000230: Schema export complete
[04-26 16:05:02,595, 17581] org.hibernate.engine.jdbc.connections.internal.DriverManagerConnectionProviderImpl HHH000402: Using Hibernate built-in connection pool (not for production use!)
[04-26 16:05:02,596, 17582] org.hibernate.engine.jdbc.connections.internal.DriverManagerConnectionProviderImpl HHH000401: using driver [com.mysql.jdbc.Driver] at URL [jdbc:mysql://localhost:3306/db_Poliglot]
[04-26 16:05:02,596, 17582] org.hibernate.engine.jdbc.connections.internal.DriverManagerConnectionProviderImpl HHH000046: Connection properties: {user=poliglot_game, password=****}
[04-26 16:05:02,596, 17582] org.hibernate.engine.jdbc.connections.internal.DriverManagerConnectionProviderImpl HHH000006: Autocommit mode: false
[04-26 16:05:02,596, 17582] org.hibernate.engine.jdbc.connections.internal.DriverManagerConnectionProviderImpl HHH000115: Hibernate connection pool size: 20 (min=1)
[04-26 16:05:02,600, 17586] org.hibernate.dialect.Dialect HHH000400: Using dialect: org.hibernate.dialect.MySQLDialect
[04-26 16:05:02,611, 17597] org.hibernate.tool.hbm2ddl.SchemaExport HHH000227: Running hbm2ddl schema export
[04-26 16:05:02,641, 17627] org.hibernate.tool.hbm2ddl.SchemaExport HHH000230: Schema export complete
[04-26 16:05:02,689, 17675] account.AccountServiceImpl Пользователь добавлен: {1, test1, testpass1, 1@mail.com}
[04-26 16:05:02,722, 17708] org.hibernate.engine.jdbc.connections.internal.DriverManagerConnectionProviderImpl HHH000402: Using Hibernate built-in connection pool (not for production use!)
[04-26 16:05:02,722, 17708] org.hibernate.engine.jdbc.connections.internal.DriverManagerConnectionProviderImpl HHH000401: using driver [com.mysql.jdbc.Driver] at URL [jdbc:mysql://localhost:3306/db_Poliglot]
[04-26 16:05:02,722, 17708] org.hibernate.engine.jdbc.connections.internal.DriverManagerConnectionProviderImpl HHH000046: Connection properties: {user=poliglot_game, password=****}
[04-26 16:05:02,722, 17708] org.hibernate.engine.jdbc.connections.internal.DriverManagerConnectionProviderImpl HHH000006: Autocommit mode: false
[04-26 16:05:02,722, 17708] org.hibernate.engine.jdbc.connections.internal.DriverManagerConnectionProviderImpl HHH000115: Hibernate connection pool size: 20 (min=1)
[04-26 16:05:02,734, 17720] org.hibernate.dialect.Dialect HHH000400: Using dialect: org.hibernate.dialect.MySQLDialect
[04-26 16:05:02,751, 17737] org.hibernate.tool.hbm2ddl.SchemaExport HHH000227: Running hbm2ddl schema export
[04-26 16:05:02,791, 17777] org.hibernate.tool.hbm2ddl.SchemaExport HHH000230: Schema export complete
[04-26 16:05:02,871, 17857] org.hibernate.engine.jdbc.connections.internal.DriverManagerConnectionProviderImpl HHH000402: Using Hibernate built-in connection pool (not for production use!)
[04-26 16:05:02,871, 17857] org.hibernate.engine.jdbc.connections.internal.DriverManagerConnectionProviderImpl HHH000401: using driver [com.mysql.jdbc.Driver] at URL [jdbc:mysql://localhost:3306/db_Poliglot]
[04-26 16:05:02,871, 17857] org.hibernate.engine.jdbc.connections.internal.DriverManagerConnectionProviderImpl HHH000046: Connection properties: {user=poliglot_game, password=****}
[04-26 16:05:02,871, 17857] org.hibernate.engine.jdbc.connections.internal.DriverManagerConnectionProviderImpl HHH000006: Autocommit mode: false
[04-26 16:05:02,871, 17857] org.hibernate.engine.jdbc.connections.internal.DriverManagerConnectionProviderImpl HHH000115: Hibernate connection pool size: 20 (min=1)
[04-26 16:05:02,875, 17861] org.hibernate.dialect.Dialect HHH000400: Using dialect: org.hibernate.dialect.MySQLDialect
[04-26 16:05:02,883, 17869] org.hibernate.tool.hbm2ddl.SchemaExport HHH000227: Running hbm2ddl schema export
[04-26 16:05:02,914, 17900] org.hibernate.tool.hbm2ddl.SchemaExport HHH000230: Schema export complete
[04-26 16:05:02,965, 17951] account.AccountServiceImpl Пользователь добавлен: {1, test1, testpass1, 1@mail.com}
[04-26 16:05:02,977, 17963] org.hibernate.engine.jdbc.connections.internal.DriverManagerConnectionProviderImpl HHH000402: Using Hibernate built-in connection pool (not for production use!)
[04-26 16:05:02,978, 17964] org.hibernate.engine.jdbc.connections.internal.DriverManagerConnectionProviderImpl HHH000401: using driver [com.mysql.jdbc.Driver] at URL [jdbc:mysql://localhost:3306/db_Poliglot]
[04-26 16:05:02,978, 17964] org.hibernate.engine.jdbc.connections.internal.DriverManagerConnectionProviderImpl HHH000046: Connection properties: {user=poliglot_game, password=****}
[04-26 16:05:02,978, 17964] org.hibernate.engine.jdbc.connections.internal.DriverManagerConnectionProviderImpl HHH000006: Autocommit mode: false
[04-26 16:05:02,978, 17964] org.hibernate.engine.jdbc.connections.internal.DriverManagerConnectionProviderImpl HHH000115: Hibernate connection pool size: 20 (min=1)
[04-26 16:05:02,983, 17969] org.hibernate.dialect.Dialect HHH000400: Using dialect: org.hibernate.dialect.MySQLDialect
[04-26 16:05:02,999, 17985] org.hibernate.tool.hbm2ddl.SchemaExport HHH000227: Running hbm2ddl schema export
[04-26 16:05:03,036, 18022] org.hibernate.tool.hbm2ddl.SchemaExport HHH000230: Schema export complete
[04-26 16:05:03,088, 18074] org.hibernate.engine.jdbc.connections.internal.DriverManagerConnectionProviderImpl HHH000402: Using Hibernate built-in connection pool (not for production use!)
[04-26 16:05:03,088, 18074] org.hibernate.engine.jdbc.connections.internal.DriverManagerConnectionProviderImpl HHH000401: using driver [com.mysql.jdbc.Driver] at URL [jdbc:mysql://localhost:3306/db_Poliglot]
[04-26 16:05:03,088, 18074] org.hibernate.engine.jdbc.connections.internal.DriverManagerConnectionProviderImpl HHH000046: Connection properties: {user=poliglot_game, password=****}
[04-26 16:05:03,088, 18074] org.hibernate.engine.jdbc.connections.internal.DriverManagerConnectionProviderImpl HHH000006: Autocommit mode: false
[04-26 16:05:03,088, 18074] org.hibernate.engine.jdbc.connections.internal.DriverManagerConnectionProviderImpl HHH000115: Hibernate connection pool size: 20 (min=1)
[04-26 16:05:03,092, 18078] org.hibernate.dialect.Dialect HHH000400: Using dialect: org.hibernate.dialect.MySQLDialect
[04-26 16:05:03,101, 18087] org.hibernate.tool.hbm2ddl.SchemaExport HHH000227: Running hbm2ddl schema export
[04-26 16:05:03,137, 18123] org.hibernate.tool.hbm2ddl.SchemaExport HHH000230: Schema export complete
[04-26 16:05:03,192, 18178] account.AccountServiceImpl Пользователь добавлен: {1, test1, testpass1, 1@mail.com}
[04-26 16:05:03,212, 18198] account.AccountServiceImpl Сессия добавлена: {1, test1, testpass1, 1@mail.com}
[04-26 16:05:03,223, 18209] account.AccountServiceImpl Сессия удалена: {1, test1, testpass1, 1@mail.com}
[04-26 16:05:03,231, 18217] account.AccountServiceImpl Пользователь удален: {1}
[04-26 16:05:03,242, 18228] org.hibernate.engine.jdbc.connections.internal.DriverManagerConnectionProviderImpl HHH000402: Using Hibernate built-in connection pool (not for production use!)
[04-26 16:05:03,242, 18228] org.hibernate.engine.jdbc.connections.internal.DriverManagerConnectionProviderImpl HHH000401: using driver [com.mysql.jdbc.Driver] at URL [jdbc:mysql://localhost:3306/db_Poliglot]
[04-26 16:05:03,242, 18228] org.hibernate.engine.jdbc.connections.internal.DriverManagerConnectionProviderImpl HHH000046: Connection properties: {user=poliglot_game, password=****}
[04-26 16:05:03,242, 18228] org.hibernate.engine.jdbc.connections.internal.DriverManagerConnectionProviderImpl HHH000006: Autocommit mode: false
[04-26 16:05:03,242, 18228] org.hibernate.engine.jdbc.connections.internal.DriverManagerConnectionProviderImpl HHH000115: Hibernate connection pool size: 20 (min=1)
[04-26 16:05:03,246, 18232] org.hibernate.dialect.Dialect HHH000400: Using dialect: org.hibernate.dialect.MySQLDialect
[04-26 16:05:03,254, 18240] org.hibernate.tool.hbm2ddl.SchemaExport HHH000227: Running hbm2ddl schema export
[04-26 16:05:03,299, 18285] org.hibernate.tool.hbm2ddl.SchemaExport HHH000230: Schema export complete
[04-26 16:05:03,352, 18338] org.hibernate.engine.jdbc.connections.internal.DriverManagerConnectionProviderImpl HHH000402: Using Hibernate built-in connection pool (not for production use!)
[04-26 16:05:03,352, 18338] org.hibernate.engine.jdbc.connections.internal.DriverManagerConnectionProviderImpl HHH000401: using driver [com.mysql.jdbc.Driver] at URL [jdbc:mysql://localhost:3306/db_Poliglot]
[04-26 16:05:03,353, 18339] org.hibernate.engine.jdbc.connections.internal.DriverManagerConnectionProviderImpl HHH000046: Connection properties: {user=poliglot_game, password=****}
[04-26 16:05:03,353, 18339] org.hibernate.engine.jdbc.connections.internal.DriverManagerConnectionProviderImpl HHH000006: Autocommit mode: false
[04-26 16:05:03,353, 18339] org.hibernate.engine.jdbc.connections.internal.DriverManagerConnectionProviderImpl HHH000115: Hibernate connection pool size: 20 (min=1)
[04-26 16:05:03,358, 18344] org.hibernate.dialect.Dialect HHH000400: Using dialect: org.hibernate.dialect.MySQLDialect
[04-26 16:05:03,370, 18356] org.hibernate.tool.hbm2ddl.SchemaExport HHH000227: Running hbm2ddl schema export
[04-26 16:05:03,416, 18402] org.hibernate.tool.hbm2ddl.SchemaExport HHH000230: Schema export complete
[04-26 16:05:03,425, 18411] account.AccountServiceImpl Пользователь добавлен: {1, test1, testpass1, 1@mail.com}
[04-26 16:05:03,478, 18464] org.hibernate.engine.jdbc.connections.internal.DriverManagerConnectionProviderImpl HHH000402: Using Hibernate built-in connection pool (not for production use!)
[04-26 16:05:03,478, 18464] org.hibernate.engine.jdbc.connections.internal.DriverManagerConnectionProviderImpl HHH000401: using driver [com.mysql.jdbc.Driver] at URL [jdbc:mysql://localhost:3306/db_Poliglot]
[04-26 16:05:03,479, 18465] org.hibernate.engine.jdbc.connections.internal.DriverManagerConnectionProviderImpl HHH000046: Connection properties: {user=poliglot_game, password=****}
[04-26 16:05:03,479, 18465] org.hibernate.engine.jdbc.connections.internal.DriverManagerConnectionProviderImpl HHH000006: Autocommit mode: false
[04-26 16:05:03,479, 18465] org.hibernate.engine.jdbc.connections.internal.DriverManagerConnectionProviderImpl HHH000115: Hibernate connection pool size: 20 (min=1)
[04-26 16:05:03,482, 18468] org.hibernate.dialect.Dialect HHH000400: Using dialect: org.hibernate.dialect.MySQLDialect
[04-26 16:05:03,489, 18475] org.hibernate.tool.hbm2ddl.SchemaExport HHH000227: Running hbm2ddl schema export
[04-26 16:05:03,523, 18509] org.hibernate.tool.hbm2ddl.SchemaExport HHH000230: Schema export complete
[04-26 16:05:03,581, 18567] org.hibernate.engine.jdbc.connections.internal.DriverManagerConnectionProviderImpl HHH000402: Using Hibernate built-in connection pool (not for production use!)
[04-26 16:05:03,581, 18567] org.hibernate.engine.jdbc.connections.internal.DriverManagerConnectionProviderImpl HHH000401: using driver [com.mysql.jdbc.Driver] at URL [jdbc:mysql://localhost:3306/db_Poliglot]
[04-26 16:05:03,582, 18568] org.hibernate.engine.jdbc.connections.internal.DriverManagerConnectionProviderImpl HHH000046: Connection properties: {user=poliglot_game, password=****}
[04-26 16:05:03,582, 18568] org.hibernate.engine.jdbc.connections.internal.DriverManagerConnectionProviderImpl HHH000006: Autocommit mode: false
[04-26 16:05:03,582, 18568] org.hibernate.engine.jdbc.connections.internal.DriverManagerConnectionProviderImpl HHH000115: Hibernate connection pool size: 20 (min=1)
[04-26 16:05:03,587, 18573] org.hibernate.dialect.Dialect HHH000400: Using dialect: org.hibernate.dialect.MySQLDialect
[04-26 16:05:03,602, 18588] org.hibernate.tool.hbm2ddl.SchemaExport HHH000227: Running hbm2ddl schema export
[04-26 16:05:03,643, 18629] org.hibernate.tool.hbm2ddl.SchemaExport HHH000230: Schema export complete
[04-26 16:05:03,692, 18678] account.AccountServiceImpl Пользователь добавлен: {1, test1, testpass1, 1@mail.com}
[04-26 16:05:03,705, 18691] account.AccountServiceImpl Сессия добавлена: {1, test1, testpass1, 1@mail.com}
[04-26 16:05:03,726, 18712] org.hibernate.engine.jdbc.connections.internal.DriverManagerConnectionProviderImpl HHH000402: Using Hibernate built-in connection pool (not for production use!)
[04-26 16:05:03,727, 18713] org.hibernate.engine.jdbc.connections.internal.DriverManagerConnectionProviderImpl HHH000401: using driver [com.mysql.jdbc.Driver] at URL [jdbc:mysql://localhost:3306/db_Poliglot]
[04-26 16:05:03,727, 18713] org.hibernate.engine.jdbc.connections.internal.DriverManagerConnectionProviderImpl HHH000046: Connection properties: {user=poliglot_game, password=****}
[04-26 16:05:03,727, 18713] org.hibernate.engine.jdbc.connections.internal.DriverManagerConnectionProviderImpl HHH000006: Autocommit mode: false
[04-26 16:05:03,727, 18713] org.hibernate.engine.jdbc.connections.internal.DriverManagerConnectionProviderImpl HHH000115: Hibernate connection pool size: 20 (min=1)
[04-26 16:05:03,731, 18717] org.hibernate.dialect.Dialect HHH000400: Using dialect: org.hibernate.dialect.MySQLDialect
[04-26 16:05:03,738, 18724] org.hibernate.tool.hbm2ddl.SchemaExport HHH000227: Running hbm2ddl schema export
[04-26 16:05:03,764, 18750] org.hibernate.tool.hbm2ddl.SchemaExport HHH000230: Schema export complete
[04-26 16:05:03,853, 18839] org.hibernate.engine.jdbc.connections.internal.DriverManagerConnectionProviderImpl HHH000402: Using Hibernate built-in connection pool (not for production use!)
[04-26 16:05:03,853, 18839] org.hibernate.engine.jdbc.connections.internal.DriverManagerConnectionProviderImpl HHH000401: using driver [com.mysql.jdbc.Driver] at URL [jdbc:mysql://localhost:3306/db_Poliglot]
[04-26 16:05:03,853, 18839] org.hibernate.engine.jdbc.connections.internal.DriverManagerConnectionProviderImpl HHH000046: Connection properties: {user=poliglot_game, password=****}
[04-26 16:05:03,853, 18839] org.hibernate.engine.jdbc.connections.internal.DriverManagerConnectionProviderImpl HHH000006: Autocommit mode: false
[04-26 16:05:03,854, 18840] org.hibernate.engine.jdbc.connections.internal.DriverManagerConnectionProviderImpl HHH000115: Hibernate connection pool size: 20 (min=1)
[04-26 16:05:03,859, 18845] org.hibernate.dialect.Dialect HHH000400: Using dialect: org.hibernate.dialect.MySQLDialect
[04-26 16:05:03,873, 18859] org.hibernate.tool.hbm2ddl.SchemaExport HHH000227: Running hbm2ddl schema export
[04-26 16:05:03,912, 18898] org.hibernate.tool.hbm2ddl.SchemaExport HHH000230: Schema export complete
[04-26 16:05:03,950, 18936] account.AccountServiceImpl Пользователь добавлен: {1, test1, testpass1, 1@mail.com}
[04-26 16:05:03,964, 18950] org.hibernate.engine.jdbc.connections.internal.DriverManagerConnectionProviderImpl HHH000402: Using Hibernate built-in connection pool (not for production use!)
[04-26 16:05:03,965, 18951] org.hibernate.engine.jdbc.connections.internal.DriverManagerConnectionProviderImpl HHH000401: using driver [com.mysql.jdbc.Driver] at URL [jdbc:mysql://localhost:3306/db_Poliglot]
[04-26 16:05:03,965, 18951] org.hibernate.engine.jdbc.connections.internal.DriverManagerConnectionProviderImpl HHH000046: Connection properties: {user=poliglot_game, password=****}
[04-26 16:05:03,965, 18951] org.hibernate.engine.jdbc.connections.internal.DriverManagerConnectionProviderImpl HHH000006: Autocommit mode: false
[04-26 16:05:03,965, 18951] org.hibernate.engine.jdbc.connections.internal.DriverManagerConnectionProviderImpl HHH000115: Hibernate connection pool size: 20 (min=1)
[04-26 16:05:03,968, 18954] org.hibernate.dialect.Dialect HHH000400: Using dialect: org.hibernate.dialect.MySQLDialect
[04-26 16:05:03,975, 18961] org.hibernate.tool.hbm2ddl.SchemaExport HHH000227: Running hbm2ddl schema export
[04-26 16:05:04,002, 18988] org.hibernate.tool.hbm2ddl.SchemaExport HHH000230: Schema export complete
[04-26 16:05:04,052, 19038] org.hibernate.engine.jdbc.connections.internal.DriverManagerConnectionProviderImpl HHH000402: Using Hibernate built-in connection pool (not for production use!)
[04-26 16:05:04,053, 19039] org.hibernate.engine.jdbc.connections.internal.DriverManagerConnectionProviderImpl HHH000401: using driver [com.mysql.jdbc.Driver] at URL [jdbc:mysql://localhost:3306/db_Poliglot]
[04-26 16:05:04,053, 19039] org.hibernate.engine.jdbc.connections.internal.DriverManagerConnectionProviderImpl HHH000046: Connection properties: {user=poliglot_game, password=****}
[04-26 16:05:04,053, 19039] org.hibernate.engine.jdbc.connections.internal.DriverManagerConnectionProviderImpl HHH000006: Autocommit mode: false
[04-26 16:05:04,053, 19039] org.hibernate.engine.jdbc.connections.internal.DriverManagerConnectionProviderImpl HHH000115: Hibernate connection pool size: 20 (min=1)
[04-26 16:05:04,057, 19043] org.hibernate.dialect.Dialect HHH000400: Using dialect: org.hibernate.dialect.MySQLDialect
[04-26 16:05:04,070, 19056] org.hibernate.tool.hbm2ddl.SchemaExport HHH000227: Running hbm2ddl schema export
[04-26 16:05:04,105, 19091] org.hibernate.tool.hbm2ddl.SchemaExport HHH000230: Schema export complete
[04-26 16:05:04,120, 19106] account.AccountServiceImpl Пользователь добавлен: {1, test1, testpass1, 1@mail.com}
[04-26 16:05:04,169, 19155] org.hibernate.engine.jdbc.connections.internal.DriverManagerConnectionProviderImpl HHH000402: Using Hibernate built-in connection pool (not for production use!)
[04-26 16:05:04,169, 19155] org.hibernate.engine.jdbc.connections.internal.DriverManagerConnectionProviderImpl HHH000401: using driver [com.mysql.jdbc.Driver] at URL [jdbc:mysql://localhost:3306/db_Poliglot]
[04-26 16:05:04,169, 19155] org.hibernate.engine.jdbc.connections.internal.DriverManagerConnectionProviderImpl HHH000046: Connection properties: {user=poliglot_game, password=****}
[04-26 16:05:04,169, 19155] org.hibernate.engine.jdbc.connections.internal.DriverManagerConnectionProviderImpl HHH000006: Autocommit mode: false
[04-26 16:05:04,169, 19155] org.hibernate.engine.jdbc.connections.internal.DriverManagerConnectionProviderImpl HHH000115: Hibernate connection pool size: 20 (min=1)
[04-26 16:05:04,173, 19159] org.hibernate.dialect.Dialect HHH000400: Using dialect: org.hibernate.dialect.MySQLDialect
[04-26 16:05:04,180, 19166] org.hibernate.tool.hbm2ddl.SchemaExport HHH000227: Running hbm2ddl schema export
[04-26 16:05:04,214, 19200] org.hibernate.tool.hbm2ddl.SchemaExport HHH000230: Schema export complete
[04-26 16:05:04,271, 19257] org.hibernate.engine.jdbc.connections.internal.DriverManagerConnectionProviderImpl HHH000402: Using Hibernate built-in connection pool (not for production use!)
[04-26 16:05:04,271, 19257] org.hibernate.engine.jdbc.connections.internal.DriverManagerConnectionProviderImpl HHH000401: using driver [com.mysql.jdbc.Driver] at URL [jdbc:mysql://localhost:3306/db_Poliglot]
[04-26 16:05:04,272, 19258] org.hibernate.engine.jdbc.connections.internal.DriverManagerConnectionProviderImpl HHH000046: Connection properties: {user=poliglot_game, password=****}
[04-26 16:05:04,272, 19258] org.hibernate.engine.jdbc.connections.internal.DriverManagerConnectionProviderImpl HHH000006: Autocommit mode: false
[04-26 16:05:04,272, 19258] org.hibernate.engine.jdbc.connections.internal.DriverManagerConnectionProviderImpl HHH000115: Hibernate connection pool size: 20 (min=1)
[04-26 16:05:04,279, 19265] org.hibernate.dialect.Dialect HHH000400: Using dialect: org.hibernate.dialect.MySQLDialect
[04-26 16:05:04,292, 19278] org.hibernate.tool.hbm2ddl.SchemaExport HHH000227: Running hbm2ddl schema export
[04-26 16:05:04,330, 19316] org.hibernate.tool.hbm2ddl.SchemaExport HHH000230: Schema export complete
[04-26 16:05:04,341, 19327] account.AccountServiceImpl Пользователь добавлен: {1, test1, testpass1, 1@mail.com}
[04-26 16:05:04,349, 19335] account.AccountServiceImpl Пользователь добавлен: {2, test2, testpass2, 2@mail.com}
[04-26 16:05:04,390, 19376] org.hibernate.engine.jdbc.connections.internal.DriverManagerConnectionProviderImpl HHH000402: Using Hibernate built-in connection pool (not for production use!)
[04-26 16:05:04,390, 19376] org.hibernate.engine.jdbc.connections.internal.DriverManagerConnectionProviderImpl HHH000401: using driver [com.mysql.jdbc.Driver] at URL [jdbc:mysql://localhost:3306/db_Poliglot]
[04-26 16:05:04,391, 19377] org.hibernate.engine.jdbc.connections.internal.DriverManagerConnectionProviderImpl HHH000046: Connection properties: {user=poliglot_game, password=****}
[04-26 16:05:04,391, 19377] org.hibernate.engine.jdbc.connections.internal.DriverManagerConnectionProviderImpl HHH000006: Autocommit mode: false
[04-26 16:05:04,391, 19377] org.hibernate.engine.jdbc.connections.internal.DriverManagerConnectionProviderImpl HHH000115: Hibernate connection pool size: 20 (min=1)
[04-26 16:05:04,395, 19381] org.hibernate.dialect.Dialect HHH000400: Using dialect: org.hibernate.dialect.MySQLDialect
[04-26 16:05:04,404, 19390] org.hibernate.tool.hbm2ddl.SchemaExport HHH000227: Running hbm2ddl schema export
[04-26 16:05:04,454, 19440] org.hibernate.tool.hbm2ddl.SchemaExport HHH000230: Schema export complete
[04-26 16:05:04,529, 19515] org.hibernate.engine.jdbc.connections.internal.DriverManagerConnectionProviderImpl HHH000402: Using Hibernate built-in connection pool (not for production use!)
[04-26 16:05:04,529, 19515] org.hibernate.engine.jdbc.connections.internal.DriverManagerConnectionProviderImpl HHH000401: using driver [com.mysql.jdbc.Driver] at URL [jdbc:mysql://localhost:3306/db_Poliglot]
[04-26 16:05:04,530, 19516] org.hibernate.engine.jdbc.connections.internal.DriverManagerConnectionProviderImpl HHH000046: Connection properties: {user=poliglot_game, password=****}
[04-26 16:05:04,530, 19516] org.hibernate.engine.jdbc.connections.internal.DriverManagerConnectionProviderImpl HHH000006: Autocommit mode: false
[04-26 16:05:04,530, 19516] org.hibernate.engine.jdbc.connections.internal.DriverManagerConnectionProviderImpl HHH000115: Hibernate connection pool size: 20 (min=1)
[04-26 16:05:04,536, 19522] org.hibernate.dialect.Dialect HHH000400: Using dialect: org.hibernate.dialect.MySQLDialect
[04-26 16:05:04,550, 19536] org.hibernate.tool.hbm2ddl.SchemaExport HHH000227: Running hbm2ddl schema export
[04-26 16:05:04,591, 19577] org.hibernate.tool.hbm2ddl.SchemaExport HHH000230: Schema export complete
[04-26 16:05:04,623, 19609] account.AccountServiceImpl Пользователь НЕ добавлен
