[04-26 15:46:21,298, 2452] main.Main Starting at port: 8080
[04-26 15:46:22,159, 3313] org.hibernate.Version HHH000412: Hibernate Core {5.0.3.Final}
[04-26 15:46:22,161, 3315] org.hibernate.cfg.Environment HHH000206: hibernate.properties not found
[04-26 15:46:22,166, 3320] org.hibernate.cfg.Environment HHH000021: Bytecode provider name : javassist
[04-26 15:46:22,339, 3493] org.hibernate.annotations.common.Version HCANN000001: Hibernate Commons Annotations {5.0.0.Final}
[04-26 15:46:22,654, 3808] org.hibernate.engine.jdbc.connections.internal.DriverManagerConnectionProviderImpl HHH000402: Using Hibernate built-in connection pool (not for production use!)
[04-26 15:46:22,678, 3832] org.hibernate.engine.jdbc.connections.internal.DriverManagerConnectionProviderImpl HHH000401: using driver [com.mysql.jdbc.Driver] at URL [jdbc:mysql://localhost:3306/db_Poliglot]
[04-26 15:46:22,678, 3832] org.hibernate.engine.jdbc.connections.internal.DriverManagerConnectionProviderImpl HHH000046: Connection properties: {user=poliglot_game, password=****}
[04-26 15:46:22,682, 3836] org.hibernate.engine.jdbc.connections.internal.DriverManagerConnectionProviderImpl HHH000006: Autocommit mode: false
[04-26 15:46:22,685, 3839] org.hibernate.engine.jdbc.connections.internal.DriverManagerConnectionProviderImpl HHH000115: Hibernate connection pool size: 20 (min=1)
[04-26 15:46:23,327, 4481] org.hibernate.dialect.Dialect HHH000400: Using dialect: org.hibernate.dialect.MySQLDialect
[04-26 15:46:24,959, 6113] org.hibernate.tool.hbm2ddl.SchemaUpdate HHH000228: Running hbm2ddl schema update
[04-26 15:47:42,207, 83361] account.AccountServiceImpl Сессия добавлена: {1, test1, testpass1, filloh}
[04-26 15:47:50,026, 91180] account.AccountServiceImpl Сессия добавлена: {2, snach, pass1, gjghk}
[04-26 15:47:57,848, 99002] frontend.GameWebSocket Socket created for snach
[04-26 15:48:04,653, 105807] frontend.GameWebSocket Socket created for test1
[04-26 15:48:16,819, 117973] frontend.GameWebSocket Closing socket for: test1  status: 1001 reason: null
[04-26 15:48:37,519, 138673] frontend.GameWebSocket Socket created for snach
[04-26 15:48:46,846, 148000] frontend.GameWebSocket Socket created for test1
[04-26 15:49:46,910, 208064] game.GameMechanicsImpl игра завершена для : test1 и snach
[04-26 15:54:16,830, 477984] frontend.GameWebSocket Closing socket for: snach  status: 1001 reason: Idle Timeout
[04-26 15:55:46,922, 568076] frontend.GameWebSocket Closing socket for: test1  status: 1001 reason: Idle Timeout
[04-26 15:55:46,924, 568078] frontend.GameWebSocket Closing socket for: snach  status: 1001 reason: Idle Timeout
