[04-26 15:14:44,408, 2581] main.Main Starting at port: 8080
[04-26 15:14:45,299, 3472] org.hibernate.Version HHH000412: Hibernate Core {5.0.3.Final}
[04-26 15:14:45,301, 3474] org.hibernate.cfg.Environment HHH000206: hibernate.properties not found
[04-26 15:14:45,303, 3476] org.hibernate.cfg.Environment HHH000021: Bytecode provider name : javassist
[04-26 15:14:45,490, 3663] org.hibernate.annotations.common.Version HCANN000001: Hibernate Commons Annotations {5.0.0.Final}
[04-26 15:14:45,782, 3955] org.hibernate.engine.jdbc.connections.internal.DriverManagerConnectionProviderImpl HHH000402: Using Hibernate built-in connection pool (not for production use!)
[04-26 15:14:45,811, 3984] org.hibernate.engine.jdbc.connections.internal.DriverManagerConnectionProviderImpl HHH000401: using driver [com.mysql.jdbc.Driver] at URL [jdbc:mysql://localhost:3306/db_Poliglot]
[04-26 15:14:45,812, 3985] org.hibernate.engine.jdbc.connections.internal.DriverManagerConnectionProviderImpl HHH000046: Connection properties: {user=poliglot_game, password=****}
[04-26 15:14:45,812, 3985] org.hibernate.engine.jdbc.connections.internal.DriverManagerConnectionProviderImpl HHH000006: Autocommit mode: false
[04-26 15:14:45,820, 3993] org.hibernate.engine.jdbc.connections.internal.DriverManagerConnectionProviderImpl HHH000115: Hibernate connection pool size: 20 (min=1)
[04-26 15:14:46,641, 4814] org.hibernate.dialect.Dialect HHH000400: Using dialect: org.hibernate.dialect.MySQLDialect
[04-26 15:14:48,413, 6586] org.hibernate.tool.hbm2ddl.SchemaUpdate HHH000228: Running hbm2ddl schema update
[04-26 15:15:19,043, 37216] account.AccountServiceImpl Сессия добавлена: {2, snach, pass1, gjghk}
[04-26 15:15:30,060, 48233] account.AccountServiceImpl Сессия добавлена: {1, test1, testpass1, filloh}
[04-26 15:15:42,551, 60724] frontend.GameWebSocket Socket created for snach
[04-26 15:17:19,842, 158015] frontend.GameWebSocket Socket created for test1
[04-26 15:17:28,767, 166940] frontend.GameWebSocket Closing socket status: 1001 reason: null
[04-26 15:18:02,779, 200952] frontend.GameWebSocket Socket created for test1
[04-26 15:18:09,954, 208127] frontend.GameWebSocket Socket created for snach
[04-26 15:18:19,995, 218168] game.GameMechanicsImpl игра завершена для : test1 и snach
[04-26 15:23:28,770, 526943] frontend.GameWebSocket Closing socket status: 1001 reason: Idle Timeout
[04-26 15:25:10,290, 628463] frontend.GameWebSocket Closing socket status: 1001 reason: Idle Timeout
[04-26 15:25:21,072, 639245] frontend.GameWebSocket Closing socket status: 1001 reason: Idle Timeout
